{
  "uid" : "173253ac05dc029b",
  "name" : "placeholder element",
  "fullName" : "TestsWithProperties: placeholder element",
  "historyId" : "93d928a9ab59f8b8c342662cccb19eaf",
  "time" : {
    "start" : 1630406425524,
    "stop" : 1630406436193,
    "duration" : 10669
  },
  "status" : "failed",
  "statusMessage" : "[40:36.191] Failed to execute 'IsAssert.attr' for element '#name(css='#name')' during '10' seconds. 40:35.581 Expected: is \"Input name\"\n     but: was \"\"",
  "statusTrace" : "java.lang.AssertionError: [40:36.191] Failed to execute 'IsAssert.attr' for element '#name(css='#name')' during '10' seconds. 40:35.581 Expected: is \"Input name\"\n     but: was \"\"\n\tat com.epam.jdi.light.common.Exceptions.exception(Exceptions.java:27)\n\tat com.epam.jdi.light.actions.ActionHelper.actionFailed(ActionHelper.java:383)\n\tat com.epam.jdi.tools.func.JFunc2.execute(JFunc2.java:19)\n\tat com.epam.jdi.light.actions.ActionProcessor.jdiAround(ActionProcessor.java:55)\n\tat com.epam.jdi.light.asserts.core.IsAssert.attr(IsAssert.java:37)\n\tat com.epam.jdi.bdd.JDISteps.placeholderEquals(JDISteps.java:197)\n\tat ✽.Then the \"Name\" placeholder equals to \"Input name\"(features/TestsWithProperties.feature:42)\nCaused by: java.lang.AssertionError: Failed to execute 'IsAssert.attr' for element '#name(css='#name')' during '10' seconds. 40:35.581 \nExpected: is \"Input name\"\n     but: was \"\"\n\tat com.epam.jdi.light.common.Exceptions.exception(Exceptions.java:27)\n\tat com.epam.jdi.light.actions.ActionHelper.stableAction(ActionHelper.java:638)\n\tat com.epam.jdi.light.actions.ActionProcessor.jdiAround(ActionProcessor.java:48)\n\tat com.epam.jdi.light.asserts.core.IsAssert.attr(IsAssert.java:37)\n\tat com.epam.jdi.bdd.JDISteps.placeholderEquals(JDISteps.java:197)\n\tat java.base/jdk.internal.reflect.NativeMethodAccessorImpl.invoke0(Native Method)\n\tat java.base/jdk.internal.reflect.NativeMethodAccessorImpl.invoke(NativeMethodAccessorImpl.java:62)\n\tat java.base/jdk.internal.reflect.DelegatingMethodAccessorImpl.invoke(DelegatingMethodAccessorImpl.java:43)\n\tat java.base/java.lang.reflect.Method.invoke(Method.java:564)\n\tat cucumber.runtime.Utils$1.call(Utils.java:40)\n\tat cucumber.runtime.Timeout.timeout(Timeout.java:16)\n\tat cucumber.runtime.Utils.invoke(Utils.java:34)\n\tat cucumber.runtime.java.JavaStepDefinition.execute(JavaStepDefinition.java:38)\n\tat cucumber.runtime.StepDefinitionMatch.runStep(StepDefinitionMatch.java:37)\n\tat cucumber.runtime.Runtime.runStep(Runtime.java:300)\n\tat cucumber.runtime.model.StepContainer.runStep(StepContainer.java:44)\n\tat cucumber.runtime.model.StepContainer.runSteps(StepContainer.java:39)\n\tat cucumber.runtime.model.CucumberScenario.run(CucumberScenario.java:44)\n\tat cucumber.runtime.junit.ExecutionUnitRunner.run(ExecutionUnitRunner.java:102)\n\tat cucumber.runtime.junit.FeatureRunner.runChild(FeatureRunner.java:63)\n\tat cucumber.runtime.junit.FeatureRunner.runChild(FeatureRunner.java:18)\n\tat org.junit.runners.ParentRunner$3.run(ParentRunner.java:290)\n\tat org.junit.runners.ParentRunner$1.schedule(ParentRunner.java:71)\n\tat org.junit.runners.ParentRunner.runChildren(ParentRunner.java:288)\n\tat org.junit.runners.ParentRunner.access$000(ParentRunner.java:58)\n\tat org.junit.runners.ParentRunner$2.evaluate(ParentRunner.java:268)\n\tat org.junit.runners.ParentRunner.run(ParentRunner.java:363)\n\tat cucumber.runtime.junit.FeatureRunner.run(FeatureRunner.java:70)\n\tat cucumber.api.junit.Cucumber.runChild(Cucumber.java:95)\n\tat cucumber.api.junit.Cucumber.runChild(Cucumber.java:38)\n\tat org.junit.runners.ParentRunner$3.run(ParentRunner.java:290)\n\tat org.junit.runners.ParentRunner$1.schedule(ParentRunner.java:71)\n\tat org.junit.runners.ParentRunner.runChildren(ParentRunner.java:288)\n\tat org.junit.runners.ParentRunner.access$000(ParentRunner.java:58)\n\tat org.junit.runners.ParentRunner$2.evaluate(ParentRunner.java:268)\n\tat org.junit.internal.runners.statements.RunBefores.evaluate(RunBefores.java:26)\n\tat org.junit.internal.runners.statements.RunAfters.evaluate(RunAfters.java:27)\n\tat org.junit.runners.ParentRunner.run(ParentRunner.java:363)\n\tat cucumber.api.junit.Cucumber.run(Cucumber.java:100)\n\tat org.apache.maven.surefire.junit4.JUnit4Provider.execute(JUnit4Provider.java:365)\n\tat org.apache.maven.surefire.junit4.JUnit4Provider.executeWithRerun(JUnit4Provider.java:273)\n\tat org.apache.maven.surefire.junit4.JUnit4Provider.executeTestSet(JUnit4Provider.java:238)\n\tat org.apache.maven.surefire.junit4.JUnit4Provider.invoke(JUnit4Provider.java:159)\n\tat org.apache.maven.surefire.booter.ForkedBooter.invokeProviderInSameClassLoader(ForkedBooter.java:384)\n\tat org.apache.maven.surefire.booter.ForkedBooter.runSuitesInProcess(ForkedBooter.java:345)\n\tat org.apache.maven.surefire.booter.ForkedBooter.execute(ForkedBooter.java:126)\n\tat org.apache.maven.surefire.booter.ForkedBooter.main(ForkedBooter.java:418)\nCaused by: java.lang.AssertionError: 40:35.581 \nExpected: is \"Input name\"\n     but: was \"\"\n\tat com.epam.jdi.light.common.Exceptions.exception(Exceptions.java:27)\n\tat com.epam.jdi.light.actions.ActionHelper.actionFailed(ActionHelper.java:383)\n\tat com.epam.jdi.tools.func.JFunc2.execute(JFunc2.java:19)\n\tat com.epam.jdi.light.actions.ActionProcessor.jdiAround(ActionProcessor.java:55)\n\tat com.epam.jdi.light.asserts.core.IsAssert.attr(IsAssert.java:32)\n\tat com.epam.jdi.light.asserts.core.IsAssert.attr_aroundBody8(IsAssert.java:37)\n\tat com.epam.jdi.light.asserts.core.IsAssert$AjcClosure9.run(IsAssert.java:1)\n\tat org.aspectj.runtime.reflect.JoinPointImpl.proceed(JoinPointImpl.java:167)\n\tat com.epam.jdi.light.actions.ActionObject.execute(ActionObject.java:60)\n\tat com.epam.jdi.light.actions.ActionHelper.stableAction(ActionHelper.java:626)\n\t... 45 more\nCaused by: java.lang.AssertionError: 40:35.581 \nExpected: is \"Input name\"\n     but: was \"\"\n\tat com.epam.jdi.light.asserts.core.SoftAssert.jdiAssert(SoftAssert.java:48)\n\tat com.epam.jdi.light.asserts.core.SoftAssert.jdiAssert(SoftAssert.java:59)\n\tat com.epam.jdi.light.asserts.core.IsAssert.attr_aroundBody6(IsAssert.java:33)\n\tat com.epam.jdi.light.asserts.core.IsAssert$AjcClosure7.run(IsAssert.java:1)\n\tat org.aspectj.runtime.reflect.JoinPointImpl.proceed(JoinPointImpl.java:167)\n\tat com.epam.jdi.light.actions.ActionObject.execute(ActionObject.java:60)\n\tat com.epam.jdi.light.actions.ActionHelper.defaultAction(ActionHelper.java:612)\n\tat com.epam.jdi.light.actions.ActionProcessor.jdiAround(ActionProcessor.java:49)\n\t... 51 more\n",
  "flaky" : false,
  "newFailed" : false,
  "beforeStages" : [ ],
  "testStage" : {
    "status" : "failed",
    "statusMessage" : "[40:36.191] Failed to execute 'IsAssert.attr' for element '#name(css='#name')' during '10' seconds. 40:35.581 Expected: is \"Input name\"\n     but: was \"\"",
    "statusTrace" : "java.lang.AssertionError: [40:36.191] Failed to execute 'IsAssert.attr' for element '#name(css='#name')' during '10' seconds. 40:35.581 Expected: is \"Input name\"\n     but: was \"\"\n\tat com.epam.jdi.light.common.Exceptions.exception(Exceptions.java:27)\n\tat com.epam.jdi.light.actions.ActionHelper.actionFailed(ActionHelper.java:383)\n\tat com.epam.jdi.tools.func.JFunc2.execute(JFunc2.java:19)\n\tat com.epam.jdi.light.actions.ActionProcessor.jdiAround(ActionProcessor.java:55)\n\tat com.epam.jdi.light.asserts.core.IsAssert.attr(IsAssert.java:37)\n\tat com.epam.jdi.bdd.JDISteps.placeholderEquals(JDISteps.java:197)\n\tat ✽.Then the \"Name\" placeholder equals to \"Input name\"(features/TestsWithProperties.feature:42)\nCaused by: java.lang.AssertionError: Failed to execute 'IsAssert.attr' for element '#name(css='#name')' during '10' seconds. 40:35.581 \nExpected: is \"Input name\"\n     but: was \"\"\n\tat com.epam.jdi.light.common.Exceptions.exception(Exceptions.java:27)\n\tat com.epam.jdi.light.actions.ActionHelper.stableAction(ActionHelper.java:638)\n\tat com.epam.jdi.light.actions.ActionProcessor.jdiAround(ActionProcessor.java:48)\n\tat com.epam.jdi.light.asserts.core.IsAssert.attr(IsAssert.java:37)\n\tat com.epam.jdi.bdd.JDISteps.placeholderEquals(JDISteps.java:197)\n\tat java.base/jdk.internal.reflect.NativeMethodAccessorImpl.invoke0(Native Method)\n\tat java.base/jdk.internal.reflect.NativeMethodAccessorImpl.invoke(NativeMethodAccessorImpl.java:62)\n\tat java.base/jdk.internal.reflect.DelegatingMethodAccessorImpl.invoke(DelegatingMethodAccessorImpl.java:43)\n\tat java.base/java.lang.reflect.Method.invoke(Method.java:564)\n\tat cucumber.runtime.Utils$1.call(Utils.java:40)\n\tat cucumber.runtime.Timeout.timeout(Timeout.java:16)\n\tat cucumber.runtime.Utils.invoke(Utils.java:34)\n\tat cucumber.runtime.java.JavaStepDefinition.execute(JavaStepDefinition.java:38)\n\tat cucumber.runtime.StepDefinitionMatch.runStep(StepDefinitionMatch.java:37)\n\tat cucumber.runtime.Runtime.runStep(Runtime.java:300)\n\tat cucumber.runtime.model.StepContainer.runStep(StepContainer.java:44)\n\tat cucumber.runtime.model.StepContainer.runSteps(StepContainer.java:39)\n\tat cucumber.runtime.model.CucumberScenario.run(CucumberScenario.java:44)\n\tat cucumber.runtime.junit.ExecutionUnitRunner.run(ExecutionUnitRunner.java:102)\n\tat cucumber.runtime.junit.FeatureRunner.runChild(FeatureRunner.java:63)\n\tat cucumber.runtime.junit.FeatureRunner.runChild(FeatureRunner.java:18)\n\tat org.junit.runners.ParentRunner$3.run(ParentRunner.java:290)\n\tat org.junit.runners.ParentRunner$1.schedule(ParentRunner.java:71)\n\tat org.junit.runners.ParentRunner.runChildren(ParentRunner.java:288)\n\tat org.junit.runners.ParentRunner.access$000(ParentRunner.java:58)\n\tat org.junit.runners.ParentRunner$2.evaluate(ParentRunner.java:268)\n\tat org.junit.runners.ParentRunner.run(ParentRunner.java:363)\n\tat cucumber.runtime.junit.FeatureRunner.run(FeatureRunner.java:70)\n\tat cucumber.api.junit.Cucumber.runChild(Cucumber.java:95)\n\tat cucumber.api.junit.Cucumber.runChild(Cucumber.java:38)\n\tat org.junit.runners.ParentRunner$3.run(ParentRunner.java:290)\n\tat org.junit.runners.ParentRunner$1.schedule(ParentRunner.java:71)\n\tat org.junit.runners.ParentRunner.runChildren(ParentRunner.java:288)\n\tat org.junit.runners.ParentRunner.access$000(ParentRunner.java:58)\n\tat org.junit.runners.ParentRunner$2.evaluate(ParentRunner.java:268)\n\tat org.junit.internal.runners.statements.RunBefores.evaluate(RunBefores.java:26)\n\tat org.junit.internal.runners.statements.RunAfters.evaluate(RunAfters.java:27)\n\tat org.junit.runners.ParentRunner.run(ParentRunner.java:363)\n\tat cucumber.api.junit.Cucumber.run(Cucumber.java:100)\n\tat org.apache.maven.surefire.junit4.JUnit4Provider.execute(JUnit4Provider.java:365)\n\tat org.apache.maven.surefire.junit4.JUnit4Provider.executeWithRerun(JUnit4Provider.java:273)\n\tat org.apache.maven.surefire.junit4.JUnit4Provider.executeTestSet(JUnit4Provider.java:238)\n\tat org.apache.maven.surefire.junit4.JUnit4Provider.invoke(JUnit4Provider.java:159)\n\tat org.apache.maven.surefire.booter.ForkedBooter.invokeProviderInSameClassLoader(ForkedBooter.java:384)\n\tat org.apache.maven.surefire.booter.ForkedBooter.runSuitesInProcess(ForkedBooter.java:345)\n\tat org.apache.maven.surefire.booter.ForkedBooter.execute(ForkedBooter.java:126)\n\tat org.apache.maven.surefire.booter.ForkedBooter.main(ForkedBooter.java:418)\nCaused by: java.lang.AssertionError: 40:35.581 \nExpected: is \"Input name\"\n     but: was \"\"\n\tat com.epam.jdi.light.common.Exceptions.exception(Exceptions.java:27)\n\tat com.epam.jdi.light.actions.ActionHelper.actionFailed(ActionHelper.java:383)\n\tat com.epam.jdi.tools.func.JFunc2.execute(JFunc2.java:19)\n\tat com.epam.jdi.light.actions.ActionProcessor.jdiAround(ActionProcessor.java:55)\n\tat com.epam.jdi.light.asserts.core.IsAssert.attr(IsAssert.java:32)\n\tat com.epam.jdi.light.asserts.core.IsAssert.attr_aroundBody8(IsAssert.java:37)\n\tat com.epam.jdi.light.asserts.core.IsAssert$AjcClosure9.run(IsAssert.java:1)\n\tat org.aspectj.runtime.reflect.JoinPointImpl.proceed(JoinPointImpl.java:167)\n\tat com.epam.jdi.light.actions.ActionObject.execute(ActionObject.java:60)\n\tat com.epam.jdi.light.actions.ActionHelper.stableAction(ActionHelper.java:626)\n\t... 45 more\nCaused by: java.lang.AssertionError: 40:35.581 \nExpected: is \"Input name\"\n     but: was \"\"\n\tat com.epam.jdi.light.asserts.core.SoftAssert.jdiAssert(SoftAssert.java:48)\n\tat com.epam.jdi.light.asserts.core.SoftAssert.jdiAssert(SoftAssert.java:59)\n\tat com.epam.jdi.light.asserts.core.IsAssert.attr_aroundBody6(IsAssert.java:33)\n\tat com.epam.jdi.light.asserts.core.IsAssert$AjcClosure7.run(IsAssert.java:1)\n\tat org.aspectj.runtime.reflect.JoinPointImpl.proceed(JoinPointImpl.java:167)\n\tat com.epam.jdi.light.actions.ActionObject.execute(ActionObject.java:60)\n\tat com.epam.jdi.light.actions.ActionHelper.defaultAction(ActionHelper.java:612)\n\tat com.epam.jdi.light.actions.ActionProcessor.jdiAround(ActionProcessor.java:49)\n\t... 51 more\n",
    "steps" : [ {
      "name" : "Given  I'm on \"Html5 Page\" page",
      "time" : {
        "start" : 1630406425524,
        "stop" : 1630406425535,
        "duration" : 11
      },
      "status" : "passed",
      "steps" : [ {
        "name" : "''(url=https://jdi-testing.github.io/jdi-light/html5.html) should be opened",
        "time" : {
          "start" : 1630406425524,
          "stop" : 1630406425535,
          "duration" : 11
        },
        "status" : "passed",
        "steps" : [ {
          "name" : "''(url=https://jdi-testing.github.io/jdi-light/html5.html) should be opened",
          "time" : {
            "start" : 1630406425530,
            "stop" : 1630406425535,
            "duration" : 5
          },
          "status" : "passed",
          "steps" : [ ],
          "attachments" : [ ],
          "parameters" : [ ],
          "stepsCount" : 0,
          "attachmentsCount" : 0,
          "shouldDisplayMessage" : false,
          "hasContent" : false
        } ],
        "attachments" : [ {
          "uid" : "1821b6acce55124c",
          "name" : "Details",
          "source" : "1821b6acce55124c.html",
          "type" : "text/plain",
          "size" : 126
        } ],
        "parameters" : [ ],
        "stepsCount" : 1,
        "attachmentsCount" : 1,
        "shouldDisplayMessage" : false,
        "hasContent" : true
      } ],
      "attachments" : [ ],
      "parameters" : [ ],
      "stepsCount" : 2,
      "attachmentsCount" : 1,
      "shouldDisplayMessage" : false,
      "hasContent" : true
    }, {
      "name" : "Then  the \"Name\" placeholder equals to \"Input name\"",
      "time" : {
        "start" : 1630406425535
      },
      "status" : "unknown",
      "steps" : [ {
        "name" : "Assert that '#name' attribute 'placeholder' is \"Input name\"",
        "time" : {
          "start" : 1630406425536,
          "stop" : 1630406436193,
          "duration" : 10657
        },
        "status" : "failed",
        "steps" : [ {
          "name" : "Assert that '#name' attribute 'placeholder' is \"Input name\"",
          "time" : {
            "start" : 1630406425540,
            "stop" : 1630406425621,
            "duration" : 81
          },
          "status" : "unknown",
          "steps" : [ ],
          "attachments" : [ ],
          "parameters" : [ ],
          "stepsCount" : 0,
          "attachmentsCount" : 0,
          "shouldDisplayMessage" : false,
          "hasContent" : false
        }, {
          "name" : "Failure details",
          "time" : {
            "start" : 1630406436184,
            "stop" : 1630406436185,
            "duration" : 1
          },
          "status" : "unknown",
          "steps" : [ ],
          "attachments" : [ {
            "uid" : "27b77074cc5f556e",
            "name" : "Screenshot",
            "source" : "27b77074cc5f556e.png",
            "type" : "image/png",
            "size" : 136151
          } ],
          "parameters" : [ ],
          "stepsCount" : 0,
          "attachmentsCount" : 1,
          "shouldDisplayMessage" : false,
          "hasContent" : true
        } ],
        "attachments" : [ {
          "uid" : "2039c0606c258155",
          "name" : "Details",
          "source" : "2039c0606c258155.html",
          "type" : "text/plain",
          "size" : 19
        } ],
        "parameters" : [ ],
        "stepsCount" : 2,
        "attachmentsCount" : 2,
        "shouldDisplayMessage" : false,
        "hasContent" : true
      } ],
      "attachments" : [ ],
      "parameters" : [ ],
      "stepsCount" : 3,
      "attachmentsCount" : 2,
      "shouldDisplayMessage" : false,
      "hasContent" : true
    } ],
    "attachments" : [ ],
    "parameters" : [ ],
    "stepsCount" : 7,
    "attachmentsCount" : 3,
    "shouldDisplayMessage" : true,
    "hasContent" : true
  },
  "afterStages" : [ ],
  "labels" : [ {
    "name" : "feature",
    "value" : "TestsWithProperties"
  }, {
    "name" : "story",
    "value" : "placeholder element"
  }, {
    "name" : "tag",
    "value" : "properties"
  }, {
    "name" : "host",
    "value" : "fv-az120-662"
  }, {
    "name" : "thread",
    "value" : "4335@fv-az120-662.main(1)"
  }, {
    "name" : "package",
    "value" : "TestsWithProperties"
  }, {
    "name" : "suite",
    "value" : "TestsWithProperties"
  }, {
    "name" : "testClass",
    "value" : "placeholder element"
  }, {
    "name" : "framework",
    "value" : "cucumberjvm"
  }, {
    "name" : "language",
    "value" : "java"
  }, {
    "name" : "resultFormat",
    "value" : "allure2"
  } ],
  "parameters" : [ ],
  "links" : [ ],
  "hidden" : false,
  "retry" : false,
  "extra" : {
    "severity" : "normal",
    "retries" : [ ],
    "categories" : [ {
      "name" : "Product defects",
      "matchedStatuses" : [ ],
      "flaky" : false
    } ],
    "history" : {
      "statistic" : {
        "failed" : 2,
        "broken" : 0,
        "skipped" : 0,
        "passed" : 0,
        "unknown" : 0,
        "total" : 2
      },
      "items" : [ {
        "uid" : "f55cd6e5d9477467",
        "reportUrl" : "https://jdi-templates.github.io/jdi-light-bdd-template/3//#testresult/f55cd6e5d9477467",
        "status" : "failed",
        "statusDetails" : "[32:51.554] Failed to execute 'IsAssert.attr' for element '#name(css='#name')' during '10' seconds. 32:50.963 Expected: is \"Input name\"\n     but: was \"\"",
        "time" : {
          "start" : 1630405960879,
          "stop" : 1630405971555,
          "duration" : 10676
        }
      } ]
    },
    "tags" : [ "properties" ]
  },
  "source" : "173253ac05dc029b.json",
  "parameterValues" : [ ]
}