{
  "uid" : "304f34349d5c6d3f",
  "name" : "isDisplayed element",
  "fullName" : "TestsWithProperties: isDisplayed element",
  "historyId" : "f700967daac9f374741613bfe06989e2",
  "time" : {
    "start" : 1630409285050,
    "stop" : 1630409295474,
    "duration" : 10424
  },
  "status" : "failed",
  "statusMessage" : "[28:15.472] Failed to execute 'IsAssert.displayed' for element '#name(css='#name')' during '10' seconds. 28:14.883 Expected: is \"displayed\"\n     but: was \"hidden\"",
  "statusTrace" : "java.lang.AssertionError: [28:15.472] Failed to execute 'IsAssert.displayed' for element '#name(css='#name')' during '10' seconds. 28:14.883 Expected: is \"displayed\"\n     but: was \"hidden\"\n\tat com.epam.jdi.light.common.Exceptions.exception(Exceptions.java:27)\n\tat com.epam.jdi.light.actions.ActionHelper.actionFailed(ActionHelper.java:383)\n\tat com.epam.jdi.tools.func.JFunc2.execute(JFunc2.java:19)\n\tat com.epam.jdi.light.actions.ActionProcessor.jdiAround(ActionProcessor.java:55)\n\tat com.epam.jdi.light.asserts.generic.UIAssert.displayed(UIAssert.java:27)\n\tat com.epam.jdi.light.asserts.generic.UIAssert.displayed(UIAssert.java:1)\n\tat com.epam.jdi.bdd.JDISteps.isDisplayed(JDISteps.java:267)\n\tat ✽.Then the \"Name\" is displayed(features/TestsWithProperties.feature:67)\nCaused by: java.lang.AssertionError: Failed to execute 'IsAssert.displayed' for element '#name(css='#name')' during '10' seconds. 28:14.883 \nExpected: is \"displayed\"\n     but: was \"hidden\"\n\tat com.epam.jdi.light.common.Exceptions.exception(Exceptions.java:27)\n\tat com.epam.jdi.light.actions.ActionHelper.stableAction(ActionHelper.java:638)\n\tat com.epam.jdi.light.actions.ActionProcessor.jdiAround(ActionProcessor.java:48)\n\tat com.epam.jdi.light.asserts.generic.UIAssert.displayed(UIAssert.java:27)\n\tat com.epam.jdi.light.asserts.generic.UIAssert.displayed(UIAssert.java:1)\n\tat com.epam.jdi.bdd.JDISteps.isDisplayed(JDISteps.java:267)\n\tat java.base/jdk.internal.reflect.NativeMethodAccessorImpl.invoke0(Native Method)\n\tat java.base/jdk.internal.reflect.NativeMethodAccessorImpl.invoke(NativeMethodAccessorImpl.java:64)\n\tat java.base/jdk.internal.reflect.DelegatingMethodAccessorImpl.invoke(DelegatingMethodAccessorImpl.java:43)\n\tat java.base/java.lang.reflect.Method.invoke(Method.java:564)\n\tat cucumber.runtime.Utils$1.call(Utils.java:40)\n\tat cucumber.runtime.Timeout.timeout(Timeout.java:16)\n\tat cucumber.runtime.Utils.invoke(Utils.java:34)\n\tat cucumber.runtime.java.JavaStepDefinition.execute(JavaStepDefinition.java:38)\n\tat cucumber.runtime.StepDefinitionMatch.runStep(StepDefinitionMatch.java:37)\n\tat cucumber.runtime.Runtime.runStep(Runtime.java:300)\n\tat cucumber.runtime.model.StepContainer.runStep(StepContainer.java:44)\n\tat cucumber.runtime.model.StepContainer.runSteps(StepContainer.java:39)\n\tat cucumber.runtime.model.CucumberScenario.run(CucumberScenario.java:44)\n\tat cucumber.runtime.junit.ExecutionUnitRunner.run(ExecutionUnitRunner.java:102)\n\tat cucumber.runtime.junit.FeatureRunner.runChild(FeatureRunner.java:63)\n\tat cucumber.runtime.junit.FeatureRunner.runChild(FeatureRunner.java:18)\n\tat org.junit.runners.ParentRunner$3.run(ParentRunner.java:290)\n\tat org.junit.runners.ParentRunner$1.schedule(ParentRunner.java:71)\n\tat org.junit.runners.ParentRunner.runChildren(ParentRunner.java:288)\n\tat org.junit.runners.ParentRunner.access$000(ParentRunner.java:58)\n\tat org.junit.runners.ParentRunner$2.evaluate(ParentRunner.java:268)\n\tat org.junit.runners.ParentRunner.run(ParentRunner.java:363)\n\tat cucumber.runtime.junit.FeatureRunner.run(FeatureRunner.java:70)\n\tat cucumber.api.junit.Cucumber.runChild(Cucumber.java:95)\n\tat cucumber.api.junit.Cucumber.runChild(Cucumber.java:38)\n\tat org.junit.runners.ParentRunner$3.run(ParentRunner.java:290)\n\tat org.junit.runners.ParentRunner$1.schedule(ParentRunner.java:71)\n\tat org.junit.runners.ParentRunner.runChildren(ParentRunner.java:288)\n\tat org.junit.runners.ParentRunner.access$000(ParentRunner.java:58)\n\tat org.junit.runners.ParentRunner$2.evaluate(ParentRunner.java:268)\n\tat org.junit.internal.runners.statements.RunBefores.evaluate(RunBefores.java:26)\n\tat org.junit.internal.runners.statements.RunAfters.evaluate(RunAfters.java:27)\n\tat org.junit.runners.ParentRunner.run(ParentRunner.java:363)\n\tat cucumber.api.junit.Cucumber.run(Cucumber.java:100)\n\tat org.apache.maven.surefire.junit4.JUnit4Provider.execute(JUnit4Provider.java:365)\n\tat org.apache.maven.surefire.junit4.JUnit4Provider.executeWithRerun(JUnit4Provider.java:273)\n\tat org.apache.maven.surefire.junit4.JUnit4Provider.executeTestSet(JUnit4Provider.java:238)\n\tat org.apache.maven.surefire.junit4.JUnit4Provider.invoke(JUnit4Provider.java:159)\n\tat org.apache.maven.surefire.booter.ForkedBooter.invokeProviderInSameClassLoader(ForkedBooter.java:384)\n\tat org.apache.maven.surefire.booter.ForkedBooter.runSuitesInProcess(ForkedBooter.java:345)\n\tat org.apache.maven.surefire.booter.ForkedBooter.execute(ForkedBooter.java:126)\n\tat org.apache.maven.surefire.booter.ForkedBooter.main(ForkedBooter.java:418)\nCaused by: java.lang.AssertionError: 28:14.883 \nExpected: is \"displayed\"\n     but: was \"hidden\"\n\tat com.epam.jdi.light.asserts.core.SoftAssert.jdiAssert(SoftAssert.java:48)\n\tat com.epam.jdi.light.asserts.core.SoftAssert.jdiAssert(SoftAssert.java:59)\n\tat com.epam.jdi.light.asserts.generic.UIAssert.displayed_aroundBody2(UIAssert.java:28)\n\tat com.epam.jdi.light.asserts.generic.UIAssert$AjcClosure3.run(UIAssert.java:1)\n\tat org.aspectj.runtime.reflect.JoinPointImpl.proceed(JoinPointImpl.java:167)\n\tat com.epam.jdi.light.actions.ActionObject.execute(ActionObject.java:60)\n\tat com.epam.jdi.light.actions.ActionHelper.stableAction(ActionHelper.java:626)\n\t... 46 more\n",
  "flaky" : false,
  "newFailed" : false,
  "beforeStages" : [ ],
  "testStage" : {
    "status" : "failed",
    "statusMessage" : "[28:15.472] Failed to execute 'IsAssert.displayed' for element '#name(css='#name')' during '10' seconds. 28:14.883 Expected: is \"displayed\"\n     but: was \"hidden\"",
    "statusTrace" : "java.lang.AssertionError: [28:15.472] Failed to execute 'IsAssert.displayed' for element '#name(css='#name')' during '10' seconds. 28:14.883 Expected: is \"displayed\"\n     but: was \"hidden\"\n\tat com.epam.jdi.light.common.Exceptions.exception(Exceptions.java:27)\n\tat com.epam.jdi.light.actions.ActionHelper.actionFailed(ActionHelper.java:383)\n\tat com.epam.jdi.tools.func.JFunc2.execute(JFunc2.java:19)\n\tat com.epam.jdi.light.actions.ActionProcessor.jdiAround(ActionProcessor.java:55)\n\tat com.epam.jdi.light.asserts.generic.UIAssert.displayed(UIAssert.java:27)\n\tat com.epam.jdi.light.asserts.generic.UIAssert.displayed(UIAssert.java:1)\n\tat com.epam.jdi.bdd.JDISteps.isDisplayed(JDISteps.java:267)\n\tat ✽.Then the \"Name\" is displayed(features/TestsWithProperties.feature:67)\nCaused by: java.lang.AssertionError: Failed to execute 'IsAssert.displayed' for element '#name(css='#name')' during '10' seconds. 28:14.883 \nExpected: is \"displayed\"\n     but: was \"hidden\"\n\tat com.epam.jdi.light.common.Exceptions.exception(Exceptions.java:27)\n\tat com.epam.jdi.light.actions.ActionHelper.stableAction(ActionHelper.java:638)\n\tat com.epam.jdi.light.actions.ActionProcessor.jdiAround(ActionProcessor.java:48)\n\tat com.epam.jdi.light.asserts.generic.UIAssert.displayed(UIAssert.java:27)\n\tat com.epam.jdi.light.asserts.generic.UIAssert.displayed(UIAssert.java:1)\n\tat com.epam.jdi.bdd.JDISteps.isDisplayed(JDISteps.java:267)\n\tat java.base/jdk.internal.reflect.NativeMethodAccessorImpl.invoke0(Native Method)\n\tat java.base/jdk.internal.reflect.NativeMethodAccessorImpl.invoke(NativeMethodAccessorImpl.java:64)\n\tat java.base/jdk.internal.reflect.DelegatingMethodAccessorImpl.invoke(DelegatingMethodAccessorImpl.java:43)\n\tat java.base/java.lang.reflect.Method.invoke(Method.java:564)\n\tat cucumber.runtime.Utils$1.call(Utils.java:40)\n\tat cucumber.runtime.Timeout.timeout(Timeout.java:16)\n\tat cucumber.runtime.Utils.invoke(Utils.java:34)\n\tat cucumber.runtime.java.JavaStepDefinition.execute(JavaStepDefinition.java:38)\n\tat cucumber.runtime.StepDefinitionMatch.runStep(StepDefinitionMatch.java:37)\n\tat cucumber.runtime.Runtime.runStep(Runtime.java:300)\n\tat cucumber.runtime.model.StepContainer.runStep(StepContainer.java:44)\n\tat cucumber.runtime.model.StepContainer.runSteps(StepContainer.java:39)\n\tat cucumber.runtime.model.CucumberScenario.run(CucumberScenario.java:44)\n\tat cucumber.runtime.junit.ExecutionUnitRunner.run(ExecutionUnitRunner.java:102)\n\tat cucumber.runtime.junit.FeatureRunner.runChild(FeatureRunner.java:63)\n\tat cucumber.runtime.junit.FeatureRunner.runChild(FeatureRunner.java:18)\n\tat org.junit.runners.ParentRunner$3.run(ParentRunner.java:290)\n\tat org.junit.runners.ParentRunner$1.schedule(ParentRunner.java:71)\n\tat org.junit.runners.ParentRunner.runChildren(ParentRunner.java:288)\n\tat org.junit.runners.ParentRunner.access$000(ParentRunner.java:58)\n\tat org.junit.runners.ParentRunner$2.evaluate(ParentRunner.java:268)\n\tat org.junit.runners.ParentRunner.run(ParentRunner.java:363)\n\tat cucumber.runtime.junit.FeatureRunner.run(FeatureRunner.java:70)\n\tat cucumber.api.junit.Cucumber.runChild(Cucumber.java:95)\n\tat cucumber.api.junit.Cucumber.runChild(Cucumber.java:38)\n\tat org.junit.runners.ParentRunner$3.run(ParentRunner.java:290)\n\tat org.junit.runners.ParentRunner$1.schedule(ParentRunner.java:71)\n\tat org.junit.runners.ParentRunner.runChildren(ParentRunner.java:288)\n\tat org.junit.runners.ParentRunner.access$000(ParentRunner.java:58)\n\tat org.junit.runners.ParentRunner$2.evaluate(ParentRunner.java:268)\n\tat org.junit.internal.runners.statements.RunBefores.evaluate(RunBefores.java:26)\n\tat org.junit.internal.runners.statements.RunAfters.evaluate(RunAfters.java:27)\n\tat org.junit.runners.ParentRunner.run(ParentRunner.java:363)\n\tat cucumber.api.junit.Cucumber.run(Cucumber.java:100)\n\tat org.apache.maven.surefire.junit4.JUnit4Provider.execute(JUnit4Provider.java:365)\n\tat org.apache.maven.surefire.junit4.JUnit4Provider.executeWithRerun(JUnit4Provider.java:273)\n\tat org.apache.maven.surefire.junit4.JUnit4Provider.executeTestSet(JUnit4Provider.java:238)\n\tat org.apache.maven.surefire.junit4.JUnit4Provider.invoke(JUnit4Provider.java:159)\n\tat org.apache.maven.surefire.booter.ForkedBooter.invokeProviderInSameClassLoader(ForkedBooter.java:384)\n\tat org.apache.maven.surefire.booter.ForkedBooter.runSuitesInProcess(ForkedBooter.java:345)\n\tat org.apache.maven.surefire.booter.ForkedBooter.execute(ForkedBooter.java:126)\n\tat org.apache.maven.surefire.booter.ForkedBooter.main(ForkedBooter.java:418)\nCaused by: java.lang.AssertionError: 28:14.883 \nExpected: is \"displayed\"\n     but: was \"hidden\"\n\tat com.epam.jdi.light.asserts.core.SoftAssert.jdiAssert(SoftAssert.java:48)\n\tat com.epam.jdi.light.asserts.core.SoftAssert.jdiAssert(SoftAssert.java:59)\n\tat com.epam.jdi.light.asserts.generic.UIAssert.displayed_aroundBody2(UIAssert.java:28)\n\tat com.epam.jdi.light.asserts.generic.UIAssert$AjcClosure3.run(UIAssert.java:1)\n\tat org.aspectj.runtime.reflect.JoinPointImpl.proceed(JoinPointImpl.java:167)\n\tat com.epam.jdi.light.actions.ActionObject.execute(ActionObject.java:60)\n\tat com.epam.jdi.light.actions.ActionHelper.stableAction(ActionHelper.java:626)\n\t... 46 more\n",
    "steps" : [ {
      "name" : "Given  I'm on \"Html5 Page\" page",
      "time" : {
        "start" : 1630409285051,
        "stop" : 1630409285060,
        "duration" : 9
      },
      "status" : "passed",
      "steps" : [ {
        "name" : "''(url=https://jdi-testing.github.io/jdi-light/html5.html) should be opened",
        "time" : {
          "start" : 1630409285051,
          "stop" : 1630409285060,
          "duration" : 9
        },
        "status" : "passed",
        "steps" : [ {
          "name" : "''(url=https://jdi-testing.github.io/jdi-light/html5.html) should be opened",
          "time" : {
            "start" : 1630409285056,
            "stop" : 1630409285060,
            "duration" : 4
          },
          "status" : "passed",
          "steps" : [ ],
          "attachments" : [ ],
          "parameters" : [ ],
          "stepsCount" : 0,
          "attachmentsCount" : 0,
          "shouldDisplayMessage" : false,
          "hasContent" : false
        } ],
        "attachments" : [ {
          "uid" : "6aca5de190a5d3ae",
          "name" : "Details",
          "source" : "6aca5de190a5d3ae.html",
          "type" : "text/plain",
          "size" : 126
        } ],
        "parameters" : [ ],
        "stepsCount" : 1,
        "attachmentsCount" : 1,
        "shouldDisplayMessage" : false,
        "hasContent" : true
      } ],
      "attachments" : [ ],
      "parameters" : [ ],
      "stepsCount" : 2,
      "attachmentsCount" : 1,
      "shouldDisplayMessage" : false,
      "hasContent" : true
    }, {
      "name" : "Then  the \"Name\" is displayed",
      "time" : {
        "start" : 1630409285060
      },
      "status" : "unknown",
      "steps" : [ {
        "name" : "Assert that '#name' is displayed",
        "time" : {
          "start" : 1630409285061,
          "stop" : 1630409295474,
          "duration" : 10413
        },
        "status" : "failed",
        "steps" : [ {
          "name" : "Check that '#name' is displayed",
          "time" : {
            "start" : 1630409285064,
            "stop" : 1630409285146,
            "duration" : 82
          },
          "status" : "passed",
          "steps" : [ ],
          "attachments" : [ {
            "uid" : "25256ab5ad954d7f",
            "name" : "Actual result",
            "source" : "25256ab5ad954d7f.html",
            "type" : "text/plain",
            "size" : 5
          } ],
          "parameters" : [ ],
          "stepsCount" : 0,
          "attachmentsCount" : 1,
          "shouldDisplayMessage" : false,
          "hasContent" : true
        }, {
          "name" : "Failure details",
          "time" : {
            "start" : 1630409295467,
            "stop" : 1630409295467,
            "duration" : 0
          },
          "status" : "unknown",
          "steps" : [ ],
          "attachments" : [ {
            "uid" : "51c093bc48fd3ae5",
            "name" : "Screenshot",
            "source" : "51c093bc48fd3ae5.png",
            "type" : "image/png",
            "size" : 136151
          } ],
          "parameters" : [ ],
          "stepsCount" : 0,
          "attachmentsCount" : 1,
          "shouldDisplayMessage" : false,
          "hasContent" : true
        } ],
        "attachments" : [ {
          "uid" : "b6453ec144cd2087",
          "name" : "Details",
          "source" : "b6453ec144cd2087.html",
          "type" : "text/plain",
          "size" : 19
        } ],
        "parameters" : [ ],
        "stepsCount" : 2,
        "attachmentsCount" : 3,
        "shouldDisplayMessage" : false,
        "hasContent" : true
      } ],
      "attachments" : [ ],
      "parameters" : [ ],
      "stepsCount" : 3,
      "attachmentsCount" : 3,
      "shouldDisplayMessage" : false,
      "hasContent" : true
    } ],
    "attachments" : [ ],
    "parameters" : [ ],
    "stepsCount" : 7,
    "attachmentsCount" : 4,
    "shouldDisplayMessage" : true,
    "hasContent" : true
  },
  "afterStages" : [ ],
  "labels" : [ {
    "name" : "feature",
    "value" : "TestsWithProperties"
  }, {
    "name" : "story",
    "value" : "isDisplayed element"
  }, {
    "name" : "tag",
    "value" : "properties"
  }, {
    "name" : "host",
    "value" : "fv-az281-178"
  }, {
    "name" : "thread",
    "value" : "4350@fv-az281-178.main(1)"
  }, {
    "name" : "package",
    "value" : "TestsWithProperties"
  }, {
    "name" : "suite",
    "value" : "TestsWithProperties"
  }, {
    "name" : "testClass",
    "value" : "isDisplayed element"
  }, {
    "name" : "framework",
    "value" : "cucumberjvm"
  }, {
    "name" : "language",
    "value" : "java"
  }, {
    "name" : "resultFormat",
    "value" : "allure2"
  } ],
  "parameters" : [ ],
  "links" : [ ],
  "hidden" : false,
  "retry" : false,
  "extra" : {
    "severity" : "normal",
    "retries" : [ ],
    "categories" : [ {
      "name" : "Product defects",
      "matchedStatuses" : [ ],
      "flaky" : false
    } ],
    "history" : {
      "statistic" : {
        "failed" : 8,
        "broken" : 0,
        "skipped" : 0,
        "passed" : 0,
        "unknown" : 0,
        "total" : 8
      },
      "items" : [ {
        "uid" : "1a9a13890bd24e30",
        "reportUrl" : "https://jdi-templates.github.io/jdi-light-bdd-template/3//#testresult/1a9a13890bd24e30",
        "status" : "failed",
        "statusDetails" : "[20:25.177] Failed to execute 'IsAssert.displayed' for element '#name(css='#name')' during '10' seconds. 20:24.572 Expected: is \"displayed\"\n     but: was \"hidden\"",
        "time" : {
          "start" : 1630408814544,
          "stop" : 1630408825179,
          "duration" : 10635
        }
      }, {
        "uid" : "65ed27be073658d3",
        "reportUrl" : "https://jdi-templates.github.io/jdi-light-bdd-template/3//#testresult/65ed27be073658d3",
        "status" : "failed",
        "statusDetails" : "[12:31.288] Failed to execute 'IsAssert.displayed' for element '#name(css='#name')' during '10' seconds. 12:30.672 Expected: is \"displayed\"\n     but: was \"hidden\"",
        "time" : {
          "start" : 1630408340746,
          "stop" : 1630408351291,
          "duration" : 10545
        }
      }, {
        "uid" : "7842b7dc57fe64ea",
        "reportUrl" : "https://jdi-templates.github.io/jdi-light-bdd-template/3//#testresult/7842b7dc57fe64ea",
        "status" : "failed",
        "statusDetails" : "[04:38.681] Failed to execute 'IsAssert.displayed' for element '#name(css='#name')' during '10' seconds. 04:38.080 Expected: is \"displayed\"\n     but: was \"hidden\"",
        "time" : {
          "start" : 1630407868165,
          "stop" : 1630407878682,
          "duration" : 10517
        }
      }, {
        "uid" : "36be0ac2b12ee639",
        "reportUrl" : "https://jdi-templates.github.io/jdi-light-bdd-template/3//#testresult/36be0ac2b12ee639",
        "status" : "failed",
        "statusDetails" : "[56:41.104] Failed to execute 'IsAssert.displayed' for element '#name(css='#name')' during '10' seconds. 56:40.469 Expected: is \"displayed\"\n     but: was \"hidden\"",
        "time" : {
          "start" : 1630407390483,
          "stop" : 1630407401106,
          "duration" : 10623
        }
      }, {
        "uid" : "b6c17bffe0b1b10f",
        "reportUrl" : "https://jdi-templates.github.io/jdi-light-bdd-template/3//#testresult/b6c17bffe0b1b10f",
        "status" : "failed",
        "statusDetails" : "[48:45.742] Failed to execute 'IsAssert.displayed' for element '#name(css='#name')' during '10' seconds. 48:45.152 Expected: is \"displayed\"\n     but: was \"hidden\"",
        "time" : {
          "start" : 1630406915092,
          "stop" : 1630406925750,
          "duration" : 10658
        }
      }, {
        "uid" : "4620404d5118faa5",
        "reportUrl" : "https://jdi-templates.github.io/jdi-light-bdd-template/3//#testresult/4620404d5118faa5",
        "status" : "failed",
        "statusDetails" : "[41:08.323] Failed to execute 'IsAssert.displayed' for element '#name(css='#name')' during '10' seconds. 41:07.723 Expected: is \"displayed\"\n     but: was \"hidden\"",
        "time" : {
          "start" : 1630406457764,
          "stop" : 1630406468325,
          "duration" : 10561
        }
      }, {
        "uid" : "b47ae8860492c3f7",
        "reportUrl" : "https://jdi-templates.github.io/jdi-light-bdd-template/3//#testresult/b47ae8860492c3f7",
        "status" : "failed",
        "statusDetails" : "[33:23.886] Failed to execute 'IsAssert.displayed' for element '#name(css='#name')' during '10' seconds. 33:23.296 Expected: is \"displayed\"\n     but: was \"hidden\"",
        "time" : {
          "start" : 1630405993324,
          "stop" : 1630406003889,
          "duration" : 10565
        }
      } ]
    },
    "tags" : [ "properties" ]
  },
  "source" : "304f34349d5c6d3f.json",
  "parameterValues" : [ ]
}