{
  "uid" : "94f55d0606096d9c",
  "name" : "placeholder element",
  "fullName" : "TestsWithName: placeholder element",
  "historyId" : "2571908ff8b7c40b679ba8d1a01a2a35",
  "time" : {
    "start" : 1630408209109,
    "stop" : 1630408219794,
    "duration" : 10685
  },
  "status" : "failed",
  "statusMessage" : "[10:19.789] Failed to execute 'IsAssert.attr' for element '#name(css='#name')' during '10' seconds. 10:19.160 Expected: is \"Input name\"\n     but: was \"\"",
  "statusTrace" : "java.lang.AssertionError: [10:19.789] Failed to execute 'IsAssert.attr' for element '#name(css='#name')' during '10' seconds. 10:19.160 Expected: is \"Input name\"\n     but: was \"\"\n\tat com.epam.jdi.light.common.Exceptions.exception(Exceptions.java:27)\n\tat com.epam.jdi.light.actions.ActionHelper.actionFailed(ActionHelper.java:383)\n\tat com.epam.jdi.tools.func.JFunc2.execute(JFunc2.java:19)\n\tat com.epam.jdi.light.actions.ActionProcessor.jdiAround(ActionProcessor.java:55)\n\tat com.epam.jdi.light.asserts.core.IsAssert.attr(IsAssert.java:37)\n\tat com.epam.jdi.bdd.JDISteps.placeholderEquals(JDISteps.java:197)\n\tat ✽.Then the \"Name\" placeholder equals to \"Input name\"(features/TestsWithName.feature:42)\nCaused by: java.lang.AssertionError: Failed to execute 'IsAssert.attr' for element '#name(css='#name')' during '10' seconds. 10:19.160 \nExpected: is \"Input name\"\n     but: was \"\"\n\tat com.epam.jdi.light.common.Exceptions.exception(Exceptions.java:27)\n\tat com.epam.jdi.light.actions.ActionHelper.stableAction(ActionHelper.java:638)\n\tat com.epam.jdi.light.actions.ActionProcessor.jdiAround(ActionProcessor.java:48)\n\tat com.epam.jdi.light.asserts.core.IsAssert.attr(IsAssert.java:37)\n\tat com.epam.jdi.bdd.JDISteps.placeholderEquals(JDISteps.java:197)\n\tat java.base/jdk.internal.reflect.NativeMethodAccessorImpl.invoke0(Native Method)\n\tat java.base/jdk.internal.reflect.NativeMethodAccessorImpl.invoke(NativeMethodAccessorImpl.java:62)\n\tat java.base/jdk.internal.reflect.DelegatingMethodAccessorImpl.invoke(DelegatingMethodAccessorImpl.java:43)\n\tat java.base/java.lang.reflect.Method.invoke(Method.java:567)\n\tat cucumber.runtime.Utils$1.call(Utils.java:40)\n\tat cucumber.runtime.Timeout.timeout(Timeout.java:16)\n\tat cucumber.runtime.Utils.invoke(Utils.java:34)\n\tat cucumber.runtime.java.JavaStepDefinition.execute(JavaStepDefinition.java:38)\n\tat cucumber.runtime.StepDefinitionMatch.runStep(StepDefinitionMatch.java:37)\n\tat cucumber.runtime.Runtime.runStep(Runtime.java:300)\n\tat cucumber.runtime.model.StepContainer.runStep(StepContainer.java:44)\n\tat cucumber.runtime.model.StepContainer.runSteps(StepContainer.java:39)\n\tat cucumber.runtime.model.CucumberScenario.run(CucumberScenario.java:44)\n\tat cucumber.runtime.junit.ExecutionUnitRunner.run(ExecutionUnitRunner.java:102)\n\tat cucumber.runtime.junit.FeatureRunner.runChild(FeatureRunner.java:63)\n\tat cucumber.runtime.junit.FeatureRunner.runChild(FeatureRunner.java:18)\n\tat org.junit.runners.ParentRunner$3.run(ParentRunner.java:290)\n\tat org.junit.runners.ParentRunner$1.schedule(ParentRunner.java:71)\n\tat org.junit.runners.ParentRunner.runChildren(ParentRunner.java:288)\n\tat org.junit.runners.ParentRunner.access$000(ParentRunner.java:58)\n\tat org.junit.runners.ParentRunner$2.evaluate(ParentRunner.java:268)\n\tat org.junit.runners.ParentRunner.run(ParentRunner.java:363)\n\tat cucumber.runtime.junit.FeatureRunner.run(FeatureRunner.java:70)\n\tat cucumber.api.junit.Cucumber.runChild(Cucumber.java:95)\n\tat cucumber.api.junit.Cucumber.runChild(Cucumber.java:38)\n\tat org.junit.runners.ParentRunner$3.run(ParentRunner.java:290)\n\tat org.junit.runners.ParentRunner$1.schedule(ParentRunner.java:71)\n\tat org.junit.runners.ParentRunner.runChildren(ParentRunner.java:288)\n\tat org.junit.runners.ParentRunner.access$000(ParentRunner.java:58)\n\tat org.junit.runners.ParentRunner$2.evaluate(ParentRunner.java:268)\n\tat org.junit.internal.runners.statements.RunBefores.evaluate(RunBefores.java:26)\n\tat org.junit.internal.runners.statements.RunAfters.evaluate(RunAfters.java:27)\n\tat org.junit.runners.ParentRunner.run(ParentRunner.java:363)\n\tat cucumber.api.junit.Cucumber.run(Cucumber.java:100)\n\tat org.apache.maven.surefire.junit4.JUnit4Provider.execute(JUnit4Provider.java:365)\n\tat org.apache.maven.surefire.junit4.JUnit4Provider.executeWithRerun(JUnit4Provider.java:273)\n\tat org.apache.maven.surefire.junit4.JUnit4Provider.executeTestSet(JUnit4Provider.java:238)\n\tat org.apache.maven.surefire.junit4.JUnit4Provider.invoke(JUnit4Provider.java:159)\n\tat org.apache.maven.surefire.booter.ForkedBooter.invokeProviderInSameClassLoader(ForkedBooter.java:384)\n\tat org.apache.maven.surefire.booter.ForkedBooter.runSuitesInProcess(ForkedBooter.java:345)\n\tat org.apache.maven.surefire.booter.ForkedBooter.execute(ForkedBooter.java:126)\n\tat org.apache.maven.surefire.booter.ForkedBooter.main(ForkedBooter.java:418)\nCaused by: java.lang.AssertionError: 10:19.160 \nExpected: is \"Input name\"\n     but: was \"\"\n\tat com.epam.jdi.light.common.Exceptions.exception(Exceptions.java:27)\n\tat com.epam.jdi.light.actions.ActionHelper.actionFailed(ActionHelper.java:383)\n\tat com.epam.jdi.tools.func.JFunc2.execute(JFunc2.java:19)\n\tat com.epam.jdi.light.actions.ActionProcessor.jdiAround(ActionProcessor.java:55)\n\tat com.epam.jdi.light.asserts.core.IsAssert.attr(IsAssert.java:32)\n\tat com.epam.jdi.light.asserts.core.IsAssert.attr_aroundBody8(IsAssert.java:37)\n\tat com.epam.jdi.light.asserts.core.IsAssert$AjcClosure9.run(IsAssert.java:1)\n\tat org.aspectj.runtime.reflect.JoinPointImpl.proceed(JoinPointImpl.java:167)\n\tat com.epam.jdi.light.actions.ActionObject.execute(ActionObject.java:60)\n\tat com.epam.jdi.light.actions.ActionHelper.stableAction(ActionHelper.java:626)\n\t... 45 more\nCaused by: java.lang.AssertionError: 10:19.160 \nExpected: is \"Input name\"\n     but: was \"\"\n\tat com.epam.jdi.light.asserts.core.SoftAssert.jdiAssert(SoftAssert.java:48)\n\tat com.epam.jdi.light.asserts.core.SoftAssert.jdiAssert(SoftAssert.java:59)\n\tat com.epam.jdi.light.asserts.core.IsAssert.attr_aroundBody6(IsAssert.java:33)\n\tat com.epam.jdi.light.asserts.core.IsAssert$AjcClosure7.run(IsAssert.java:1)\n\tat org.aspectj.runtime.reflect.JoinPointImpl.proceed(JoinPointImpl.java:167)\n\tat com.epam.jdi.light.actions.ActionObject.execute(ActionObject.java:60)\n\tat com.epam.jdi.light.actions.ActionHelper.defaultAction(ActionHelper.java:612)\n\tat com.epam.jdi.light.actions.ActionProcessor.jdiAround(ActionProcessor.java:49)\n\t... 51 more\n",
  "flaky" : false,
  "newFailed" : false,
  "beforeStages" : [ ],
  "testStage" : {
    "status" : "failed",
    "statusMessage" : "[10:19.789] Failed to execute 'IsAssert.attr' for element '#name(css='#name')' during '10' seconds. 10:19.160 Expected: is \"Input name\"\n     but: was \"\"",
    "statusTrace" : "java.lang.AssertionError: [10:19.789] Failed to execute 'IsAssert.attr' for element '#name(css='#name')' during '10' seconds. 10:19.160 Expected: is \"Input name\"\n     but: was \"\"\n\tat com.epam.jdi.light.common.Exceptions.exception(Exceptions.java:27)\n\tat com.epam.jdi.light.actions.ActionHelper.actionFailed(ActionHelper.java:383)\n\tat com.epam.jdi.tools.func.JFunc2.execute(JFunc2.java:19)\n\tat com.epam.jdi.light.actions.ActionProcessor.jdiAround(ActionProcessor.java:55)\n\tat com.epam.jdi.light.asserts.core.IsAssert.attr(IsAssert.java:37)\n\tat com.epam.jdi.bdd.JDISteps.placeholderEquals(JDISteps.java:197)\n\tat ✽.Then the \"Name\" placeholder equals to \"Input name\"(features/TestsWithName.feature:42)\nCaused by: java.lang.AssertionError: Failed to execute 'IsAssert.attr' for element '#name(css='#name')' during '10' seconds. 10:19.160 \nExpected: is \"Input name\"\n     but: was \"\"\n\tat com.epam.jdi.light.common.Exceptions.exception(Exceptions.java:27)\n\tat com.epam.jdi.light.actions.ActionHelper.stableAction(ActionHelper.java:638)\n\tat com.epam.jdi.light.actions.ActionProcessor.jdiAround(ActionProcessor.java:48)\n\tat com.epam.jdi.light.asserts.core.IsAssert.attr(IsAssert.java:37)\n\tat com.epam.jdi.bdd.JDISteps.placeholderEquals(JDISteps.java:197)\n\tat java.base/jdk.internal.reflect.NativeMethodAccessorImpl.invoke0(Native Method)\n\tat java.base/jdk.internal.reflect.NativeMethodAccessorImpl.invoke(NativeMethodAccessorImpl.java:62)\n\tat java.base/jdk.internal.reflect.DelegatingMethodAccessorImpl.invoke(DelegatingMethodAccessorImpl.java:43)\n\tat java.base/java.lang.reflect.Method.invoke(Method.java:567)\n\tat cucumber.runtime.Utils$1.call(Utils.java:40)\n\tat cucumber.runtime.Timeout.timeout(Timeout.java:16)\n\tat cucumber.runtime.Utils.invoke(Utils.java:34)\n\tat cucumber.runtime.java.JavaStepDefinition.execute(JavaStepDefinition.java:38)\n\tat cucumber.runtime.StepDefinitionMatch.runStep(StepDefinitionMatch.java:37)\n\tat cucumber.runtime.Runtime.runStep(Runtime.java:300)\n\tat cucumber.runtime.model.StepContainer.runStep(StepContainer.java:44)\n\tat cucumber.runtime.model.StepContainer.runSteps(StepContainer.java:39)\n\tat cucumber.runtime.model.CucumberScenario.run(CucumberScenario.java:44)\n\tat cucumber.runtime.junit.ExecutionUnitRunner.run(ExecutionUnitRunner.java:102)\n\tat cucumber.runtime.junit.FeatureRunner.runChild(FeatureRunner.java:63)\n\tat cucumber.runtime.junit.FeatureRunner.runChild(FeatureRunner.java:18)\n\tat org.junit.runners.ParentRunner$3.run(ParentRunner.java:290)\n\tat org.junit.runners.ParentRunner$1.schedule(ParentRunner.java:71)\n\tat org.junit.runners.ParentRunner.runChildren(ParentRunner.java:288)\n\tat org.junit.runners.ParentRunner.access$000(ParentRunner.java:58)\n\tat org.junit.runners.ParentRunner$2.evaluate(ParentRunner.java:268)\n\tat org.junit.runners.ParentRunner.run(ParentRunner.java:363)\n\tat cucumber.runtime.junit.FeatureRunner.run(FeatureRunner.java:70)\n\tat cucumber.api.junit.Cucumber.runChild(Cucumber.java:95)\n\tat cucumber.api.junit.Cucumber.runChild(Cucumber.java:38)\n\tat org.junit.runners.ParentRunner$3.run(ParentRunner.java:290)\n\tat org.junit.runners.ParentRunner$1.schedule(ParentRunner.java:71)\n\tat org.junit.runners.ParentRunner.runChildren(ParentRunner.java:288)\n\tat org.junit.runners.ParentRunner.access$000(ParentRunner.java:58)\n\tat org.junit.runners.ParentRunner$2.evaluate(ParentRunner.java:268)\n\tat org.junit.internal.runners.statements.RunBefores.evaluate(RunBefores.java:26)\n\tat org.junit.internal.runners.statements.RunAfters.evaluate(RunAfters.java:27)\n\tat org.junit.runners.ParentRunner.run(ParentRunner.java:363)\n\tat cucumber.api.junit.Cucumber.run(Cucumber.java:100)\n\tat org.apache.maven.surefire.junit4.JUnit4Provider.execute(JUnit4Provider.java:365)\n\tat org.apache.maven.surefire.junit4.JUnit4Provider.executeWithRerun(JUnit4Provider.java:273)\n\tat org.apache.maven.surefire.junit4.JUnit4Provider.executeTestSet(JUnit4Provider.java:238)\n\tat org.apache.maven.surefire.junit4.JUnit4Provider.invoke(JUnit4Provider.java:159)\n\tat org.apache.maven.surefire.booter.ForkedBooter.invokeProviderInSameClassLoader(ForkedBooter.java:384)\n\tat org.apache.maven.surefire.booter.ForkedBooter.runSuitesInProcess(ForkedBooter.java:345)\n\tat org.apache.maven.surefire.booter.ForkedBooter.execute(ForkedBooter.java:126)\n\tat org.apache.maven.surefire.booter.ForkedBooter.main(ForkedBooter.java:418)\nCaused by: java.lang.AssertionError: 10:19.160 \nExpected: is \"Input name\"\n     but: was \"\"\n\tat com.epam.jdi.light.common.Exceptions.exception(Exceptions.java:27)\n\tat com.epam.jdi.light.actions.ActionHelper.actionFailed(ActionHelper.java:383)\n\tat com.epam.jdi.tools.func.JFunc2.execute(JFunc2.java:19)\n\tat com.epam.jdi.light.actions.ActionProcessor.jdiAround(ActionProcessor.java:55)\n\tat com.epam.jdi.light.asserts.core.IsAssert.attr(IsAssert.java:32)\n\tat com.epam.jdi.light.asserts.core.IsAssert.attr_aroundBody8(IsAssert.java:37)\n\tat com.epam.jdi.light.asserts.core.IsAssert$AjcClosure9.run(IsAssert.java:1)\n\tat org.aspectj.runtime.reflect.JoinPointImpl.proceed(JoinPointImpl.java:167)\n\tat com.epam.jdi.light.actions.ActionObject.execute(ActionObject.java:60)\n\tat com.epam.jdi.light.actions.ActionHelper.stableAction(ActionHelper.java:626)\n\t... 45 more\nCaused by: java.lang.AssertionError: 10:19.160 \nExpected: is \"Input name\"\n     but: was \"\"\n\tat com.epam.jdi.light.asserts.core.SoftAssert.jdiAssert(SoftAssert.java:48)\n\tat com.epam.jdi.light.asserts.core.SoftAssert.jdiAssert(SoftAssert.java:59)\n\tat com.epam.jdi.light.asserts.core.IsAssert.attr_aroundBody6(IsAssert.java:33)\n\tat com.epam.jdi.light.asserts.core.IsAssert$AjcClosure7.run(IsAssert.java:1)\n\tat org.aspectj.runtime.reflect.JoinPointImpl.proceed(JoinPointImpl.java:167)\n\tat com.epam.jdi.light.actions.ActionObject.execute(ActionObject.java:60)\n\tat com.epam.jdi.light.actions.ActionHelper.defaultAction(ActionHelper.java:612)\n\tat com.epam.jdi.light.actions.ActionProcessor.jdiAround(ActionProcessor.java:49)\n\t... 51 more\n",
    "steps" : [ {
      "name" : "Given  I'm on \"Html5 Page\" page",
      "time" : {
        "start" : 1630408209109,
        "stop" : 1630408209125,
        "duration" : 16
      },
      "status" : "passed",
      "steps" : [ {
        "name" : "''(url=https://jdi-testing.github.io/jdi-light/html5.html) should be opened",
        "time" : {
          "start" : 1630408209110,
          "stop" : 1630408209124,
          "duration" : 14
        },
        "status" : "passed",
        "steps" : [ {
          "name" : "''(url=https://jdi-testing.github.io/jdi-light/html5.html) should be opened",
          "time" : {
            "start" : 1630408209114,
            "stop" : 1630408209124,
            "duration" : 10
          },
          "status" : "passed",
          "steps" : [ ],
          "attachments" : [ ],
          "parameters" : [ ],
          "stepsCount" : 0,
          "attachmentsCount" : 0,
          "shouldDisplayMessage" : false,
          "hasContent" : false
        } ],
        "attachments" : [ {
          "uid" : "85baf24028677e8c",
          "name" : "Details",
          "source" : "85baf24028677e8c.html",
          "type" : "text/plain",
          "size" : 126
        } ],
        "parameters" : [ ],
        "stepsCount" : 1,
        "attachmentsCount" : 1,
        "shouldDisplayMessage" : false,
        "hasContent" : true
      } ],
      "attachments" : [ ],
      "parameters" : [ ],
      "stepsCount" : 2,
      "attachmentsCount" : 1,
      "shouldDisplayMessage" : false,
      "hasContent" : true
    }, {
      "name" : "Then  the \"Name\" placeholder equals to \"Input name\"",
      "time" : {
        "start" : 1630408209126
      },
      "status" : "unknown",
      "steps" : [ {
        "name" : "Assert that '#name' attribute 'placeholder' is \"Input name\"",
        "time" : {
          "start" : 1630408209127,
          "stop" : 1630408219794,
          "duration" : 10667
        },
        "status" : "failed",
        "steps" : [ {
          "name" : "Assert that '#name' attribute 'placeholder' is \"Input name\"",
          "time" : {
            "start" : 1630408209132,
            "stop" : 1630408209226,
            "duration" : 94
          },
          "status" : "unknown",
          "steps" : [ ],
          "attachments" : [ ],
          "parameters" : [ ],
          "stepsCount" : 0,
          "attachmentsCount" : 0,
          "shouldDisplayMessage" : false,
          "hasContent" : false
        }, {
          "name" : "Failure details",
          "time" : {
            "start" : 1630408219768,
            "stop" : 1630408219769,
            "duration" : 1
          },
          "status" : "unknown",
          "steps" : [ ],
          "attachments" : [ {
            "uid" : "4ddcd326b2381f4",
            "name" : "Screenshot",
            "source" : "4ddcd326b2381f4.png",
            "type" : "image/png",
            "size" : 136151
          } ],
          "parameters" : [ ],
          "stepsCount" : 0,
          "attachmentsCount" : 1,
          "shouldDisplayMessage" : false,
          "hasContent" : true
        } ],
        "attachments" : [ {
          "uid" : "d68464ab977ba4b2",
          "name" : "Details",
          "source" : "d68464ab977ba4b2.html",
          "type" : "text/plain",
          "size" : 19
        } ],
        "parameters" : [ ],
        "stepsCount" : 2,
        "attachmentsCount" : 2,
        "shouldDisplayMessage" : false,
        "hasContent" : true
      } ],
      "attachments" : [ ],
      "parameters" : [ ],
      "stepsCount" : 3,
      "attachmentsCount" : 2,
      "shouldDisplayMessage" : false,
      "hasContent" : true
    } ],
    "attachments" : [ ],
    "parameters" : [ ],
    "stepsCount" : 7,
    "attachmentsCount" : 3,
    "shouldDisplayMessage" : true,
    "hasContent" : true
  },
  "afterStages" : [ ],
  "labels" : [ {
    "name" : "feature",
    "value" : "TestsWithName"
  }, {
    "name" : "story",
    "value" : "placeholder element"
  }, {
    "name" : "tag",
    "value" : "names"
  }, {
    "name" : "host",
    "value" : "fv-az72-486"
  }, {
    "name" : "thread",
    "value" : "4283@fv-az72-486.main(1)"
  }, {
    "name" : "package",
    "value" : "TestsWithName"
  }, {
    "name" : "suite",
    "value" : "TestsWithName"
  }, {
    "name" : "testClass",
    "value" : "placeholder element"
  }, {
    "name" : "framework",
    "value" : "cucumberjvm"
  }, {
    "name" : "language",
    "value" : "java"
  }, {
    "name" : "resultFormat",
    "value" : "allure2"
  } ],
  "parameters" : [ ],
  "links" : [ ],
  "hidden" : false,
  "retry" : false,
  "extra" : {
    "severity" : "normal",
    "retries" : [ ],
    "categories" : [ {
      "name" : "Product defects",
      "matchedStatuses" : [ ],
      "flaky" : false
    } ],
    "history" : {
      "statistic" : {
        "failed" : 6,
        "broken" : 0,
        "skipped" : 0,
        "passed" : 0,
        "unknown" : 0,
        "total" : 6
      },
      "items" : [ {
        "uid" : "9f0428e13d7bba15",
        "reportUrl" : "https://jdi-templates.github.io/jdi-light-bdd-template/3//#testresult/9f0428e13d7bba15",
        "status" : "failed",
        "statusDetails" : "[02:26.657] Failed to execute 'IsAssert.attr' for element '#name(css='#name')' during '10' seconds. 02:26.042 Expected: is \"Input name\"\n     but: was \"\"",
        "time" : {
          "start" : 1630407736160,
          "stop" : 1630407746659,
          "duration" : 10499
        }
      }, {
        "uid" : "871202a8357318d0",
        "reportUrl" : "https://jdi-templates.github.io/jdi-light-bdd-template/3//#testresult/871202a8357318d0",
        "status" : "failed",
        "statusDetails" : "[54:28.806] Failed to execute 'IsAssert.attr' for element '#name(css='#name')' during '10' seconds. 54:28.178 Expected: is \"Input name\"\n     but: was \"\"",
        "time" : {
          "start" : 1630407258151,
          "stop" : 1630407268816,
          "duration" : 10665
        }
      }, {
        "uid" : "69a7ab8f2f47de0d",
        "reportUrl" : "https://jdi-templates.github.io/jdi-light-bdd-template/3//#testresult/69a7ab8f2f47de0d",
        "status" : "failed",
        "statusDetails" : "[46:34.788] Failed to execute 'IsAssert.attr' for element '#name(css='#name')' during '10' seconds. 46:34.194 Expected: is \"Input name\"\n     but: was \"\"",
        "time" : {
          "start" : 1630406784160,
          "stop" : 1630406794790,
          "duration" : 10630
        }
      }, {
        "uid" : "ff1d6debee93a933",
        "reportUrl" : "https://jdi-templates.github.io/jdi-light-bdd-template/3//#testresult/ff1d6debee93a933",
        "status" : "failed",
        "statusDetails" : "[38:57.185] Failed to execute 'IsAssert.attr' for element '#name(css='#name')' during '10' seconds. 38:56.579 Expected: is \"Input name\"\n     but: was \"\"",
        "time" : {
          "start" : 1630406326744,
          "stop" : 1630406337191,
          "duration" : 10447
        }
      }, {
        "uid" : "fab5a34510f187a",
        "reportUrl" : "https://jdi-templates.github.io/jdi-light-bdd-template/3//#testresult/fab5a34510f187a",
        "status" : "failed",
        "statusDetails" : "[31:12.240] Failed to execute 'IsAssert.attr' for element '#name(css='#name')' during '10' seconds. 31:11.625 Expected: is \"Input name\"\n     but: was \"\"",
        "time" : {
          "start" : 1630405861615,
          "stop" : 1630405872245,
          "duration" : 10630
        }
      } ]
    },
    "tags" : [ "names" ]
  },
  "source" : "94f55d0606096d9c.json",
  "parameterValues" : [ ]
}