{
  "uid" : "a534be9e04b97e27",
  "name" : "css element",
  "fullName" : "TestsWithName: css element",
  "historyId" : "34f29c90207c825fa69f60e5a6f6760e",
  "time" : {
    "start" : 1630409143758,
    "stop" : 1630409154355,
    "duration" : 10597
  },
  "status" : "failed",
  "statusMessage" : "[25:54.351] Failed to execute 'IsAssert.css' for element '#name(css='#name')' during '10' seconds. 25:53.742 Expected: is \"14px\"\n     but: was \"15px\"",
  "statusTrace" : "java.lang.AssertionError: [25:54.351] Failed to execute 'IsAssert.css' for element '#name(css='#name')' during '10' seconds. 25:53.742 Expected: is \"14px\"\n     but: was \"15px\"\n\tat com.epam.jdi.light.common.Exceptions.exception(Exceptions.java:27)\n\tat com.epam.jdi.light.actions.ActionHelper.actionFailed(ActionHelper.java:383)\n\tat com.epam.jdi.tools.func.JFunc2.execute(JFunc2.java:19)\n\tat com.epam.jdi.light.actions.ActionProcessor.jdiAround(ActionProcessor.java:55)\n\tat com.epam.jdi.light.asserts.core.IsAssert.css(IsAssert.java:57)\n\tat com.epam.jdi.bdd.JDISteps.cssEquals(JDISteps.java:242)\n\tat ✽.Then the \"Name\" css \"font-size\" equals to \"14px\"(features/TestsWithName.feature:39)\nCaused by: java.lang.AssertionError: Failed to execute 'IsAssert.css' for element '#name(css='#name')' during '10' seconds. 25:53.742 \nExpected: is \"14px\"\n     but: was \"15px\"\n\tat com.epam.jdi.light.common.Exceptions.exception(Exceptions.java:27)\n\tat com.epam.jdi.light.actions.ActionHelper.stableAction(ActionHelper.java:638)\n\tat com.epam.jdi.light.actions.ActionProcessor.jdiAround(ActionProcessor.java:48)\n\tat com.epam.jdi.light.asserts.core.IsAssert.css(IsAssert.java:57)\n\tat com.epam.jdi.bdd.JDISteps.cssEquals(JDISteps.java:242)\n\tat java.base/jdk.internal.reflect.NativeMethodAccessorImpl.invoke0(Native Method)\n\tat java.base/jdk.internal.reflect.NativeMethodAccessorImpl.invoke(NativeMethodAccessorImpl.java:64)\n\tat java.base/jdk.internal.reflect.DelegatingMethodAccessorImpl.invoke(DelegatingMethodAccessorImpl.java:43)\n\tat java.base/java.lang.reflect.Method.invoke(Method.java:564)\n\tat cucumber.runtime.Utils$1.call(Utils.java:40)\n\tat cucumber.runtime.Timeout.timeout(Timeout.java:16)\n\tat cucumber.runtime.Utils.invoke(Utils.java:34)\n\tat cucumber.runtime.java.JavaStepDefinition.execute(JavaStepDefinition.java:38)\n\tat cucumber.runtime.StepDefinitionMatch.runStep(StepDefinitionMatch.java:37)\n\tat cucumber.runtime.Runtime.runStep(Runtime.java:300)\n\tat cucumber.runtime.model.StepContainer.runStep(StepContainer.java:44)\n\tat cucumber.runtime.model.StepContainer.runSteps(StepContainer.java:39)\n\tat cucumber.runtime.model.CucumberScenario.run(CucumberScenario.java:44)\n\tat cucumber.runtime.junit.ExecutionUnitRunner.run(ExecutionUnitRunner.java:102)\n\tat cucumber.runtime.junit.FeatureRunner.runChild(FeatureRunner.java:63)\n\tat cucumber.runtime.junit.FeatureRunner.runChild(FeatureRunner.java:18)\n\tat org.junit.runners.ParentRunner$3.run(ParentRunner.java:290)\n\tat org.junit.runners.ParentRunner$1.schedule(ParentRunner.java:71)\n\tat org.junit.runners.ParentRunner.runChildren(ParentRunner.java:288)\n\tat org.junit.runners.ParentRunner.access$000(ParentRunner.java:58)\n\tat org.junit.runners.ParentRunner$2.evaluate(ParentRunner.java:268)\n\tat org.junit.runners.ParentRunner.run(ParentRunner.java:363)\n\tat cucumber.runtime.junit.FeatureRunner.run(FeatureRunner.java:70)\n\tat cucumber.api.junit.Cucumber.runChild(Cucumber.java:95)\n\tat cucumber.api.junit.Cucumber.runChild(Cucumber.java:38)\n\tat org.junit.runners.ParentRunner$3.run(ParentRunner.java:290)\n\tat org.junit.runners.ParentRunner$1.schedule(ParentRunner.java:71)\n\tat org.junit.runners.ParentRunner.runChildren(ParentRunner.java:288)\n\tat org.junit.runners.ParentRunner.access$000(ParentRunner.java:58)\n\tat org.junit.runners.ParentRunner$2.evaluate(ParentRunner.java:268)\n\tat org.junit.internal.runners.statements.RunBefores.evaluate(RunBefores.java:26)\n\tat org.junit.internal.runners.statements.RunAfters.evaluate(RunAfters.java:27)\n\tat org.junit.runners.ParentRunner.run(ParentRunner.java:363)\n\tat cucumber.api.junit.Cucumber.run(Cucumber.java:100)\n\tat org.apache.maven.surefire.junit4.JUnit4Provider.execute(JUnit4Provider.java:365)\n\tat org.apache.maven.surefire.junit4.JUnit4Provider.executeWithRerun(JUnit4Provider.java:273)\n\tat org.apache.maven.surefire.junit4.JUnit4Provider.executeTestSet(JUnit4Provider.java:238)\n\tat org.apache.maven.surefire.junit4.JUnit4Provider.invoke(JUnit4Provider.java:159)\n\tat org.apache.maven.surefire.booter.ForkedBooter.invokeProviderInSameClassLoader(ForkedBooter.java:384)\n\tat org.apache.maven.surefire.booter.ForkedBooter.runSuitesInProcess(ForkedBooter.java:345)\n\tat org.apache.maven.surefire.booter.ForkedBooter.execute(ForkedBooter.java:126)\n\tat org.apache.maven.surefire.booter.ForkedBooter.main(ForkedBooter.java:418)\nCaused by: java.lang.AssertionError: 25:53.742 \nExpected: is \"14px\"\n     but: was \"15px\"\n\tat com.epam.jdi.light.common.Exceptions.exception(Exceptions.java:27)\n\tat com.epam.jdi.light.actions.ActionHelper.actionFailed(ActionHelper.java:383)\n\tat com.epam.jdi.tools.func.JFunc2.execute(JFunc2.java:19)\n\tat com.epam.jdi.light.actions.ActionProcessor.jdiAround(ActionProcessor.java:55)\n\tat com.epam.jdi.light.asserts.core.IsAssert.css(IsAssert.java:52)\n\tat com.epam.jdi.light.asserts.core.IsAssert.css_aroundBody18(IsAssert.java:57)\n\tat com.epam.jdi.light.asserts.core.IsAssert$AjcClosure19.run(IsAssert.java:1)\n\tat org.aspectj.runtime.reflect.JoinPointImpl.proceed(JoinPointImpl.java:167)\n\tat com.epam.jdi.light.actions.ActionObject.execute(ActionObject.java:60)\n\tat com.epam.jdi.light.actions.ActionHelper.stableAction(ActionHelper.java:626)\n\t... 45 more\nCaused by: java.lang.AssertionError: 25:53.742 \nExpected: is \"14px\"\n     but: was \"15px\"\n\tat com.epam.jdi.light.asserts.core.SoftAssert.jdiAssert(SoftAssert.java:48)\n\tat com.epam.jdi.light.asserts.core.SoftAssert.jdiAssert(SoftAssert.java:59)\n\tat com.epam.jdi.light.asserts.core.IsAssert.css_aroundBody16(IsAssert.java:53)\n\tat com.epam.jdi.light.asserts.core.IsAssert$AjcClosure17.run(IsAssert.java:1)\n\tat org.aspectj.runtime.reflect.JoinPointImpl.proceed(JoinPointImpl.java:167)\n\tat com.epam.jdi.light.actions.ActionObject.execute(ActionObject.java:60)\n\tat com.epam.jdi.light.actions.ActionHelper.defaultAction(ActionHelper.java:612)\n\tat com.epam.jdi.light.actions.ActionProcessor.jdiAround(ActionProcessor.java:49)\n\t... 51 more\n",
  "flaky" : false,
  "newFailed" : false,
  "beforeStages" : [ ],
  "testStage" : {
    "status" : "failed",
    "statusMessage" : "[25:54.351] Failed to execute 'IsAssert.css' for element '#name(css='#name')' during '10' seconds. 25:53.742 Expected: is \"14px\"\n     but: was \"15px\"",
    "statusTrace" : "java.lang.AssertionError: [25:54.351] Failed to execute 'IsAssert.css' for element '#name(css='#name')' during '10' seconds. 25:53.742 Expected: is \"14px\"\n     but: was \"15px\"\n\tat com.epam.jdi.light.common.Exceptions.exception(Exceptions.java:27)\n\tat com.epam.jdi.light.actions.ActionHelper.actionFailed(ActionHelper.java:383)\n\tat com.epam.jdi.tools.func.JFunc2.execute(JFunc2.java:19)\n\tat com.epam.jdi.light.actions.ActionProcessor.jdiAround(ActionProcessor.java:55)\n\tat com.epam.jdi.light.asserts.core.IsAssert.css(IsAssert.java:57)\n\tat com.epam.jdi.bdd.JDISteps.cssEquals(JDISteps.java:242)\n\tat ✽.Then the \"Name\" css \"font-size\" equals to \"14px\"(features/TestsWithName.feature:39)\nCaused by: java.lang.AssertionError: Failed to execute 'IsAssert.css' for element '#name(css='#name')' during '10' seconds. 25:53.742 \nExpected: is \"14px\"\n     but: was \"15px\"\n\tat com.epam.jdi.light.common.Exceptions.exception(Exceptions.java:27)\n\tat com.epam.jdi.light.actions.ActionHelper.stableAction(ActionHelper.java:638)\n\tat com.epam.jdi.light.actions.ActionProcessor.jdiAround(ActionProcessor.java:48)\n\tat com.epam.jdi.light.asserts.core.IsAssert.css(IsAssert.java:57)\n\tat com.epam.jdi.bdd.JDISteps.cssEquals(JDISteps.java:242)\n\tat java.base/jdk.internal.reflect.NativeMethodAccessorImpl.invoke0(Native Method)\n\tat java.base/jdk.internal.reflect.NativeMethodAccessorImpl.invoke(NativeMethodAccessorImpl.java:64)\n\tat java.base/jdk.internal.reflect.DelegatingMethodAccessorImpl.invoke(DelegatingMethodAccessorImpl.java:43)\n\tat java.base/java.lang.reflect.Method.invoke(Method.java:564)\n\tat cucumber.runtime.Utils$1.call(Utils.java:40)\n\tat cucumber.runtime.Timeout.timeout(Timeout.java:16)\n\tat cucumber.runtime.Utils.invoke(Utils.java:34)\n\tat cucumber.runtime.java.JavaStepDefinition.execute(JavaStepDefinition.java:38)\n\tat cucumber.runtime.StepDefinitionMatch.runStep(StepDefinitionMatch.java:37)\n\tat cucumber.runtime.Runtime.runStep(Runtime.java:300)\n\tat cucumber.runtime.model.StepContainer.runStep(StepContainer.java:44)\n\tat cucumber.runtime.model.StepContainer.runSteps(StepContainer.java:39)\n\tat cucumber.runtime.model.CucumberScenario.run(CucumberScenario.java:44)\n\tat cucumber.runtime.junit.ExecutionUnitRunner.run(ExecutionUnitRunner.java:102)\n\tat cucumber.runtime.junit.FeatureRunner.runChild(FeatureRunner.java:63)\n\tat cucumber.runtime.junit.FeatureRunner.runChild(FeatureRunner.java:18)\n\tat org.junit.runners.ParentRunner$3.run(ParentRunner.java:290)\n\tat org.junit.runners.ParentRunner$1.schedule(ParentRunner.java:71)\n\tat org.junit.runners.ParentRunner.runChildren(ParentRunner.java:288)\n\tat org.junit.runners.ParentRunner.access$000(ParentRunner.java:58)\n\tat org.junit.runners.ParentRunner$2.evaluate(ParentRunner.java:268)\n\tat org.junit.runners.ParentRunner.run(ParentRunner.java:363)\n\tat cucumber.runtime.junit.FeatureRunner.run(FeatureRunner.java:70)\n\tat cucumber.api.junit.Cucumber.runChild(Cucumber.java:95)\n\tat cucumber.api.junit.Cucumber.runChild(Cucumber.java:38)\n\tat org.junit.runners.ParentRunner$3.run(ParentRunner.java:290)\n\tat org.junit.runners.ParentRunner$1.schedule(ParentRunner.java:71)\n\tat org.junit.runners.ParentRunner.runChildren(ParentRunner.java:288)\n\tat org.junit.runners.ParentRunner.access$000(ParentRunner.java:58)\n\tat org.junit.runners.ParentRunner$2.evaluate(ParentRunner.java:268)\n\tat org.junit.internal.runners.statements.RunBefores.evaluate(RunBefores.java:26)\n\tat org.junit.internal.runners.statements.RunAfters.evaluate(RunAfters.java:27)\n\tat org.junit.runners.ParentRunner.run(ParentRunner.java:363)\n\tat cucumber.api.junit.Cucumber.run(Cucumber.java:100)\n\tat org.apache.maven.surefire.junit4.JUnit4Provider.execute(JUnit4Provider.java:365)\n\tat org.apache.maven.surefire.junit4.JUnit4Provider.executeWithRerun(JUnit4Provider.java:273)\n\tat org.apache.maven.surefire.junit4.JUnit4Provider.executeTestSet(JUnit4Provider.java:238)\n\tat org.apache.maven.surefire.junit4.JUnit4Provider.invoke(JUnit4Provider.java:159)\n\tat org.apache.maven.surefire.booter.ForkedBooter.invokeProviderInSameClassLoader(ForkedBooter.java:384)\n\tat org.apache.maven.surefire.booter.ForkedBooter.runSuitesInProcess(ForkedBooter.java:345)\n\tat org.apache.maven.surefire.booter.ForkedBooter.execute(ForkedBooter.java:126)\n\tat org.apache.maven.surefire.booter.ForkedBooter.main(ForkedBooter.java:418)\nCaused by: java.lang.AssertionError: 25:53.742 \nExpected: is \"14px\"\n     but: was \"15px\"\n\tat com.epam.jdi.light.common.Exceptions.exception(Exceptions.java:27)\n\tat com.epam.jdi.light.actions.ActionHelper.actionFailed(ActionHelper.java:383)\n\tat com.epam.jdi.tools.func.JFunc2.execute(JFunc2.java:19)\n\tat com.epam.jdi.light.actions.ActionProcessor.jdiAround(ActionProcessor.java:55)\n\tat com.epam.jdi.light.asserts.core.IsAssert.css(IsAssert.java:52)\n\tat com.epam.jdi.light.asserts.core.IsAssert.css_aroundBody18(IsAssert.java:57)\n\tat com.epam.jdi.light.asserts.core.IsAssert$AjcClosure19.run(IsAssert.java:1)\n\tat org.aspectj.runtime.reflect.JoinPointImpl.proceed(JoinPointImpl.java:167)\n\tat com.epam.jdi.light.actions.ActionObject.execute(ActionObject.java:60)\n\tat com.epam.jdi.light.actions.ActionHelper.stableAction(ActionHelper.java:626)\n\t... 45 more\nCaused by: java.lang.AssertionError: 25:53.742 \nExpected: is \"14px\"\n     but: was \"15px\"\n\tat com.epam.jdi.light.asserts.core.SoftAssert.jdiAssert(SoftAssert.java:48)\n\tat com.epam.jdi.light.asserts.core.SoftAssert.jdiAssert(SoftAssert.java:59)\n\tat com.epam.jdi.light.asserts.core.IsAssert.css_aroundBody16(IsAssert.java:53)\n\tat com.epam.jdi.light.asserts.core.IsAssert$AjcClosure17.run(IsAssert.java:1)\n\tat org.aspectj.runtime.reflect.JoinPointImpl.proceed(JoinPointImpl.java:167)\n\tat com.epam.jdi.light.actions.ActionObject.execute(ActionObject.java:60)\n\tat com.epam.jdi.light.actions.ActionHelper.defaultAction(ActionHelper.java:612)\n\tat com.epam.jdi.light.actions.ActionProcessor.jdiAround(ActionProcessor.java:49)\n\t... 51 more\n",
    "steps" : [ {
      "name" : "Given  I'm on \"Html5 Page\" page",
      "time" : {
        "start" : 1630409143759,
        "stop" : 1630409143767,
        "duration" : 8
      },
      "status" : "passed",
      "steps" : [ {
        "name" : "''(url=https://jdi-testing.github.io/jdi-light/html5.html) should be opened",
        "time" : {
          "start" : 1630409143759,
          "stop" : 1630409143767,
          "duration" : 8
        },
        "status" : "passed",
        "steps" : [ {
          "name" : "''(url=https://jdi-testing.github.io/jdi-light/html5.html) should be opened",
          "time" : {
            "start" : 1630409143762,
            "stop" : 1630409143767,
            "duration" : 5
          },
          "status" : "passed",
          "steps" : [ ],
          "attachments" : [ ],
          "parameters" : [ ],
          "stepsCount" : 0,
          "attachmentsCount" : 0,
          "shouldDisplayMessage" : false,
          "hasContent" : false
        } ],
        "attachments" : [ {
          "uid" : "1dfeefd539ec65c2",
          "name" : "Details",
          "source" : "1dfeefd539ec65c2.html",
          "type" : "text/plain",
          "size" : 126
        } ],
        "parameters" : [ ],
        "stepsCount" : 1,
        "attachmentsCount" : 1,
        "shouldDisplayMessage" : false,
        "hasContent" : true
      } ],
      "attachments" : [ ],
      "parameters" : [ ],
      "stepsCount" : 2,
      "attachmentsCount" : 1,
      "shouldDisplayMessage" : false,
      "hasContent" : true
    }, {
      "name" : "Then  the \"Name\" css \"font-size\" equals to \"14px\"",
      "time" : {
        "start" : 1630409143767
      },
      "status" : "unknown",
      "steps" : [ {
        "name" : "Assert that '#name' css 'font-size' is \"14px\"",
        "time" : {
          "start" : 1630409143768,
          "stop" : 1630409154355,
          "duration" : 10587
        },
        "status" : "failed",
        "steps" : [ {
          "name" : "Assert that '#name' css 'font-size' is \"14px\"",
          "time" : {
            "start" : 1630409143771,
            "stop" : 1630409143846,
            "duration" : 75
          },
          "status" : "unknown",
          "steps" : [ ],
          "attachments" : [ ],
          "parameters" : [ ],
          "stepsCount" : 0,
          "attachmentsCount" : 0,
          "shouldDisplayMessage" : false,
          "hasContent" : false
        }, {
          "name" : "Failure details",
          "time" : {
            "start" : 1630409154345,
            "stop" : 1630409154346,
            "duration" : 1
          },
          "status" : "unknown",
          "steps" : [ ],
          "attachments" : [ {
            "uid" : "c5fcbd4590bc171f",
            "name" : "Screenshot",
            "source" : "c5fcbd4590bc171f.png",
            "type" : "image/png",
            "size" : 136151
          } ],
          "parameters" : [ ],
          "stepsCount" : 0,
          "attachmentsCount" : 1,
          "shouldDisplayMessage" : false,
          "hasContent" : true
        } ],
        "attachments" : [ {
          "uid" : "d6148799813955df",
          "name" : "Details",
          "source" : "d6148799813955df.html",
          "type" : "text/plain",
          "size" : 19
        } ],
        "parameters" : [ ],
        "stepsCount" : 2,
        "attachmentsCount" : 2,
        "shouldDisplayMessage" : false,
        "hasContent" : true
      } ],
      "attachments" : [ ],
      "parameters" : [ ],
      "stepsCount" : 3,
      "attachmentsCount" : 2,
      "shouldDisplayMessage" : false,
      "hasContent" : true
    } ],
    "attachments" : [ ],
    "parameters" : [ ],
    "stepsCount" : 7,
    "attachmentsCount" : 3,
    "shouldDisplayMessage" : true,
    "hasContent" : true
  },
  "afterStages" : [ ],
  "labels" : [ {
    "name" : "feature",
    "value" : "TestsWithName"
  }, {
    "name" : "story",
    "value" : "css element"
  }, {
    "name" : "tag",
    "value" : "names"
  }, {
    "name" : "host",
    "value" : "fv-az281-178"
  }, {
    "name" : "thread",
    "value" : "4350@fv-az281-178.main(1)"
  }, {
    "name" : "package",
    "value" : "TestsWithName"
  }, {
    "name" : "suite",
    "value" : "TestsWithName"
  }, {
    "name" : "testClass",
    "value" : "css element"
  }, {
    "name" : "framework",
    "value" : "cucumberjvm"
  }, {
    "name" : "language",
    "value" : "java"
  }, {
    "name" : "resultFormat",
    "value" : "allure2"
  } ],
  "parameters" : [ ],
  "links" : [ ],
  "hidden" : false,
  "retry" : false,
  "extra" : {
    "severity" : "normal",
    "retries" : [ ],
    "categories" : [ {
      "name" : "Product defects",
      "matchedStatuses" : [ ],
      "flaky" : false
    } ],
    "history" : {
      "statistic" : {
        "failed" : 8,
        "broken" : 0,
        "skipped" : 0,
        "passed" : 0,
        "unknown" : 0,
        "total" : 8
      },
      "items" : [ {
        "uid" : "14af128da268ad27",
        "reportUrl" : "https://jdi-templates.github.io/jdi-light-bdd-template/3//#testresult/14af128da268ad27",
        "status" : "failed",
        "statusDetails" : "[18:03.134] Failed to execute 'IsAssert.css' for element '#name(css='#name')' during '10' seconds. 18:02.532 Expected: is \"14px\"\n     but: was \"15px\"",
        "time" : {
          "start" : 1630408672533,
          "stop" : 1630408683140,
          "duration" : 10607
        }
      }, {
        "uid" : "8ca627edd588baf1",
        "reportUrl" : "https://jdi-templates.github.io/jdi-light-bdd-template/3//#testresult/8ca627edd588baf1",
        "status" : "failed",
        "statusDetails" : "[10:09.103] Failed to execute 'IsAssert.css' for element '#name(css='#name')' during '10' seconds. 10:08.485 Expected: is \"14px\"\n     but: was \"15px\"",
        "time" : {
          "start" : 1630408198628,
          "stop" : 1630408209108,
          "duration" : 10480
        }
      }, {
        "uid" : "d8708997c68d4711",
        "reportUrl" : "https://jdi-templates.github.io/jdi-light-bdd-template/3//#testresult/d8708997c68d4711",
        "status" : "failed",
        "statusDetails" : "[02:16.156] Failed to execute 'IsAssert.css' for element '#name(css='#name')' during '10' seconds. 02:15.557 Expected: is \"14px\"\n     but: was \"15px\"",
        "time" : {
          "start" : 1630407725637,
          "stop" : 1630407736159,
          "duration" : 10522
        }
      }, {
        "uid" : "22ff9ddeb49a461d",
        "reportUrl" : "https://jdi-templates.github.io/jdi-light-bdd-template/3//#testresult/22ff9ddeb49a461d",
        "status" : "failed",
        "statusDetails" : "[54:18.146] Failed to execute 'IsAssert.css' for element '#name(css='#name')' during '10' seconds. 54:17.524 Expected: is \"14px\"\n     but: was \"15px\"",
        "time" : {
          "start" : 1630407247631,
          "stop" : 1630407258148,
          "duration" : 10517
        }
      }, {
        "uid" : "e50a7365f6271433",
        "reportUrl" : "https://jdi-templates.github.io/jdi-light-bdd-template/3//#testresult/e50a7365f6271433",
        "status" : "failed",
        "statusDetails" : "[46:24.157] Failed to execute 'IsAssert.css' for element '#name(css='#name')' during '10' seconds. 46:23.565 Expected: is \"14px\"\n     but: was \"15px\"",
        "time" : {
          "start" : 1630406773609,
          "stop" : 1630406784159,
          "duration" : 10550
        }
      }, {
        "uid" : "68fa9fbdbc719fa4",
        "reportUrl" : "https://jdi-templates.github.io/jdi-light-bdd-template/3//#testresult/68fa9fbdbc719fa4",
        "status" : "failed",
        "statusDetails" : "[38:46.740] Failed to execute 'IsAssert.css' for element '#name(css='#name')' during '10' seconds. 38:46.139 Expected: is \"14px\"\n     but: was \"15px\"",
        "time" : {
          "start" : 1630406316163,
          "stop" : 1630406326743,
          "duration" : 10580
        }
      }, {
        "uid" : "3ffda050c23ffc67",
        "reportUrl" : "https://jdi-templates.github.io/jdi-light-bdd-template/3//#testresult/3ffda050c23ffc67",
        "status" : "failed",
        "statusDetails" : "[31:01.612] Failed to execute 'IsAssert.css' for element '#name(css='#name')' during '10' seconds. 31:01.016 Expected: is \"14px\"\n     but: was \"15px\"",
        "time" : {
          "start" : 1630405851154,
          "stop" : 1630405861614,
          "duration" : 10460
        }
      } ]
    },
    "tags" : [ "names" ]
  },
  "source" : "a534be9e04b97e27.json",
  "parameterValues" : [ ]
}