{
  "uid" : "b28833158cbb79e3",
  "name" : "css element",
  "fullName" : "TestsWithLocators: css element",
  "historyId" : "98ef2ee7cf2db9f28bdc3b75f1cac640",
  "time" : {
    "start" : 1630407146122,
    "stop" : 1630407156968,
    "duration" : 10846
  },
  "status" : "failed",
  "statusMessage" : "[52:36.962] Failed to execute 'IsAssert.css' for element '#name(css='#name')' during '10' seconds. 52:36.345 Expected: is \"14px\"\n     but: was \"15px\"",
  "statusTrace" : "java.lang.AssertionError: [52:36.962] Failed to execute 'IsAssert.css' for element '#name(css='#name')' during '10' seconds. 52:36.345 Expected: is \"14px\"\n     but: was \"15px\"\n\tat com.epam.jdi.light.common.Exceptions.exception(Exceptions.java:27)\n\tat com.epam.jdi.light.actions.ActionHelper.actionFailed(ActionHelper.java:383)\n\tat com.epam.jdi.tools.func.JFunc2.execute(JFunc2.java:19)\n\tat com.epam.jdi.light.actions.ActionProcessor.jdiAround(ActionProcessor.java:55)\n\tat com.epam.jdi.light.asserts.core.IsAssert.css(IsAssert.java:57)\n\tat com.epam.jdi.bdd.JDISteps.cssEquals(JDISteps.java:242)\n\tat ✽.Then the \"#name\" css \"font-size\" equals to \"14px\"(features/TestsWithLocators.feature:39)\nCaused by: java.lang.AssertionError: Failed to execute 'IsAssert.css' for element '#name(css='#name')' during '10' seconds. 52:36.345 \nExpected: is \"14px\"\n     but: was \"15px\"\n\tat com.epam.jdi.light.common.Exceptions.exception(Exceptions.java:27)\n\tat com.epam.jdi.light.actions.ActionHelper.stableAction(ActionHelper.java:638)\n\tat com.epam.jdi.light.actions.ActionProcessor.jdiAround(ActionProcessor.java:48)\n\tat com.epam.jdi.light.asserts.core.IsAssert.css(IsAssert.java:57)\n\tat com.epam.jdi.bdd.JDISteps.cssEquals(JDISteps.java:242)\n\tat java.base/jdk.internal.reflect.NativeMethodAccessorImpl.invoke0(Native Method)\n\tat java.base/jdk.internal.reflect.NativeMethodAccessorImpl.invoke(NativeMethodAccessorImpl.java:62)\n\tat java.base/jdk.internal.reflect.DelegatingMethodAccessorImpl.invoke(DelegatingMethodAccessorImpl.java:43)\n\tat java.base/java.lang.reflect.Method.invoke(Method.java:566)\n\tat cucumber.runtime.Utils$1.call(Utils.java:40)\n\tat cucumber.runtime.Timeout.timeout(Timeout.java:16)\n\tat cucumber.runtime.Utils.invoke(Utils.java:34)\n\tat cucumber.runtime.java.JavaStepDefinition.execute(JavaStepDefinition.java:38)\n\tat cucumber.runtime.StepDefinitionMatch.runStep(StepDefinitionMatch.java:37)\n\tat cucumber.runtime.Runtime.runStep(Runtime.java:300)\n\tat cucumber.runtime.model.StepContainer.runStep(StepContainer.java:44)\n\tat cucumber.runtime.model.StepContainer.runSteps(StepContainer.java:39)\n\tat cucumber.runtime.model.CucumberScenario.run(CucumberScenario.java:44)\n\tat cucumber.runtime.junit.ExecutionUnitRunner.run(ExecutionUnitRunner.java:102)\n\tat cucumber.runtime.junit.FeatureRunner.runChild(FeatureRunner.java:63)\n\tat cucumber.runtime.junit.FeatureRunner.runChild(FeatureRunner.java:18)\n\tat org.junit.runners.ParentRunner$3.run(ParentRunner.java:290)\n\tat org.junit.runners.ParentRunner$1.schedule(ParentRunner.java:71)\n\tat org.junit.runners.ParentRunner.runChildren(ParentRunner.java:288)\n\tat org.junit.runners.ParentRunner.access$000(ParentRunner.java:58)\n\tat org.junit.runners.ParentRunner$2.evaluate(ParentRunner.java:268)\n\tat org.junit.runners.ParentRunner.run(ParentRunner.java:363)\n\tat cucumber.runtime.junit.FeatureRunner.run(FeatureRunner.java:70)\n\tat cucumber.api.junit.Cucumber.runChild(Cucumber.java:95)\n\tat cucumber.api.junit.Cucumber.runChild(Cucumber.java:38)\n\tat org.junit.runners.ParentRunner$3.run(ParentRunner.java:290)\n\tat org.junit.runners.ParentRunner$1.schedule(ParentRunner.java:71)\n\tat org.junit.runners.ParentRunner.runChildren(ParentRunner.java:288)\n\tat org.junit.runners.ParentRunner.access$000(ParentRunner.java:58)\n\tat org.junit.runners.ParentRunner$2.evaluate(ParentRunner.java:268)\n\tat org.junit.internal.runners.statements.RunBefores.evaluate(RunBefores.java:26)\n\tat org.junit.internal.runners.statements.RunAfters.evaluate(RunAfters.java:27)\n\tat org.junit.runners.ParentRunner.run(ParentRunner.java:363)\n\tat cucumber.api.junit.Cucumber.run(Cucumber.java:100)\n\tat org.apache.maven.surefire.junit4.JUnit4Provider.execute(JUnit4Provider.java:365)\n\tat org.apache.maven.surefire.junit4.JUnit4Provider.executeWithRerun(JUnit4Provider.java:273)\n\tat org.apache.maven.surefire.junit4.JUnit4Provider.executeTestSet(JUnit4Provider.java:238)\n\tat org.apache.maven.surefire.junit4.JUnit4Provider.invoke(JUnit4Provider.java:159)\n\tat org.apache.maven.surefire.booter.ForkedBooter.invokeProviderInSameClassLoader(ForkedBooter.java:384)\n\tat org.apache.maven.surefire.booter.ForkedBooter.runSuitesInProcess(ForkedBooter.java:345)\n\tat org.apache.maven.surefire.booter.ForkedBooter.execute(ForkedBooter.java:126)\n\tat org.apache.maven.surefire.booter.ForkedBooter.main(ForkedBooter.java:418)\nCaused by: java.lang.AssertionError: 52:36.345 \nExpected: is \"14px\"\n     but: was \"15px\"\n\tat com.epam.jdi.light.common.Exceptions.exception(Exceptions.java:27)\n\tat com.epam.jdi.light.actions.ActionHelper.actionFailed(ActionHelper.java:383)\n\tat com.epam.jdi.tools.func.JFunc2.execute(JFunc2.java:19)\n\tat com.epam.jdi.light.actions.ActionProcessor.jdiAround(ActionProcessor.java:55)\n\tat com.epam.jdi.light.asserts.core.IsAssert.css(IsAssert.java:52)\n\tat com.epam.jdi.light.asserts.core.IsAssert.css_aroundBody18(IsAssert.java:57)\n\tat com.epam.jdi.light.asserts.core.IsAssert$AjcClosure19.run(IsAssert.java:1)\n\tat org.aspectj.runtime.reflect.JoinPointImpl.proceed(JoinPointImpl.java:167)\n\tat com.epam.jdi.light.actions.ActionObject.execute(ActionObject.java:60)\n\tat com.epam.jdi.light.actions.ActionHelper.stableAction(ActionHelper.java:626)\n\t... 45 more\nCaused by: java.lang.AssertionError: 52:36.345 \nExpected: is \"14px\"\n     but: was \"15px\"\n\tat com.epam.jdi.light.asserts.core.SoftAssert.jdiAssert(SoftAssert.java:48)\n\tat com.epam.jdi.light.asserts.core.SoftAssert.jdiAssert(SoftAssert.java:59)\n\tat com.epam.jdi.light.asserts.core.IsAssert.css_aroundBody16(IsAssert.java:53)\n\tat com.epam.jdi.light.asserts.core.IsAssert$AjcClosure17.run(IsAssert.java:1)\n\tat org.aspectj.runtime.reflect.JoinPointImpl.proceed(JoinPointImpl.java:167)\n\tat com.epam.jdi.light.actions.ActionObject.execute(ActionObject.java:60)\n\tat com.epam.jdi.light.actions.ActionHelper.defaultAction(ActionHelper.java:612)\n\tat com.epam.jdi.light.actions.ActionProcessor.jdiAround(ActionProcessor.java:49)\n\t... 51 more\n",
  "flaky" : false,
  "newFailed" : false,
  "beforeStages" : [ ],
  "testStage" : {
    "status" : "failed",
    "statusMessage" : "[52:36.962] Failed to execute 'IsAssert.css' for element '#name(css='#name')' during '10' seconds. 52:36.345 Expected: is \"14px\"\n     but: was \"15px\"",
    "statusTrace" : "java.lang.AssertionError: [52:36.962] Failed to execute 'IsAssert.css' for element '#name(css='#name')' during '10' seconds. 52:36.345 Expected: is \"14px\"\n     but: was \"15px\"\n\tat com.epam.jdi.light.common.Exceptions.exception(Exceptions.java:27)\n\tat com.epam.jdi.light.actions.ActionHelper.actionFailed(ActionHelper.java:383)\n\tat com.epam.jdi.tools.func.JFunc2.execute(JFunc2.java:19)\n\tat com.epam.jdi.light.actions.ActionProcessor.jdiAround(ActionProcessor.java:55)\n\tat com.epam.jdi.light.asserts.core.IsAssert.css(IsAssert.java:57)\n\tat com.epam.jdi.bdd.JDISteps.cssEquals(JDISteps.java:242)\n\tat ✽.Then the \"#name\" css \"font-size\" equals to \"14px\"(features/TestsWithLocators.feature:39)\nCaused by: java.lang.AssertionError: Failed to execute 'IsAssert.css' for element '#name(css='#name')' during '10' seconds. 52:36.345 \nExpected: is \"14px\"\n     but: was \"15px\"\n\tat com.epam.jdi.light.common.Exceptions.exception(Exceptions.java:27)\n\tat com.epam.jdi.light.actions.ActionHelper.stableAction(ActionHelper.java:638)\n\tat com.epam.jdi.light.actions.ActionProcessor.jdiAround(ActionProcessor.java:48)\n\tat com.epam.jdi.light.asserts.core.IsAssert.css(IsAssert.java:57)\n\tat com.epam.jdi.bdd.JDISteps.cssEquals(JDISteps.java:242)\n\tat java.base/jdk.internal.reflect.NativeMethodAccessorImpl.invoke0(Native Method)\n\tat java.base/jdk.internal.reflect.NativeMethodAccessorImpl.invoke(NativeMethodAccessorImpl.java:62)\n\tat java.base/jdk.internal.reflect.DelegatingMethodAccessorImpl.invoke(DelegatingMethodAccessorImpl.java:43)\n\tat java.base/java.lang.reflect.Method.invoke(Method.java:566)\n\tat cucumber.runtime.Utils$1.call(Utils.java:40)\n\tat cucumber.runtime.Timeout.timeout(Timeout.java:16)\n\tat cucumber.runtime.Utils.invoke(Utils.java:34)\n\tat cucumber.runtime.java.JavaStepDefinition.execute(JavaStepDefinition.java:38)\n\tat cucumber.runtime.StepDefinitionMatch.runStep(StepDefinitionMatch.java:37)\n\tat cucumber.runtime.Runtime.runStep(Runtime.java:300)\n\tat cucumber.runtime.model.StepContainer.runStep(StepContainer.java:44)\n\tat cucumber.runtime.model.StepContainer.runSteps(StepContainer.java:39)\n\tat cucumber.runtime.model.CucumberScenario.run(CucumberScenario.java:44)\n\tat cucumber.runtime.junit.ExecutionUnitRunner.run(ExecutionUnitRunner.java:102)\n\tat cucumber.runtime.junit.FeatureRunner.runChild(FeatureRunner.java:63)\n\tat cucumber.runtime.junit.FeatureRunner.runChild(FeatureRunner.java:18)\n\tat org.junit.runners.ParentRunner$3.run(ParentRunner.java:290)\n\tat org.junit.runners.ParentRunner$1.schedule(ParentRunner.java:71)\n\tat org.junit.runners.ParentRunner.runChildren(ParentRunner.java:288)\n\tat org.junit.runners.ParentRunner.access$000(ParentRunner.java:58)\n\tat org.junit.runners.ParentRunner$2.evaluate(ParentRunner.java:268)\n\tat org.junit.runners.ParentRunner.run(ParentRunner.java:363)\n\tat cucumber.runtime.junit.FeatureRunner.run(FeatureRunner.java:70)\n\tat cucumber.api.junit.Cucumber.runChild(Cucumber.java:95)\n\tat cucumber.api.junit.Cucumber.runChild(Cucumber.java:38)\n\tat org.junit.runners.ParentRunner$3.run(ParentRunner.java:290)\n\tat org.junit.runners.ParentRunner$1.schedule(ParentRunner.java:71)\n\tat org.junit.runners.ParentRunner.runChildren(ParentRunner.java:288)\n\tat org.junit.runners.ParentRunner.access$000(ParentRunner.java:58)\n\tat org.junit.runners.ParentRunner$2.evaluate(ParentRunner.java:268)\n\tat org.junit.internal.runners.statements.RunBefores.evaluate(RunBefores.java:26)\n\tat org.junit.internal.runners.statements.RunAfters.evaluate(RunAfters.java:27)\n\tat org.junit.runners.ParentRunner.run(ParentRunner.java:363)\n\tat cucumber.api.junit.Cucumber.run(Cucumber.java:100)\n\tat org.apache.maven.surefire.junit4.JUnit4Provider.execute(JUnit4Provider.java:365)\n\tat org.apache.maven.surefire.junit4.JUnit4Provider.executeWithRerun(JUnit4Provider.java:273)\n\tat org.apache.maven.surefire.junit4.JUnit4Provider.executeTestSet(JUnit4Provider.java:238)\n\tat org.apache.maven.surefire.junit4.JUnit4Provider.invoke(JUnit4Provider.java:159)\n\tat org.apache.maven.surefire.booter.ForkedBooter.invokeProviderInSameClassLoader(ForkedBooter.java:384)\n\tat org.apache.maven.surefire.booter.ForkedBooter.runSuitesInProcess(ForkedBooter.java:345)\n\tat org.apache.maven.surefire.booter.ForkedBooter.execute(ForkedBooter.java:126)\n\tat org.apache.maven.surefire.booter.ForkedBooter.main(ForkedBooter.java:418)\nCaused by: java.lang.AssertionError: 52:36.345 \nExpected: is \"14px\"\n     but: was \"15px\"\n\tat com.epam.jdi.light.common.Exceptions.exception(Exceptions.java:27)\n\tat com.epam.jdi.light.actions.ActionHelper.actionFailed(ActionHelper.java:383)\n\tat com.epam.jdi.tools.func.JFunc2.execute(JFunc2.java:19)\n\tat com.epam.jdi.light.actions.ActionProcessor.jdiAround(ActionProcessor.java:55)\n\tat com.epam.jdi.light.asserts.core.IsAssert.css(IsAssert.java:52)\n\tat com.epam.jdi.light.asserts.core.IsAssert.css_aroundBody18(IsAssert.java:57)\n\tat com.epam.jdi.light.asserts.core.IsAssert$AjcClosure19.run(IsAssert.java:1)\n\tat org.aspectj.runtime.reflect.JoinPointImpl.proceed(JoinPointImpl.java:167)\n\tat com.epam.jdi.light.actions.ActionObject.execute(ActionObject.java:60)\n\tat com.epam.jdi.light.actions.ActionHelper.stableAction(ActionHelper.java:626)\n\t... 45 more\nCaused by: java.lang.AssertionError: 52:36.345 \nExpected: is \"14px\"\n     but: was \"15px\"\n\tat com.epam.jdi.light.asserts.core.SoftAssert.jdiAssert(SoftAssert.java:48)\n\tat com.epam.jdi.light.asserts.core.SoftAssert.jdiAssert(SoftAssert.java:59)\n\tat com.epam.jdi.light.asserts.core.IsAssert.css_aroundBody16(IsAssert.java:53)\n\tat com.epam.jdi.light.asserts.core.IsAssert$AjcClosure17.run(IsAssert.java:1)\n\tat org.aspectj.runtime.reflect.JoinPointImpl.proceed(JoinPointImpl.java:167)\n\tat com.epam.jdi.light.actions.ActionObject.execute(ActionObject.java:60)\n\tat com.epam.jdi.light.actions.ActionHelper.defaultAction(ActionHelper.java:612)\n\tat com.epam.jdi.light.actions.ActionProcessor.jdiAround(ActionProcessor.java:49)\n\t... 51 more\n",
    "steps" : [ {
      "name" : "Given  Page with url \"https://jdi-testing.github.io/jdi-light/html5.html\" openned",
      "time" : {
        "start" : 1630407146123,
        "stop" : 1630407146328,
        "duration" : 205
      },
      "status" : "passed",
      "steps" : [ {
        "name" : "Open ''(url=https://jdi-testing.github.io/jdi-light/html5.html)",
        "time" : {
          "start" : 1630407146124,
          "stop" : 1630407146327,
          "duration" : 203
        },
        "status" : "passed",
        "steps" : [ {
          "name" : "Open ''(url=https://jdi-testing.github.io/jdi-light/html5.html)",
          "time" : {
            "start" : 1630407146134,
            "stop" : 1630407146327,
            "duration" : 193
          },
          "status" : "passed",
          "steps" : [ ],
          "attachments" : [ ],
          "parameters" : [ ],
          "stepsCount" : 0,
          "attachmentsCount" : 0,
          "shouldDisplayMessage" : false,
          "hasContent" : false
        } ],
        "attachments" : [ {
          "uid" : "853d766b41dcc7a5",
          "name" : "Details",
          "source" : "853d766b41dcc7a5.html",
          "type" : "text/plain",
          "size" : 165
        } ],
        "parameters" : [ ],
        "stepsCount" : 1,
        "attachmentsCount" : 1,
        "shouldDisplayMessage" : false,
        "hasContent" : true
      } ],
      "attachments" : [ ],
      "parameters" : [ ],
      "stepsCount" : 2,
      "attachmentsCount" : 1,
      "shouldDisplayMessage" : false,
      "hasContent" : true
    }, {
      "name" : "Then  the \"#name\" css \"font-size\" equals to \"14px\"",
      "time" : {
        "start" : 1630407146328
      },
      "status" : "unknown",
      "steps" : [ {
        "name" : "Assert that '#name' css 'font-size' is \"14px\"",
        "time" : {
          "start" : 1630407146329,
          "stop" : 1630407156968,
          "duration" : 10639
        },
        "status" : "failed",
        "steps" : [ {
          "name" : "Assert that '#name' css 'font-size' is \"14px\"",
          "time" : {
            "start" : 1630407146336,
            "stop" : 1630407146429,
            "duration" : 93
          },
          "status" : "unknown",
          "steps" : [ ],
          "attachments" : [ ],
          "parameters" : [ ],
          "stepsCount" : 0,
          "attachmentsCount" : 0,
          "shouldDisplayMessage" : false,
          "hasContent" : false
        }, {
          "name" : "Failure details",
          "time" : {
            "start" : 1630407156950,
            "stop" : 1630407156950,
            "duration" : 0
          },
          "status" : "unknown",
          "steps" : [ ],
          "attachments" : [ {
            "uid" : "5b7c778a6d74743f",
            "name" : "Screenshot",
            "source" : "5b7c778a6d74743f.png",
            "type" : "image/png",
            "size" : 136234
          } ],
          "parameters" : [ ],
          "stepsCount" : 0,
          "attachmentsCount" : 1,
          "shouldDisplayMessage" : false,
          "hasContent" : true
        } ],
        "attachments" : [ {
          "uid" : "73751469491de127",
          "name" : "Details",
          "source" : "73751469491de127.html",
          "type" : "text/plain",
          "size" : 19
        } ],
        "parameters" : [ ],
        "stepsCount" : 2,
        "attachmentsCount" : 2,
        "shouldDisplayMessage" : false,
        "hasContent" : true
      } ],
      "attachments" : [ ],
      "parameters" : [ ],
      "stepsCount" : 3,
      "attachmentsCount" : 2,
      "shouldDisplayMessage" : false,
      "hasContent" : true
    } ],
    "attachments" : [ ],
    "parameters" : [ ],
    "stepsCount" : 7,
    "attachmentsCount" : 3,
    "shouldDisplayMessage" : true,
    "hasContent" : true
  },
  "afterStages" : [ ],
  "labels" : [ {
    "name" : "feature",
    "value" : "TestsWithLocators"
  }, {
    "name" : "story",
    "value" : "css element"
  }, {
    "name" : "tag",
    "value" : "locators"
  }, {
    "name" : "host",
    "value" : "fv-az234-207"
  }, {
    "name" : "thread",
    "value" : "4336@fv-az234-207.main(1)"
  }, {
    "name" : "package",
    "value" : "TestsWithLocators"
  }, {
    "name" : "suite",
    "value" : "TestsWithLocators"
  }, {
    "name" : "testClass",
    "value" : "css element"
  }, {
    "name" : "framework",
    "value" : "cucumberjvm"
  }, {
    "name" : "language",
    "value" : "java"
  }, {
    "name" : "resultFormat",
    "value" : "allure2"
  } ],
  "parameters" : [ ],
  "links" : [ ],
  "hidden" : false,
  "retry" : false,
  "extra" : {
    "severity" : "normal",
    "retries" : [ ],
    "categories" : [ {
      "name" : "Product defects",
      "matchedStatuses" : [ ],
      "flaky" : false
    } ],
    "history" : {
      "statistic" : {
        "failed" : 4,
        "broken" : 0,
        "skipped" : 0,
        "passed" : 0,
        "unknown" : 0,
        "total" : 4
      },
      "items" : [ {
        "uid" : "e21fb462ac551354",
        "reportUrl" : "https://jdi-templates.github.io/jdi-light-bdd-template/3//#testresult/e21fb462ac551354",
        "status" : "failed",
        "statusDetails" : "[44:43.722] Failed to execute 'IsAssert.css' for element '#name(css='#name')' during '10' seconds. 44:43.146 Expected: is \"14px\"\n     but: was \"15px\"",
        "time" : {
          "start" : 1630406672932,
          "stop" : 1630406683724,
          "duration" : 10792
        }
      }, {
        "uid" : "cdebf06a69f37aa5",
        "reportUrl" : "https://jdi-templates.github.io/jdi-light-bdd-template/3//#testresult/cdebf06a69f37aa5",
        "status" : "failed",
        "statusDetails" : "[37:05.962] Failed to execute 'IsAssert.css' for element '#name(css='#name')' during '10' seconds. 37:05.342 Expected: is \"14px\"\n     but: was \"15px\"",
        "time" : {
          "start" : 1630406215335,
          "stop" : 1630406225965,
          "duration" : 10630
        }
      }, {
        "uid" : "801ab733c9ef97ce",
        "reportUrl" : "https://jdi-templates.github.io/jdi-light-bdd-template/3//#testresult/801ab733c9ef97ce",
        "status" : "failed",
        "statusDetails" : "[29:21.194] Failed to execute 'IsAssert.css' for element '#name(css='#name')' during '10' seconds. 29:20.592 Expected: is \"14px\"\n     but: was \"15px\"",
        "time" : {
          "start" : 1630405750309,
          "stop" : 1630405761196,
          "duration" : 10887
        }
      } ]
    },
    "tags" : [ "locators" ]
  },
  "source" : "b28833158cbb79e3.json",
  "parameterValues" : [ ]
}