{
  "uid" : "c55a373fd692dadd",
  "name" : "clear element",
  "fullName" : "TestsWithProperties: clear element",
  "historyId" : "af28c703e55d8d98cfd5578558ef48e5",
  "time" : {
    "start" : 1630407814414,
    "stop" : 1630407825219,
    "duration" : 10805
  },
  "status" : "broken",
  "statusMessage" : "[03:45.216] Failed to execute 'UIElement.input' for element '#name' during '10' seconds.    \nSearch rules failed for element. Please check base().searchRules() for element or in global settings(JDISettings.ELEMENT.searchRule)",
  "statusTrace" : "java.lang.RuntimeException: [03:45.216] Failed to execute 'UIElement.input' for element '#name' during '10' seconds.    \nSearch rules failed for element. Please check base().searchRules() for element or in global settings(JDISettings.ELEMENT.searchRule)\n\tat com.epam.jdi.light.common.Exceptions.exception(Exceptions.java:31)\n\tat com.epam.jdi.light.actions.ActionHelper.actionFailed(ActionHelper.java:383)\n\tat com.epam.jdi.tools.func.JFunc2.execute(JFunc2.java:19)\n\tat com.epam.jdi.light.actions.ActionProcessor.jdiAround(ActionProcessor.java:55)\n\tat com.epam.jdi.light.elements.common.UIElement.input(UIElement.java:302)\n\tat com.epam.jdi.bdd.JDISteps.inputText(JDISteps.java:93)\n\tat ✽.When I input \"simple text\" in \"Name\"(features/TestsWithProperties.feature:33)\nCaused by: java.lang.RuntimeException: Failed to execute 'UIElement.input' for element '#name' during '10' seconds. java.lang.RuntimeException: \n\njava.lang.RuntimeException: java.lang.RuntimeException: \nSearch rules failed for element. Please check base().searchRules() for element or in global settings(JDISettings.ELEMENT.searchRule)\n\tat com.epam.jdi.light.common.Exceptions.exception(Exceptions.java:31)\n\tat com.epam.jdi.light.actions.ActionHelper.stableAction(ActionHelper.java:638)\n\tat com.epam.jdi.light.actions.ActionProcessor.jdiAround(ActionProcessor.java:48)\n\tat com.epam.jdi.light.elements.common.UIElement.input(UIElement.java:302)\n\tat com.epam.jdi.bdd.JDISteps.inputText(JDISteps.java:93)\n\tat java.base/jdk.internal.reflect.NativeMethodAccessorImpl.invoke0(Native Method)\n\tat java.base/jdk.internal.reflect.NativeMethodAccessorImpl.invoke(NativeMethodAccessorImpl.java:62)\n\tat java.base/jdk.internal.reflect.DelegatingMethodAccessorImpl.invoke(DelegatingMethodAccessorImpl.java:43)\n\tat java.base/java.lang.reflect.Method.invoke(Method.java:567)\n\tat cucumber.runtime.Utils$1.call(Utils.java:40)\n\tat cucumber.runtime.Timeout.timeout(Timeout.java:16)\n\tat cucumber.runtime.Utils.invoke(Utils.java:34)\n\tat cucumber.runtime.java.JavaStepDefinition.execute(JavaStepDefinition.java:38)\n\tat cucumber.runtime.StepDefinitionMatch.runStep(StepDefinitionMatch.java:37)\n\tat cucumber.runtime.Runtime.runStep(Runtime.java:300)\n\tat cucumber.runtime.model.StepContainer.runStep(StepContainer.java:44)\n\tat cucumber.runtime.model.StepContainer.runSteps(StepContainer.java:39)\n\tat cucumber.runtime.model.CucumberScenario.run(CucumberScenario.java:44)\n\tat cucumber.runtime.junit.ExecutionUnitRunner.run(ExecutionUnitRunner.java:102)\n\tat cucumber.runtime.junit.FeatureRunner.runChild(FeatureRunner.java:63)\n\tat cucumber.runtime.junit.FeatureRunner.runChild(FeatureRunner.java:18)\n\tat org.junit.runners.ParentRunner$3.run(ParentRunner.java:290)\n\tat org.junit.runners.ParentRunner$1.schedule(ParentRunner.java:71)\n\tat org.junit.runners.ParentRunner.runChildren(ParentRunner.java:288)\n\tat org.junit.runners.ParentRunner.access$000(ParentRunner.java:58)\n\tat org.junit.runners.ParentRunner$2.evaluate(ParentRunner.java:268)\n\tat org.junit.runners.ParentRunner.run(ParentRunner.java:363)\n\tat cucumber.runtime.junit.FeatureRunner.run(FeatureRunner.java:70)\n\tat cucumber.api.junit.Cucumber.runChild(Cucumber.java:95)\n\tat cucumber.api.junit.Cucumber.runChild(Cucumber.java:38)\n\tat org.junit.runners.ParentRunner$3.run(ParentRunner.java:290)\n\tat org.junit.runners.ParentRunner$1.schedule(ParentRunner.java:71)\n\tat org.junit.runners.ParentRunner.runChildren(ParentRunner.java:288)\n\tat org.junit.runners.ParentRunner.access$000(ParentRunner.java:58)\n\tat org.junit.runners.ParentRunner$2.evaluate(ParentRunner.java:268)\n\tat org.junit.internal.runners.statements.RunBefores.evaluate(RunBefores.java:26)\n\tat org.junit.internal.runners.statements.RunAfters.evaluate(RunAfters.java:27)\n\tat org.junit.runners.ParentRunner.run(ParentRunner.java:363)\n\tat cucumber.api.junit.Cucumber.run(Cucumber.java:100)\n\tat org.apache.maven.surefire.junit4.JUnit4Provider.execute(JUnit4Provider.java:365)\n\tat org.apache.maven.surefire.junit4.JUnit4Provider.executeWithRerun(JUnit4Provider.java:273)\n\tat org.apache.maven.surefire.junit4.JUnit4Provider.executeTestSet(JUnit4Provider.java:238)\n\tat org.apache.maven.surefire.junit4.JUnit4Provider.invoke(JUnit4Provider.java:159)\n\tat org.apache.maven.surefire.booter.ForkedBooter.invokeProviderInSameClassLoader(ForkedBooter.java:384)\n\tat org.apache.maven.surefire.booter.ForkedBooter.runSuitesInProcess(ForkedBooter.java:345)\n\tat org.apache.maven.surefire.booter.ForkedBooter.execute(ForkedBooter.java:126)\n\tat org.apache.maven.surefire.booter.ForkedBooter.main(ForkedBooter.java:418)\nCaused by: java.lang.RuntimeException: java.lang.RuntimeException: \n\njava.lang.RuntimeException: java.lang.RuntimeException: \nSearch rules failed for element. Please check base().searchRules() for element or in global settings(JDISettings.ELEMENT.searchRule)\n\tat com.epam.jdi.tools.func.JAction2.execute(JAction2.java:21)\n\tat com.epam.jdi.light.elements.common.UIElement.input_aroundBody52(UIElement.java:303)\n\tat com.epam.jdi.light.elements.common.UIElement$AjcClosure53.run(UIElement.java:1)\n\tat org.aspectj.runtime.reflect.JoinPointImpl.proceed(JoinPointImpl.java:167)\n\tat com.epam.jdi.light.actions.ActionObject.execute(ActionObject.java:60)\n\tat com.epam.jdi.light.actions.ActionHelper.stableAction(ActionHelper.java:626)\n\t... 45 more\nCaused by: java.lang.RuntimeException: \n\njava.lang.RuntimeException: java.lang.RuntimeException: \nSearch rules failed for element. Please check base().searchRules() for element or in global settings(JDISettings.ELEMENT.searchRule)\n\tat com.epam.jdi.light.common.Exceptions.exception(Exceptions.java:16)\n\tat com.epam.jdi.light.actions.ActionProcessor.debugAround(ActionProcessor.java:73)\n\tat com.epam.jdi.light.elements.base.JDIBase.get(JDIBase.java:243)\n\tat com.epam.jdi.light.elements.common.UIElement.clear(UIElement.java:152)\n\tat com.epam.jdi.light.common.SetTextTypes.lambda$2(SetTextTypes.java:14)\n\tat com.epam.jdi.tools.func.JAction2.execute(JAction2.java:19)\n\t... 50 more\n",
  "flaky" : false,
  "newFailed" : false,
  "beforeStages" : [ ],
  "testStage" : {
    "status" : "broken",
    "statusMessage" : "[03:45.216] Failed to execute 'UIElement.input' for element '#name' during '10' seconds.    \nSearch rules failed for element. Please check base().searchRules() for element or in global settings(JDISettings.ELEMENT.searchRule)",
    "statusTrace" : "java.lang.RuntimeException: [03:45.216] Failed to execute 'UIElement.input' for element '#name' during '10' seconds.    \nSearch rules failed for element. Please check base().searchRules() for element or in global settings(JDISettings.ELEMENT.searchRule)\n\tat com.epam.jdi.light.common.Exceptions.exception(Exceptions.java:31)\n\tat com.epam.jdi.light.actions.ActionHelper.actionFailed(ActionHelper.java:383)\n\tat com.epam.jdi.tools.func.JFunc2.execute(JFunc2.java:19)\n\tat com.epam.jdi.light.actions.ActionProcessor.jdiAround(ActionProcessor.java:55)\n\tat com.epam.jdi.light.elements.common.UIElement.input(UIElement.java:302)\n\tat com.epam.jdi.bdd.JDISteps.inputText(JDISteps.java:93)\n\tat ✽.When I input \"simple text\" in \"Name\"(features/TestsWithProperties.feature:33)\nCaused by: java.lang.RuntimeException: Failed to execute 'UIElement.input' for element '#name' during '10' seconds. java.lang.RuntimeException: \n\njava.lang.RuntimeException: java.lang.RuntimeException: \nSearch rules failed for element. Please check base().searchRules() for element or in global settings(JDISettings.ELEMENT.searchRule)\n\tat com.epam.jdi.light.common.Exceptions.exception(Exceptions.java:31)\n\tat com.epam.jdi.light.actions.ActionHelper.stableAction(ActionHelper.java:638)\n\tat com.epam.jdi.light.actions.ActionProcessor.jdiAround(ActionProcessor.java:48)\n\tat com.epam.jdi.light.elements.common.UIElement.input(UIElement.java:302)\n\tat com.epam.jdi.bdd.JDISteps.inputText(JDISteps.java:93)\n\tat java.base/jdk.internal.reflect.NativeMethodAccessorImpl.invoke0(Native Method)\n\tat java.base/jdk.internal.reflect.NativeMethodAccessorImpl.invoke(NativeMethodAccessorImpl.java:62)\n\tat java.base/jdk.internal.reflect.DelegatingMethodAccessorImpl.invoke(DelegatingMethodAccessorImpl.java:43)\n\tat java.base/java.lang.reflect.Method.invoke(Method.java:567)\n\tat cucumber.runtime.Utils$1.call(Utils.java:40)\n\tat cucumber.runtime.Timeout.timeout(Timeout.java:16)\n\tat cucumber.runtime.Utils.invoke(Utils.java:34)\n\tat cucumber.runtime.java.JavaStepDefinition.execute(JavaStepDefinition.java:38)\n\tat cucumber.runtime.StepDefinitionMatch.runStep(StepDefinitionMatch.java:37)\n\tat cucumber.runtime.Runtime.runStep(Runtime.java:300)\n\tat cucumber.runtime.model.StepContainer.runStep(StepContainer.java:44)\n\tat cucumber.runtime.model.StepContainer.runSteps(StepContainer.java:39)\n\tat cucumber.runtime.model.CucumberScenario.run(CucumberScenario.java:44)\n\tat cucumber.runtime.junit.ExecutionUnitRunner.run(ExecutionUnitRunner.java:102)\n\tat cucumber.runtime.junit.FeatureRunner.runChild(FeatureRunner.java:63)\n\tat cucumber.runtime.junit.FeatureRunner.runChild(FeatureRunner.java:18)\n\tat org.junit.runners.ParentRunner$3.run(ParentRunner.java:290)\n\tat org.junit.runners.ParentRunner$1.schedule(ParentRunner.java:71)\n\tat org.junit.runners.ParentRunner.runChildren(ParentRunner.java:288)\n\tat org.junit.runners.ParentRunner.access$000(ParentRunner.java:58)\n\tat org.junit.runners.ParentRunner$2.evaluate(ParentRunner.java:268)\n\tat org.junit.runners.ParentRunner.run(ParentRunner.java:363)\n\tat cucumber.runtime.junit.FeatureRunner.run(FeatureRunner.java:70)\n\tat cucumber.api.junit.Cucumber.runChild(Cucumber.java:95)\n\tat cucumber.api.junit.Cucumber.runChild(Cucumber.java:38)\n\tat org.junit.runners.ParentRunner$3.run(ParentRunner.java:290)\n\tat org.junit.runners.ParentRunner$1.schedule(ParentRunner.java:71)\n\tat org.junit.runners.ParentRunner.runChildren(ParentRunner.java:288)\n\tat org.junit.runners.ParentRunner.access$000(ParentRunner.java:58)\n\tat org.junit.runners.ParentRunner$2.evaluate(ParentRunner.java:268)\n\tat org.junit.internal.runners.statements.RunBefores.evaluate(RunBefores.java:26)\n\tat org.junit.internal.runners.statements.RunAfters.evaluate(RunAfters.java:27)\n\tat org.junit.runners.ParentRunner.run(ParentRunner.java:363)\n\tat cucumber.api.junit.Cucumber.run(Cucumber.java:100)\n\tat org.apache.maven.surefire.junit4.JUnit4Provider.execute(JUnit4Provider.java:365)\n\tat org.apache.maven.surefire.junit4.JUnit4Provider.executeWithRerun(JUnit4Provider.java:273)\n\tat org.apache.maven.surefire.junit4.JUnit4Provider.executeTestSet(JUnit4Provider.java:238)\n\tat org.apache.maven.surefire.junit4.JUnit4Provider.invoke(JUnit4Provider.java:159)\n\tat org.apache.maven.surefire.booter.ForkedBooter.invokeProviderInSameClassLoader(ForkedBooter.java:384)\n\tat org.apache.maven.surefire.booter.ForkedBooter.runSuitesInProcess(ForkedBooter.java:345)\n\tat org.apache.maven.surefire.booter.ForkedBooter.execute(ForkedBooter.java:126)\n\tat org.apache.maven.surefire.booter.ForkedBooter.main(ForkedBooter.java:418)\nCaused by: java.lang.RuntimeException: java.lang.RuntimeException: \n\njava.lang.RuntimeException: java.lang.RuntimeException: \nSearch rules failed for element. Please check base().searchRules() for element or in global settings(JDISettings.ELEMENT.searchRule)\n\tat com.epam.jdi.tools.func.JAction2.execute(JAction2.java:21)\n\tat com.epam.jdi.light.elements.common.UIElement.input_aroundBody52(UIElement.java:303)\n\tat com.epam.jdi.light.elements.common.UIElement$AjcClosure53.run(UIElement.java:1)\n\tat org.aspectj.runtime.reflect.JoinPointImpl.proceed(JoinPointImpl.java:167)\n\tat com.epam.jdi.light.actions.ActionObject.execute(ActionObject.java:60)\n\tat com.epam.jdi.light.actions.ActionHelper.stableAction(ActionHelper.java:626)\n\t... 45 more\nCaused by: java.lang.RuntimeException: \n\njava.lang.RuntimeException: java.lang.RuntimeException: \nSearch rules failed for element. Please check base().searchRules() for element or in global settings(JDISettings.ELEMENT.searchRule)\n\tat com.epam.jdi.light.common.Exceptions.exception(Exceptions.java:16)\n\tat com.epam.jdi.light.actions.ActionProcessor.debugAround(ActionProcessor.java:73)\n\tat com.epam.jdi.light.elements.base.JDIBase.get(JDIBase.java:243)\n\tat com.epam.jdi.light.elements.common.UIElement.clear(UIElement.java:152)\n\tat com.epam.jdi.light.common.SetTextTypes.lambda$2(SetTextTypes.java:14)\n\tat com.epam.jdi.tools.func.JAction2.execute(JAction2.java:19)\n\t... 50 more\n",
    "steps" : [ {
      "name" : "Given  I'm on \"Html5 Page\" page",
      "time" : {
        "start" : 1630407814415,
        "stop" : 1630407814432,
        "duration" : 17
      },
      "status" : "passed",
      "steps" : [ {
        "name" : "''(url=https://jdi-testing.github.io/jdi-light/html5.html) should be opened",
        "time" : {
          "start" : 1630407814415,
          "stop" : 1630407814432,
          "duration" : 17
        },
        "status" : "passed",
        "steps" : [ {
          "name" : "''(url=https://jdi-testing.github.io/jdi-light/html5.html) should be opened",
          "time" : {
            "start" : 1630407814423,
            "stop" : 1630407814432,
            "duration" : 9
          },
          "status" : "passed",
          "steps" : [ ],
          "attachments" : [ ],
          "parameters" : [ ],
          "shouldDisplayMessage" : false,
          "hasContent" : false,
          "stepsCount" : 0,
          "attachmentsCount" : 0
        } ],
        "attachments" : [ {
          "uid" : "28afdd705e2bf163",
          "name" : "Details",
          "source" : "28afdd705e2bf163.html",
          "type" : "text/plain",
          "size" : 126
        } ],
        "parameters" : [ ],
        "shouldDisplayMessage" : false,
        "hasContent" : true,
        "stepsCount" : 1,
        "attachmentsCount" : 1
      } ],
      "attachments" : [ ],
      "parameters" : [ ],
      "shouldDisplayMessage" : false,
      "hasContent" : true,
      "stepsCount" : 2,
      "attachmentsCount" : 1
    }, {
      "name" : "When  I input \"simple text\" in \"Name\"",
      "time" : {
        "start" : 1630407814432
      },
      "status" : "unknown",
      "steps" : [ {
        "name" : "Input 'simple text' in '#name'",
        "time" : {
          "start" : 1630407814436,
          "stop" : 1630407825218,
          "duration" : 10782
        },
        "status" : "failed",
        "steps" : [ {
          "name" : "Show",
          "time" : {
            "start" : 1630407824710,
            "stop" : 1630407824799,
            "duration" : 89
          },
          "status" : "passed",
          "steps" : [ ],
          "attachments" : [ ],
          "parameters" : [ ],
          "shouldDisplayMessage" : false,
          "hasContent" : false,
          "stepsCount" : 0,
          "attachmentsCount" : 0
        }, {
          "name" : "Failure details",
          "time" : {
            "start" : 1630407825205,
            "stop" : 1630407825206,
            "duration" : 1
          },
          "status" : "unknown",
          "steps" : [ ],
          "attachments" : [ {
            "uid" : "4e8f2b71886535b9",
            "name" : "Screenshot",
            "source" : "4e8f2b71886535b9.png",
            "type" : "image/png",
            "size" : 136151
          } ],
          "parameters" : [ ],
          "shouldDisplayMessage" : false,
          "hasContent" : true,
          "stepsCount" : 0,
          "attachmentsCount" : 1
        } ],
        "attachments" : [ {
          "uid" : "baf24797c52a369",
          "name" : "Details",
          "source" : "baf24797c52a369.html",
          "type" : "text/plain",
          "size" : 19
        } ],
        "parameters" : [ ],
        "shouldDisplayMessage" : false,
        "hasContent" : true,
        "stepsCount" : 2,
        "attachmentsCount" : 2
      } ],
      "attachments" : [ ],
      "parameters" : [ ],
      "shouldDisplayMessage" : false,
      "hasContent" : true,
      "stepsCount" : 3,
      "attachmentsCount" : 2
    }, {
      "name" : "Then  the \"Name\" text equals to \"simple text\"",
      "time" : {
        "start" : 1630407825218,
        "stop" : 1630407825218,
        "duration" : 0
      },
      "status" : "skipped",
      "steps" : [ ],
      "attachments" : [ ],
      "parameters" : [ ],
      "shouldDisplayMessage" : false,
      "hasContent" : false,
      "stepsCount" : 0,
      "attachmentsCount" : 0
    }, {
      "name" : "When  I clear \"Name\"",
      "time" : {
        "start" : 1630407825218,
        "stop" : 1630407825219,
        "duration" : 1
      },
      "status" : "skipped",
      "steps" : [ ],
      "attachments" : [ ],
      "parameters" : [ ],
      "shouldDisplayMessage" : false,
      "hasContent" : false,
      "stepsCount" : 0,
      "attachmentsCount" : 0
    }, {
      "name" : "Then  the \"Name\" text equals to \"\"",
      "time" : {
        "start" : 1630407825219,
        "stop" : 1630407825219,
        "duration" : 0
      },
      "status" : "skipped",
      "steps" : [ ],
      "attachments" : [ ],
      "parameters" : [ ],
      "shouldDisplayMessage" : false,
      "hasContent" : false,
      "stepsCount" : 0,
      "attachmentsCount" : 0
    } ],
    "attachments" : [ ],
    "parameters" : [ ],
    "shouldDisplayMessage" : true,
    "hasContent" : true,
    "stepsCount" : 10,
    "attachmentsCount" : 3
  },
  "afterStages" : [ ],
  "labels" : [ {
    "name" : "feature",
    "value" : "TestsWithProperties"
  }, {
    "name" : "story",
    "value" : "clear element"
  }, {
    "name" : "tag",
    "value" : "properties"
  }, {
    "name" : "host",
    "value" : "fv-az174-74"
  }, {
    "name" : "thread",
    "value" : "4366@fv-az174-74.main(1)"
  }, {
    "name" : "package",
    "value" : "TestsWithProperties"
  }, {
    "name" : "suite",
    "value" : "TestsWithProperties"
  }, {
    "name" : "testClass",
    "value" : "clear element"
  }, {
    "name" : "framework",
    "value" : "cucumberjvm"
  }, {
    "name" : "language",
    "value" : "java"
  }, {
    "name" : "resultFormat",
    "value" : "allure2"
  } ],
  "parameters" : [ ],
  "links" : [ ],
  "hidden" : false,
  "retry" : false,
  "extra" : {
    "severity" : "normal",
    "retries" : [ ],
    "categories" : [ {
      "name" : "Test defects",
      "matchedStatuses" : [ ],
      "flaky" : false
    } ],
    "history" : {
      "statistic" : {
        "failed" : 0,
        "broken" : 5,
        "skipped" : 0,
        "passed" : 0,
        "unknown" : 0,
        "total" : 5
      },
      "items" : [ {
        "uid" : "edee57276af2379a",
        "reportUrl" : "https://jdi-templates.github.io/jdi-light-bdd-template/3//#testresult/edee57276af2379a",
        "status" : "broken",
        "statusDetails" : "[55:47.371] Failed to execute 'UIElement.input' for element '#name' during '10' seconds.    \nSearch rules failed for element. Please check base().searchRules() for element or in global settings(JDISettings.ELEMENT.searchRule)",
        "time" : {
          "start" : 1630407336801,
          "stop" : 1630407347375,
          "duration" : 10574
        }
      }, {
        "uid" : "844f43f439d7008f",
        "reportUrl" : "https://jdi-templates.github.io/jdi-light-bdd-template/3//#testresult/844f43f439d7008f",
        "status" : "broken",
        "statusDetails" : "[47:52.513] Failed to execute 'UIElement.input' for element '#name' during '10' seconds.    \nSearch rules failed for element. Please check base().searchRules() for element or in global settings(JDISettings.ELEMENT.searchRule)",
        "time" : {
          "start" : 1630406861858,
          "stop" : 1630406872515,
          "duration" : 10657
        }
      }, {
        "uid" : "5581787ca09a4c5e",
        "reportUrl" : "https://jdi-templates.github.io/jdi-light-bdd-template/3//#testresult/5581787ca09a4c5e",
        "status" : "broken",
        "statusDetails" : "[40:15.43] Failed to execute 'UIElement.input' for element '#name' during '10' seconds.    \nSearch rules failed for element. Please check base().searchRules() for element or in global settings(JDISettings.ELEMENT.searchRule)",
        "time" : {
          "start" : 1630406404408,
          "stop" : 1630406415046,
          "duration" : 10638
        }
      }, {
        "uid" : "714fca9b0f07b7b8",
        "reportUrl" : "https://jdi-templates.github.io/jdi-light-bdd-template/3//#testresult/714fca9b0f07b7b8",
        "status" : "broken",
        "statusDetails" : "[32:30.238] Failed to execute 'UIElement.input' for element '#name' during '10' seconds.    \nSearch rules failed for element. Please check base().searchRules() for element or in global settings(JDISettings.ELEMENT.searchRule)",
        "time" : {
          "start" : 1630405939467,
          "stop" : 1630405950241,
          "duration" : 10774
        }
      } ]
    },
    "tags" : [ "properties" ]
  },
  "source" : "c55a373fd692dadd.json",
  "parameterValues" : [ ]
}