{
  "uid" : "c863b3eb0ac0a906",
  "name" : "getValue element",
  "fullName" : "TestsWithLocators: getValue element",
  "historyId" : "8bd4401a55f98d256a7677f6ea09707c",
  "time" : {
    "start" : 1630408593416,
    "stop" : 1630408604131,
    "duration" : 10715
  },
  "status" : "broken",
  "statusMessage" : "[16:44.127] Failed to execute 'UIElement.input' for element '#name' during '10' seconds.    \nSearch rules failed for element. Please check base().searchRules() for element or in global settings(JDISettings.ELEMENT.searchRule)",
  "statusTrace" : "java.lang.RuntimeException: [16:44.127] Failed to execute 'UIElement.input' for element '#name' during '10' seconds.    \nSearch rules failed for element. Please check base().searchRules() for element or in global settings(JDISettings.ELEMENT.searchRule)\n\tat com.epam.jdi.light.common.Exceptions.exception(Exceptions.java:31)\n\tat com.epam.jdi.light.actions.ActionHelper.actionFailed(ActionHelper.java:383)\n\tat com.epam.jdi.tools.func.JFunc2.execute(JFunc2.java:19)\n\tat com.epam.jdi.light.actions.ActionProcessor.jdiAround(ActionProcessor.java:55)\n\tat com.epam.jdi.light.elements.common.UIElement.input(UIElement.java:302)\n\tat com.epam.jdi.bdd.JDISteps.inputText(JDISteps.java:93)\n\tat ✽.When input \"simple text\" in \"#name\"(features/TestsWithLocators.feature:45)\nCaused by: java.lang.RuntimeException: Failed to execute 'UIElement.input' for element '#name' during '10' seconds. java.lang.RuntimeException: \n\njava.lang.RuntimeException: java.lang.RuntimeException: \nSearch rules failed for element. Please check base().searchRules() for element or in global settings(JDISettings.ELEMENT.searchRule)\n\tat com.epam.jdi.light.common.Exceptions.exception(Exceptions.java:31)\n\tat com.epam.jdi.light.actions.ActionHelper.stableAction(ActionHelper.java:638)\n\tat com.epam.jdi.light.actions.ActionProcessor.jdiAround(ActionProcessor.java:48)\n\tat com.epam.jdi.light.elements.common.UIElement.input(UIElement.java:302)\n\tat com.epam.jdi.bdd.JDISteps.inputText(JDISteps.java:93)\n\tat java.base/jdk.internal.reflect.NativeMethodAccessorImpl.invoke0(Native Method)\n\tat java.base/jdk.internal.reflect.NativeMethodAccessorImpl.invoke(NativeMethodAccessorImpl.java:62)\n\tat java.base/jdk.internal.reflect.DelegatingMethodAccessorImpl.invoke(DelegatingMethodAccessorImpl.java:43)\n\tat java.base/java.lang.reflect.Method.invoke(Method.java:564)\n\tat cucumber.runtime.Utils$1.call(Utils.java:40)\n\tat cucumber.runtime.Timeout.timeout(Timeout.java:16)\n\tat cucumber.runtime.Utils.invoke(Utils.java:34)\n\tat cucumber.runtime.java.JavaStepDefinition.execute(JavaStepDefinition.java:38)\n\tat cucumber.runtime.StepDefinitionMatch.runStep(StepDefinitionMatch.java:37)\n\tat cucumber.runtime.Runtime.runStep(Runtime.java:300)\n\tat cucumber.runtime.model.StepContainer.runStep(StepContainer.java:44)\n\tat cucumber.runtime.model.StepContainer.runSteps(StepContainer.java:39)\n\tat cucumber.runtime.model.CucumberScenario.run(CucumberScenario.java:44)\n\tat cucumber.runtime.junit.ExecutionUnitRunner.run(ExecutionUnitRunner.java:102)\n\tat cucumber.runtime.junit.FeatureRunner.runChild(FeatureRunner.java:63)\n\tat cucumber.runtime.junit.FeatureRunner.runChild(FeatureRunner.java:18)\n\tat org.junit.runners.ParentRunner$3.run(ParentRunner.java:290)\n\tat org.junit.runners.ParentRunner$1.schedule(ParentRunner.java:71)\n\tat org.junit.runners.ParentRunner.runChildren(ParentRunner.java:288)\n\tat org.junit.runners.ParentRunner.access$000(ParentRunner.java:58)\n\tat org.junit.runners.ParentRunner$2.evaluate(ParentRunner.java:268)\n\tat org.junit.runners.ParentRunner.run(ParentRunner.java:363)\n\tat cucumber.runtime.junit.FeatureRunner.run(FeatureRunner.java:70)\n\tat cucumber.api.junit.Cucumber.runChild(Cucumber.java:95)\n\tat cucumber.api.junit.Cucumber.runChild(Cucumber.java:38)\n\tat org.junit.runners.ParentRunner$3.run(ParentRunner.java:290)\n\tat org.junit.runners.ParentRunner$1.schedule(ParentRunner.java:71)\n\tat org.junit.runners.ParentRunner.runChildren(ParentRunner.java:288)\n\tat org.junit.runners.ParentRunner.access$000(ParentRunner.java:58)\n\tat org.junit.runners.ParentRunner$2.evaluate(ParentRunner.java:268)\n\tat org.junit.internal.runners.statements.RunBefores.evaluate(RunBefores.java:26)\n\tat org.junit.internal.runners.statements.RunAfters.evaluate(RunAfters.java:27)\n\tat org.junit.runners.ParentRunner.run(ParentRunner.java:363)\n\tat cucumber.api.junit.Cucumber.run(Cucumber.java:100)\n\tat org.apache.maven.surefire.junit4.JUnit4Provider.execute(JUnit4Provider.java:365)\n\tat org.apache.maven.surefire.junit4.JUnit4Provider.executeWithRerun(JUnit4Provider.java:273)\n\tat org.apache.maven.surefire.junit4.JUnit4Provider.executeTestSet(JUnit4Provider.java:238)\n\tat org.apache.maven.surefire.junit4.JUnit4Provider.invoke(JUnit4Provider.java:159)\n\tat org.apache.maven.surefire.booter.ForkedBooter.invokeProviderInSameClassLoader(ForkedBooter.java:384)\n\tat org.apache.maven.surefire.booter.ForkedBooter.runSuitesInProcess(ForkedBooter.java:345)\n\tat org.apache.maven.surefire.booter.ForkedBooter.execute(ForkedBooter.java:126)\n\tat org.apache.maven.surefire.booter.ForkedBooter.main(ForkedBooter.java:418)\nCaused by: java.lang.RuntimeException: java.lang.RuntimeException: \n\njava.lang.RuntimeException: java.lang.RuntimeException: \nSearch rules failed for element. Please check base().searchRules() for element or in global settings(JDISettings.ELEMENT.searchRule)\n\tat com.epam.jdi.tools.func.JAction2.execute(JAction2.java:21)\n\tat com.epam.jdi.light.elements.common.UIElement.input_aroundBody52(UIElement.java:303)\n\tat com.epam.jdi.light.elements.common.UIElement$AjcClosure53.run(UIElement.java:1)\n\tat org.aspectj.runtime.reflect.JoinPointImpl.proceed(JoinPointImpl.java:167)\n\tat com.epam.jdi.light.actions.ActionObject.execute(ActionObject.java:60)\n\tat com.epam.jdi.light.actions.ActionHelper.stableAction(ActionHelper.java:626)\n\t... 45 more\nCaused by: java.lang.RuntimeException: \n\njava.lang.RuntimeException: java.lang.RuntimeException: \nSearch rules failed for element. Please check base().searchRules() for element or in global settings(JDISettings.ELEMENT.searchRule)\n\tat com.epam.jdi.light.common.Exceptions.exception(Exceptions.java:16)\n\tat com.epam.jdi.light.actions.ActionProcessor.debugAround(ActionProcessor.java:73)\n\tat com.epam.jdi.light.elements.base.JDIBase.get(JDIBase.java:243)\n\tat com.epam.jdi.light.elements.common.UIElement.clear(UIElement.java:152)\n\tat com.epam.jdi.light.common.SetTextTypes.lambda$2(SetTextTypes.java:14)\n\tat com.epam.jdi.tools.func.JAction2.execute(JAction2.java:19)\n\t... 50 more\n",
  "flaky" : false,
  "newFailed" : false,
  "beforeStages" : [ ],
  "testStage" : {
    "status" : "broken",
    "statusMessage" : "[16:44.127] Failed to execute 'UIElement.input' for element '#name' during '10' seconds.    \nSearch rules failed for element. Please check base().searchRules() for element or in global settings(JDISettings.ELEMENT.searchRule)",
    "statusTrace" : "java.lang.RuntimeException: [16:44.127] Failed to execute 'UIElement.input' for element '#name' during '10' seconds.    \nSearch rules failed for element. Please check base().searchRules() for element or in global settings(JDISettings.ELEMENT.searchRule)\n\tat com.epam.jdi.light.common.Exceptions.exception(Exceptions.java:31)\n\tat com.epam.jdi.light.actions.ActionHelper.actionFailed(ActionHelper.java:383)\n\tat com.epam.jdi.tools.func.JFunc2.execute(JFunc2.java:19)\n\tat com.epam.jdi.light.actions.ActionProcessor.jdiAround(ActionProcessor.java:55)\n\tat com.epam.jdi.light.elements.common.UIElement.input(UIElement.java:302)\n\tat com.epam.jdi.bdd.JDISteps.inputText(JDISteps.java:93)\n\tat ✽.When input \"simple text\" in \"#name\"(features/TestsWithLocators.feature:45)\nCaused by: java.lang.RuntimeException: Failed to execute 'UIElement.input' for element '#name' during '10' seconds. java.lang.RuntimeException: \n\njava.lang.RuntimeException: java.lang.RuntimeException: \nSearch rules failed for element. Please check base().searchRules() for element or in global settings(JDISettings.ELEMENT.searchRule)\n\tat com.epam.jdi.light.common.Exceptions.exception(Exceptions.java:31)\n\tat com.epam.jdi.light.actions.ActionHelper.stableAction(ActionHelper.java:638)\n\tat com.epam.jdi.light.actions.ActionProcessor.jdiAround(ActionProcessor.java:48)\n\tat com.epam.jdi.light.elements.common.UIElement.input(UIElement.java:302)\n\tat com.epam.jdi.bdd.JDISteps.inputText(JDISteps.java:93)\n\tat java.base/jdk.internal.reflect.NativeMethodAccessorImpl.invoke0(Native Method)\n\tat java.base/jdk.internal.reflect.NativeMethodAccessorImpl.invoke(NativeMethodAccessorImpl.java:62)\n\tat java.base/jdk.internal.reflect.DelegatingMethodAccessorImpl.invoke(DelegatingMethodAccessorImpl.java:43)\n\tat java.base/java.lang.reflect.Method.invoke(Method.java:564)\n\tat cucumber.runtime.Utils$1.call(Utils.java:40)\n\tat cucumber.runtime.Timeout.timeout(Timeout.java:16)\n\tat cucumber.runtime.Utils.invoke(Utils.java:34)\n\tat cucumber.runtime.java.JavaStepDefinition.execute(JavaStepDefinition.java:38)\n\tat cucumber.runtime.StepDefinitionMatch.runStep(StepDefinitionMatch.java:37)\n\tat cucumber.runtime.Runtime.runStep(Runtime.java:300)\n\tat cucumber.runtime.model.StepContainer.runStep(StepContainer.java:44)\n\tat cucumber.runtime.model.StepContainer.runSteps(StepContainer.java:39)\n\tat cucumber.runtime.model.CucumberScenario.run(CucumberScenario.java:44)\n\tat cucumber.runtime.junit.ExecutionUnitRunner.run(ExecutionUnitRunner.java:102)\n\tat cucumber.runtime.junit.FeatureRunner.runChild(FeatureRunner.java:63)\n\tat cucumber.runtime.junit.FeatureRunner.runChild(FeatureRunner.java:18)\n\tat org.junit.runners.ParentRunner$3.run(ParentRunner.java:290)\n\tat org.junit.runners.ParentRunner$1.schedule(ParentRunner.java:71)\n\tat org.junit.runners.ParentRunner.runChildren(ParentRunner.java:288)\n\tat org.junit.runners.ParentRunner.access$000(ParentRunner.java:58)\n\tat org.junit.runners.ParentRunner$2.evaluate(ParentRunner.java:268)\n\tat org.junit.runners.ParentRunner.run(ParentRunner.java:363)\n\tat cucumber.runtime.junit.FeatureRunner.run(FeatureRunner.java:70)\n\tat cucumber.api.junit.Cucumber.runChild(Cucumber.java:95)\n\tat cucumber.api.junit.Cucumber.runChild(Cucumber.java:38)\n\tat org.junit.runners.ParentRunner$3.run(ParentRunner.java:290)\n\tat org.junit.runners.ParentRunner$1.schedule(ParentRunner.java:71)\n\tat org.junit.runners.ParentRunner.runChildren(ParentRunner.java:288)\n\tat org.junit.runners.ParentRunner.access$000(ParentRunner.java:58)\n\tat org.junit.runners.ParentRunner$2.evaluate(ParentRunner.java:268)\n\tat org.junit.internal.runners.statements.RunBefores.evaluate(RunBefores.java:26)\n\tat org.junit.internal.runners.statements.RunAfters.evaluate(RunAfters.java:27)\n\tat org.junit.runners.ParentRunner.run(ParentRunner.java:363)\n\tat cucumber.api.junit.Cucumber.run(Cucumber.java:100)\n\tat org.apache.maven.surefire.junit4.JUnit4Provider.execute(JUnit4Provider.java:365)\n\tat org.apache.maven.surefire.junit4.JUnit4Provider.executeWithRerun(JUnit4Provider.java:273)\n\tat org.apache.maven.surefire.junit4.JUnit4Provider.executeTestSet(JUnit4Provider.java:238)\n\tat org.apache.maven.surefire.junit4.JUnit4Provider.invoke(JUnit4Provider.java:159)\n\tat org.apache.maven.surefire.booter.ForkedBooter.invokeProviderInSameClassLoader(ForkedBooter.java:384)\n\tat org.apache.maven.surefire.booter.ForkedBooter.runSuitesInProcess(ForkedBooter.java:345)\n\tat org.apache.maven.surefire.booter.ForkedBooter.execute(ForkedBooter.java:126)\n\tat org.apache.maven.surefire.booter.ForkedBooter.main(ForkedBooter.java:418)\nCaused by: java.lang.RuntimeException: java.lang.RuntimeException: \n\njava.lang.RuntimeException: java.lang.RuntimeException: \nSearch rules failed for element. Please check base().searchRules() for element or in global settings(JDISettings.ELEMENT.searchRule)\n\tat com.epam.jdi.tools.func.JAction2.execute(JAction2.java:21)\n\tat com.epam.jdi.light.elements.common.UIElement.input_aroundBody52(UIElement.java:303)\n\tat com.epam.jdi.light.elements.common.UIElement$AjcClosure53.run(UIElement.java:1)\n\tat org.aspectj.runtime.reflect.JoinPointImpl.proceed(JoinPointImpl.java:167)\n\tat com.epam.jdi.light.actions.ActionObject.execute(ActionObject.java:60)\n\tat com.epam.jdi.light.actions.ActionHelper.stableAction(ActionHelper.java:626)\n\t... 45 more\nCaused by: java.lang.RuntimeException: \n\njava.lang.RuntimeException: java.lang.RuntimeException: \nSearch rules failed for element. Please check base().searchRules() for element or in global settings(JDISettings.ELEMENT.searchRule)\n\tat com.epam.jdi.light.common.Exceptions.exception(Exceptions.java:16)\n\tat com.epam.jdi.light.actions.ActionProcessor.debugAround(ActionProcessor.java:73)\n\tat com.epam.jdi.light.elements.base.JDIBase.get(JDIBase.java:243)\n\tat com.epam.jdi.light.elements.common.UIElement.clear(UIElement.java:152)\n\tat com.epam.jdi.light.common.SetTextTypes.lambda$2(SetTextTypes.java:14)\n\tat com.epam.jdi.tools.func.JAction2.execute(JAction2.java:19)\n\t... 50 more\n",
    "steps" : [ {
      "name" : "Given  Page with url \"https://jdi-testing.github.io/jdi-light/html5.html\" openned",
      "time" : {
        "start" : 1630408593416,
        "stop" : 1630408593575,
        "duration" : 159
      },
      "status" : "passed",
      "steps" : [ {
        "name" : "Open ''(url=https://jdi-testing.github.io/jdi-light/html5.html)",
        "time" : {
          "start" : 1630408593417,
          "stop" : 1630408593574,
          "duration" : 157
        },
        "status" : "passed",
        "steps" : [ {
          "name" : "Open ''(url=https://jdi-testing.github.io/jdi-light/html5.html)",
          "time" : {
            "start" : 1630408593423,
            "stop" : 1630408593574,
            "duration" : 151
          },
          "status" : "passed",
          "steps" : [ ],
          "attachments" : [ ],
          "parameters" : [ ],
          "stepsCount" : 0,
          "attachmentsCount" : 0,
          "shouldDisplayMessage" : false,
          "hasContent" : false
        } ],
        "attachments" : [ {
          "uid" : "9cf54b1f66569771",
          "name" : "Details",
          "source" : "9cf54b1f66569771.html",
          "type" : "text/plain",
          "size" : 165
        } ],
        "parameters" : [ ],
        "stepsCount" : 1,
        "attachmentsCount" : 1,
        "shouldDisplayMessage" : false,
        "hasContent" : true
      } ],
      "attachments" : [ ],
      "parameters" : [ ],
      "stepsCount" : 2,
      "attachmentsCount" : 1,
      "shouldDisplayMessage" : false,
      "hasContent" : true
    }, {
      "name" : "When  input \"simple text\" in \"#name\"",
      "time" : {
        "start" : 1630408593575
      },
      "status" : "unknown",
      "steps" : [ {
        "name" : "Input 'simple text' in '#name'",
        "time" : {
          "start" : 1630408593576,
          "stop" : 1630408604131,
          "duration" : 10555
        },
        "status" : "failed",
        "steps" : [ {
          "name" : "Show",
          "time" : {
            "start" : 1630408603610,
            "stop" : 1630408603699,
            "duration" : 89
          },
          "status" : "passed",
          "steps" : [ ],
          "attachments" : [ ],
          "parameters" : [ ],
          "stepsCount" : 0,
          "attachmentsCount" : 0,
          "shouldDisplayMessage" : false,
          "hasContent" : false
        }, {
          "name" : "Failure details",
          "time" : {
            "start" : 1630408604115,
            "stop" : 1630408604116,
            "duration" : 1
          },
          "status" : "unknown",
          "steps" : [ ],
          "attachments" : [ {
            "uid" : "ae976d588e78253",
            "name" : "Screenshot",
            "source" : "ae976d588e78253.png",
            "type" : "image/png",
            "size" : 138867
          } ],
          "parameters" : [ ],
          "stepsCount" : 0,
          "attachmentsCount" : 1,
          "shouldDisplayMessage" : false,
          "hasContent" : true
        } ],
        "attachments" : [ {
          "uid" : "2c66690250623ddc",
          "name" : "Details",
          "source" : "2c66690250623ddc.html",
          "type" : "text/plain",
          "size" : 19
        } ],
        "parameters" : [ ],
        "stepsCount" : 2,
        "attachmentsCount" : 2,
        "shouldDisplayMessage" : false,
        "hasContent" : true
      } ],
      "attachments" : [ ],
      "parameters" : [ ],
      "stepsCount" : 3,
      "attachmentsCount" : 2,
      "shouldDisplayMessage" : false,
      "hasContent" : true
    }, {
      "name" : "Then  the \"#name\" text equals to \"simple text\"",
      "time" : {
        "start" : 1630408604131,
        "stop" : 1630408604131,
        "duration" : 0
      },
      "status" : "skipped",
      "steps" : [ ],
      "attachments" : [ ],
      "parameters" : [ ],
      "stepsCount" : 0,
      "attachmentsCount" : 0,
      "shouldDisplayMessage" : false,
      "hasContent" : false
    } ],
    "attachments" : [ ],
    "parameters" : [ ],
    "stepsCount" : 8,
    "attachmentsCount" : 3,
    "shouldDisplayMessage" : true,
    "hasContent" : true
  },
  "afterStages" : [ ],
  "labels" : [ {
    "name" : "feature",
    "value" : "TestsWithLocators"
  }, {
    "name" : "story",
    "value" : "getValue element"
  }, {
    "name" : "tag",
    "value" : "locators"
  }, {
    "name" : "host",
    "value" : "fv-az234-207"
  }, {
    "name" : "thread",
    "value" : "4407@fv-az234-207.main(1)"
  }, {
    "name" : "package",
    "value" : "TestsWithLocators"
  }, {
    "name" : "suite",
    "value" : "TestsWithLocators"
  }, {
    "name" : "testClass",
    "value" : "getValue element"
  }, {
    "name" : "framework",
    "value" : "cucumberjvm"
  }, {
    "name" : "language",
    "value" : "java"
  }, {
    "name" : "resultFormat",
    "value" : "allure2"
  } ],
  "parameters" : [ ],
  "links" : [ ],
  "hidden" : false,
  "retry" : false,
  "extra" : {
    "severity" : "normal",
    "retries" : [ ],
    "categories" : [ {
      "name" : "Test defects",
      "matchedStatuses" : [ ],
      "flaky" : false
    } ],
    "history" : {
      "statistic" : {
        "failed" : 0,
        "broken" : 7,
        "skipped" : 0,
        "passed" : 0,
        "unknown" : 0,
        "total" : 7
      },
      "items" : [ {
        "uid" : "a8079abe05afd633",
        "reportUrl" : "https://jdi-templates.github.io/jdi-light-bdd-template/3//#testresult/a8079abe05afd633",
        "status" : "broken",
        "statusDetails" : "[08:50.463] Failed to execute 'UIElement.input' for element '#name' during '10' seconds.    \nSearch rules failed for element. Please check base().searchRules() for element or in global settings(JDISettings.ELEMENT.searchRule)",
        "time" : {
          "start" : 1630408119585,
          "stop" : 1630408130467,
          "duration" : 10882
        }
      }, {
        "uid" : "4a8357a127b2f15b",
        "reportUrl" : "https://jdi-templates.github.io/jdi-light-bdd-template/3//#testresult/4a8357a127b2f15b",
        "status" : "broken",
        "statusDetails" : "[00:57.248] Failed to execute 'UIElement.input' for element '#name' during '10' seconds.    \nSearch rules failed for element. Please check base().searchRules() for element or in global settings(JDISettings.ELEMENT.searchRule)",
        "time" : {
          "start" : 1630407646494,
          "stop" : 1630407657260,
          "duration" : 10766
        }
      }, {
        "uid" : "62b504454eb3e071",
        "reportUrl" : "https://jdi-templates.github.io/jdi-light-bdd-template/3//#testresult/62b504454eb3e071",
        "status" : "broken",
        "statusDetails" : "[52:58.810] Failed to execute 'UIElement.input' for element '#name' during '10' seconds.    \nSearch rules failed for element. Please check base().searchRules() for element or in global settings(JDISettings.ELEMENT.searchRule)",
        "time" : {
          "start" : 1630407167874,
          "stop" : 1630407178814,
          "duration" : 10940
        }
      }, {
        "uid" : "2afe0679b07d57db",
        "reportUrl" : "https://jdi-templates.github.io/jdi-light-bdd-template/3//#testresult/2afe0679b07d57db",
        "status" : "broken",
        "statusDetails" : "[45:05.207] Failed to execute 'UIElement.input' for element '#name' during '10' seconds.    \nSearch rules failed for element. Please check base().searchRules() for element or in global settings(JDISettings.ELEMENT.searchRule)",
        "time" : {
          "start" : 1630406694283,
          "stop" : 1630406705212,
          "duration" : 10929
        }
      }, {
        "uid" : "f37fb297e60dc6ac",
        "reportUrl" : "https://jdi-templates.github.io/jdi-light-bdd-template/3//#testresult/f37fb297e60dc6ac",
        "status" : "broken",
        "statusDetails" : "[37:27.638] Failed to execute 'UIElement.input' for element '#name' during '10' seconds.    \nSearch rules failed for element. Please check base().searchRules() for element or in global settings(JDISettings.ELEMENT.searchRule)",
        "time" : {
          "start" : 1630406236779,
          "stop" : 1630406247642,
          "duration" : 10863
        }
      }, {
        "uid" : "9792706831aaa094",
        "reportUrl" : "https://jdi-templates.github.io/jdi-light-bdd-template/3//#testresult/9792706831aaa094",
        "status" : "broken",
        "statusDetails" : "[29:42.848] Failed to execute 'UIElement.input' for element '#name' during '10' seconds.    \nSearch rules failed for element. Please check base().searchRules() for element or in global settings(JDISettings.ELEMENT.searchRule)",
        "time" : {
          "start" : 1630405771978,
          "stop" : 1630405782851,
          "duration" : 10873
        }
      } ]
    },
    "tags" : [ "locators" ]
  },
  "source" : "c863b3eb0ac0a906.json",
  "parameterValues" : [ ]
}