{
  "uid" : "cdac28cb5a4c155f",
  "name" : "isDisplayed element",
  "fullName" : "TestsWithName: isDisplayed element",
  "historyId" : "36acf9155ae1ce77e5a5c534d9781d7d",
  "time" : {
    "start" : 1630407768461,
    "stop" : 1630407779027,
    "duration" : 10566
  },
  "status" : "failed",
  "statusMessage" : "[02:59.25] Failed to execute 'IsAssert.displayed' for element '#name(css='#name')' during '10' seconds. 02:58.423 Expected: is \"displayed\"\n     but: was \"hidden\"",
  "statusTrace" : "java.lang.AssertionError: [02:59.25] Failed to execute 'IsAssert.displayed' for element '#name(css='#name')' during '10' seconds. 02:58.423 Expected: is \"displayed\"\n     but: was \"hidden\"\n\tat com.epam.jdi.light.common.Exceptions.exception(Exceptions.java:27)\n\tat com.epam.jdi.light.actions.ActionHelper.actionFailed(ActionHelper.java:383)\n\tat com.epam.jdi.tools.func.JFunc2.execute(JFunc2.java:19)\n\tat com.epam.jdi.light.actions.ActionProcessor.jdiAround(ActionProcessor.java:55)\n\tat com.epam.jdi.light.asserts.generic.UIAssert.displayed(UIAssert.java:27)\n\tat com.epam.jdi.light.asserts.generic.UIAssert.displayed(UIAssert.java:1)\n\tat com.epam.jdi.bdd.JDISteps.isDisplayed(JDISteps.java:267)\n\tat ✽.Then the \"Name\" is displayed(features/TestsWithName.feature:67)\nCaused by: java.lang.AssertionError: Failed to execute 'IsAssert.displayed' for element '#name(css='#name')' during '10' seconds. 02:58.423 \nExpected: is \"displayed\"\n     but: was \"hidden\"\n\tat com.epam.jdi.light.common.Exceptions.exception(Exceptions.java:27)\n\tat com.epam.jdi.light.actions.ActionHelper.stableAction(ActionHelper.java:638)\n\tat com.epam.jdi.light.actions.ActionProcessor.jdiAround(ActionProcessor.java:48)\n\tat com.epam.jdi.light.asserts.generic.UIAssert.displayed(UIAssert.java:27)\n\tat com.epam.jdi.light.asserts.generic.UIAssert.displayed(UIAssert.java:1)\n\tat com.epam.jdi.bdd.JDISteps.isDisplayed(JDISteps.java:267)\n\tat java.base/jdk.internal.reflect.NativeMethodAccessorImpl.invoke0(Native Method)\n\tat java.base/jdk.internal.reflect.NativeMethodAccessorImpl.invoke(NativeMethodAccessorImpl.java:62)\n\tat java.base/jdk.internal.reflect.DelegatingMethodAccessorImpl.invoke(DelegatingMethodAccessorImpl.java:43)\n\tat java.base/java.lang.reflect.Method.invoke(Method.java:567)\n\tat cucumber.runtime.Utils$1.call(Utils.java:40)\n\tat cucumber.runtime.Timeout.timeout(Timeout.java:16)\n\tat cucumber.runtime.Utils.invoke(Utils.java:34)\n\tat cucumber.runtime.java.JavaStepDefinition.execute(JavaStepDefinition.java:38)\n\tat cucumber.runtime.StepDefinitionMatch.runStep(StepDefinitionMatch.java:37)\n\tat cucumber.runtime.Runtime.runStep(Runtime.java:300)\n\tat cucumber.runtime.model.StepContainer.runStep(StepContainer.java:44)\n\tat cucumber.runtime.model.StepContainer.runSteps(StepContainer.java:39)\n\tat cucumber.runtime.model.CucumberScenario.run(CucumberScenario.java:44)\n\tat cucumber.runtime.junit.ExecutionUnitRunner.run(ExecutionUnitRunner.java:102)\n\tat cucumber.runtime.junit.FeatureRunner.runChild(FeatureRunner.java:63)\n\tat cucumber.runtime.junit.FeatureRunner.runChild(FeatureRunner.java:18)\n\tat org.junit.runners.ParentRunner$3.run(ParentRunner.java:290)\n\tat org.junit.runners.ParentRunner$1.schedule(ParentRunner.java:71)\n\tat org.junit.runners.ParentRunner.runChildren(ParentRunner.java:288)\n\tat org.junit.runners.ParentRunner.access$000(ParentRunner.java:58)\n\tat org.junit.runners.ParentRunner$2.evaluate(ParentRunner.java:268)\n\tat org.junit.runners.ParentRunner.run(ParentRunner.java:363)\n\tat cucumber.runtime.junit.FeatureRunner.run(FeatureRunner.java:70)\n\tat cucumber.api.junit.Cucumber.runChild(Cucumber.java:95)\n\tat cucumber.api.junit.Cucumber.runChild(Cucumber.java:38)\n\tat org.junit.runners.ParentRunner$3.run(ParentRunner.java:290)\n\tat org.junit.runners.ParentRunner$1.schedule(ParentRunner.java:71)\n\tat org.junit.runners.ParentRunner.runChildren(ParentRunner.java:288)\n\tat org.junit.runners.ParentRunner.access$000(ParentRunner.java:58)\n\tat org.junit.runners.ParentRunner$2.evaluate(ParentRunner.java:268)\n\tat org.junit.internal.runners.statements.RunBefores.evaluate(RunBefores.java:26)\n\tat org.junit.internal.runners.statements.RunAfters.evaluate(RunAfters.java:27)\n\tat org.junit.runners.ParentRunner.run(ParentRunner.java:363)\n\tat cucumber.api.junit.Cucumber.run(Cucumber.java:100)\n\tat org.apache.maven.surefire.junit4.JUnit4Provider.execute(JUnit4Provider.java:365)\n\tat org.apache.maven.surefire.junit4.JUnit4Provider.executeWithRerun(JUnit4Provider.java:273)\n\tat org.apache.maven.surefire.junit4.JUnit4Provider.executeTestSet(JUnit4Provider.java:238)\n\tat org.apache.maven.surefire.junit4.JUnit4Provider.invoke(JUnit4Provider.java:159)\n\tat org.apache.maven.surefire.booter.ForkedBooter.invokeProviderInSameClassLoader(ForkedBooter.java:384)\n\tat org.apache.maven.surefire.booter.ForkedBooter.runSuitesInProcess(ForkedBooter.java:345)\n\tat org.apache.maven.surefire.booter.ForkedBooter.execute(ForkedBooter.java:126)\n\tat org.apache.maven.surefire.booter.ForkedBooter.main(ForkedBooter.java:418)\nCaused by: java.lang.AssertionError: 02:58.423 \nExpected: is \"displayed\"\n     but: was \"hidden\"\n\tat com.epam.jdi.light.asserts.core.SoftAssert.jdiAssert(SoftAssert.java:48)\n\tat com.epam.jdi.light.asserts.core.SoftAssert.jdiAssert(SoftAssert.java:59)\n\tat com.epam.jdi.light.asserts.generic.UIAssert.displayed_aroundBody2(UIAssert.java:28)\n\tat com.epam.jdi.light.asserts.generic.UIAssert$AjcClosure3.run(UIAssert.java:1)\n\tat org.aspectj.runtime.reflect.JoinPointImpl.proceed(JoinPointImpl.java:167)\n\tat com.epam.jdi.light.actions.ActionObject.execute(ActionObject.java:60)\n\tat com.epam.jdi.light.actions.ActionHelper.stableAction(ActionHelper.java:626)\n\t... 46 more\n",
  "flaky" : false,
  "newFailed" : false,
  "beforeStages" : [ ],
  "testStage" : {
    "status" : "failed",
    "statusMessage" : "[02:59.25] Failed to execute 'IsAssert.displayed' for element '#name(css='#name')' during '10' seconds. 02:58.423 Expected: is \"displayed\"\n     but: was \"hidden\"",
    "statusTrace" : "java.lang.AssertionError: [02:59.25] Failed to execute 'IsAssert.displayed' for element '#name(css='#name')' during '10' seconds. 02:58.423 Expected: is \"displayed\"\n     but: was \"hidden\"\n\tat com.epam.jdi.light.common.Exceptions.exception(Exceptions.java:27)\n\tat com.epam.jdi.light.actions.ActionHelper.actionFailed(ActionHelper.java:383)\n\tat com.epam.jdi.tools.func.JFunc2.execute(JFunc2.java:19)\n\tat com.epam.jdi.light.actions.ActionProcessor.jdiAround(ActionProcessor.java:55)\n\tat com.epam.jdi.light.asserts.generic.UIAssert.displayed(UIAssert.java:27)\n\tat com.epam.jdi.light.asserts.generic.UIAssert.displayed(UIAssert.java:1)\n\tat com.epam.jdi.bdd.JDISteps.isDisplayed(JDISteps.java:267)\n\tat ✽.Then the \"Name\" is displayed(features/TestsWithName.feature:67)\nCaused by: java.lang.AssertionError: Failed to execute 'IsAssert.displayed' for element '#name(css='#name')' during '10' seconds. 02:58.423 \nExpected: is \"displayed\"\n     but: was \"hidden\"\n\tat com.epam.jdi.light.common.Exceptions.exception(Exceptions.java:27)\n\tat com.epam.jdi.light.actions.ActionHelper.stableAction(ActionHelper.java:638)\n\tat com.epam.jdi.light.actions.ActionProcessor.jdiAround(ActionProcessor.java:48)\n\tat com.epam.jdi.light.asserts.generic.UIAssert.displayed(UIAssert.java:27)\n\tat com.epam.jdi.light.asserts.generic.UIAssert.displayed(UIAssert.java:1)\n\tat com.epam.jdi.bdd.JDISteps.isDisplayed(JDISteps.java:267)\n\tat java.base/jdk.internal.reflect.NativeMethodAccessorImpl.invoke0(Native Method)\n\tat java.base/jdk.internal.reflect.NativeMethodAccessorImpl.invoke(NativeMethodAccessorImpl.java:62)\n\tat java.base/jdk.internal.reflect.DelegatingMethodAccessorImpl.invoke(DelegatingMethodAccessorImpl.java:43)\n\tat java.base/java.lang.reflect.Method.invoke(Method.java:567)\n\tat cucumber.runtime.Utils$1.call(Utils.java:40)\n\tat cucumber.runtime.Timeout.timeout(Timeout.java:16)\n\tat cucumber.runtime.Utils.invoke(Utils.java:34)\n\tat cucumber.runtime.java.JavaStepDefinition.execute(JavaStepDefinition.java:38)\n\tat cucumber.runtime.StepDefinitionMatch.runStep(StepDefinitionMatch.java:37)\n\tat cucumber.runtime.Runtime.runStep(Runtime.java:300)\n\tat cucumber.runtime.model.StepContainer.runStep(StepContainer.java:44)\n\tat cucumber.runtime.model.StepContainer.runSteps(StepContainer.java:39)\n\tat cucumber.runtime.model.CucumberScenario.run(CucumberScenario.java:44)\n\tat cucumber.runtime.junit.ExecutionUnitRunner.run(ExecutionUnitRunner.java:102)\n\tat cucumber.runtime.junit.FeatureRunner.runChild(FeatureRunner.java:63)\n\tat cucumber.runtime.junit.FeatureRunner.runChild(FeatureRunner.java:18)\n\tat org.junit.runners.ParentRunner$3.run(ParentRunner.java:290)\n\tat org.junit.runners.ParentRunner$1.schedule(ParentRunner.java:71)\n\tat org.junit.runners.ParentRunner.runChildren(ParentRunner.java:288)\n\tat org.junit.runners.ParentRunner.access$000(ParentRunner.java:58)\n\tat org.junit.runners.ParentRunner$2.evaluate(ParentRunner.java:268)\n\tat org.junit.runners.ParentRunner.run(ParentRunner.java:363)\n\tat cucumber.runtime.junit.FeatureRunner.run(FeatureRunner.java:70)\n\tat cucumber.api.junit.Cucumber.runChild(Cucumber.java:95)\n\tat cucumber.api.junit.Cucumber.runChild(Cucumber.java:38)\n\tat org.junit.runners.ParentRunner$3.run(ParentRunner.java:290)\n\tat org.junit.runners.ParentRunner$1.schedule(ParentRunner.java:71)\n\tat org.junit.runners.ParentRunner.runChildren(ParentRunner.java:288)\n\tat org.junit.runners.ParentRunner.access$000(ParentRunner.java:58)\n\tat org.junit.runners.ParentRunner$2.evaluate(ParentRunner.java:268)\n\tat org.junit.internal.runners.statements.RunBefores.evaluate(RunBefores.java:26)\n\tat org.junit.internal.runners.statements.RunAfters.evaluate(RunAfters.java:27)\n\tat org.junit.runners.ParentRunner.run(ParentRunner.java:363)\n\tat cucumber.api.junit.Cucumber.run(Cucumber.java:100)\n\tat org.apache.maven.surefire.junit4.JUnit4Provider.execute(JUnit4Provider.java:365)\n\tat org.apache.maven.surefire.junit4.JUnit4Provider.executeWithRerun(JUnit4Provider.java:273)\n\tat org.apache.maven.surefire.junit4.JUnit4Provider.executeTestSet(JUnit4Provider.java:238)\n\tat org.apache.maven.surefire.junit4.JUnit4Provider.invoke(JUnit4Provider.java:159)\n\tat org.apache.maven.surefire.booter.ForkedBooter.invokeProviderInSameClassLoader(ForkedBooter.java:384)\n\tat org.apache.maven.surefire.booter.ForkedBooter.runSuitesInProcess(ForkedBooter.java:345)\n\tat org.apache.maven.surefire.booter.ForkedBooter.execute(ForkedBooter.java:126)\n\tat org.apache.maven.surefire.booter.ForkedBooter.main(ForkedBooter.java:418)\nCaused by: java.lang.AssertionError: 02:58.423 \nExpected: is \"displayed\"\n     but: was \"hidden\"\n\tat com.epam.jdi.light.asserts.core.SoftAssert.jdiAssert(SoftAssert.java:48)\n\tat com.epam.jdi.light.asserts.core.SoftAssert.jdiAssert(SoftAssert.java:59)\n\tat com.epam.jdi.light.asserts.generic.UIAssert.displayed_aroundBody2(UIAssert.java:28)\n\tat com.epam.jdi.light.asserts.generic.UIAssert$AjcClosure3.run(UIAssert.java:1)\n\tat org.aspectj.runtime.reflect.JoinPointImpl.proceed(JoinPointImpl.java:167)\n\tat com.epam.jdi.light.actions.ActionObject.execute(ActionObject.java:60)\n\tat com.epam.jdi.light.actions.ActionHelper.stableAction(ActionHelper.java:626)\n\t... 46 more\n",
    "steps" : [ {
      "name" : "Given  I'm on \"Html5 Page\" page",
      "time" : {
        "start" : 1630407768462,
        "stop" : 1630407768471,
        "duration" : 9
      },
      "status" : "passed",
      "steps" : [ {
        "name" : "''(url=https://jdi-testing.github.io/jdi-light/html5.html) should be opened",
        "time" : {
          "start" : 1630407768462,
          "stop" : 1630407768471,
          "duration" : 9
        },
        "status" : "passed",
        "steps" : [ {
          "name" : "''(url=https://jdi-testing.github.io/jdi-light/html5.html) should be opened",
          "time" : {
            "start" : 1630407768467,
            "stop" : 1630407768471,
            "duration" : 4
          },
          "status" : "passed",
          "steps" : [ ],
          "attachments" : [ ],
          "parameters" : [ ],
          "shouldDisplayMessage" : false,
          "hasContent" : false,
          "stepsCount" : 0,
          "attachmentsCount" : 0
        } ],
        "attachments" : [ {
          "uid" : "fed533679064fc8e",
          "name" : "Details",
          "source" : "fed533679064fc8e.html",
          "type" : "text/plain",
          "size" : 126
        } ],
        "parameters" : [ ],
        "shouldDisplayMessage" : false,
        "hasContent" : true,
        "stepsCount" : 1,
        "attachmentsCount" : 1
      } ],
      "attachments" : [ ],
      "parameters" : [ ],
      "shouldDisplayMessage" : false,
      "hasContent" : true,
      "stepsCount" : 2,
      "attachmentsCount" : 1
    }, {
      "name" : "Then  the \"Name\" is displayed",
      "time" : {
        "start" : 1630407768472
      },
      "status" : "unknown",
      "steps" : [ {
        "name" : "Assert that '#name' is displayed",
        "time" : {
          "start" : 1630407768472,
          "stop" : 1630407779027,
          "duration" : 10555
        },
        "status" : "failed",
        "steps" : [ {
          "name" : "Check that '#name' is displayed",
          "time" : {
            "start" : 1630407768477,
            "stop" : 1630407768561,
            "duration" : 84
          },
          "status" : "passed",
          "steps" : [ ],
          "attachments" : [ {
            "uid" : "2dc590085fd99b12",
            "name" : "Actual result",
            "source" : "2dc590085fd99b12.html",
            "type" : "text/plain",
            "size" : 5
          } ],
          "parameters" : [ ],
          "shouldDisplayMessage" : false,
          "hasContent" : true,
          "stepsCount" : 0,
          "attachmentsCount" : 1
        }, {
          "name" : "Failure details",
          "time" : {
            "start" : 1630407779020,
            "stop" : 1630407779020,
            "duration" : 0
          },
          "status" : "unknown",
          "steps" : [ ],
          "attachments" : [ {
            "uid" : "aea79037ef35580a",
            "name" : "Screenshot",
            "source" : "aea79037ef35580a.png",
            "type" : "image/png",
            "size" : 136151
          } ],
          "parameters" : [ ],
          "shouldDisplayMessage" : false,
          "hasContent" : true,
          "stepsCount" : 0,
          "attachmentsCount" : 1
        } ],
        "attachments" : [ {
          "uid" : "e93bff0bff540817",
          "name" : "Details",
          "source" : "e93bff0bff540817.html",
          "type" : "text/plain",
          "size" : 19
        } ],
        "parameters" : [ ],
        "shouldDisplayMessage" : false,
        "hasContent" : true,
        "stepsCount" : 2,
        "attachmentsCount" : 3
      } ],
      "attachments" : [ ],
      "parameters" : [ ],
      "shouldDisplayMessage" : false,
      "hasContent" : true,
      "stepsCount" : 3,
      "attachmentsCount" : 3
    } ],
    "attachments" : [ ],
    "parameters" : [ ],
    "shouldDisplayMessage" : true,
    "hasContent" : true,
    "stepsCount" : 7,
    "attachmentsCount" : 4
  },
  "afterStages" : [ ],
  "labels" : [ {
    "name" : "feature",
    "value" : "TestsWithName"
  }, {
    "name" : "story",
    "value" : "isDisplayed element"
  }, {
    "name" : "tag",
    "value" : "names"
  }, {
    "name" : "host",
    "value" : "fv-az174-74"
  }, {
    "name" : "thread",
    "value" : "4366@fv-az174-74.main(1)"
  }, {
    "name" : "package",
    "value" : "TestsWithName"
  }, {
    "name" : "suite",
    "value" : "TestsWithName"
  }, {
    "name" : "testClass",
    "value" : "isDisplayed element"
  }, {
    "name" : "framework",
    "value" : "cucumberjvm"
  }, {
    "name" : "language",
    "value" : "java"
  }, {
    "name" : "resultFormat",
    "value" : "allure2"
  } ],
  "parameters" : [ ],
  "links" : [ ],
  "hidden" : false,
  "retry" : false,
  "extra" : {
    "severity" : "normal",
    "retries" : [ ],
    "categories" : [ {
      "name" : "Product defects",
      "matchedStatuses" : [ ],
      "flaky" : false
    } ],
    "history" : {
      "statistic" : {
        "failed" : 5,
        "broken" : 0,
        "skipped" : 0,
        "passed" : 0,
        "unknown" : 0,
        "total" : 5
      },
      "items" : [ {
        "uid" : "14e809f938ceb693",
        "reportUrl" : "https://jdi-templates.github.io/jdi-light-bdd-template/3//#testresult/14e809f938ceb693",
        "status" : "failed",
        "statusDetails" : "[55:01.245] Failed to execute 'IsAssert.displayed' for element '#name(css='#name')' during '10' seconds. 55:00.629 Expected: is \"displayed\"\n     but: was \"hidden\"",
        "time" : {
          "start" : 1630407290684,
          "stop" : 1630407301247,
          "duration" : 10563
        }
      }, {
        "uid" : "2f04322a1b4120bf",
        "reportUrl" : "https://jdi-templates.github.io/jdi-light-bdd-template/3//#testresult/2f04322a1b4120bf",
        "status" : "failed",
        "statusDetails" : "[47:07.6] Failed to execute 'IsAssert.displayed' for element '#name(css='#name')' during '10' seconds. 47:06.431 Expected: is \"displayed\"\n     but: was \"hidden\"",
        "time" : {
          "start" : 1630406816387,
          "stop" : 1630406827008,
          "duration" : 10621
        }
      }, {
        "uid" : "453ff2fa40209941",
        "reportUrl" : "https://jdi-templates.github.io/jdi-light-bdd-template/3//#testresult/453ff2fa40209941",
        "status" : "failed",
        "statusDetails" : "[39:29.436] Failed to execute 'IsAssert.displayed' for element '#name(css='#name')' during '10' seconds. 39:28.821 Expected: is \"displayed\"\n     but: was \"hidden\"",
        "time" : {
          "start" : 1630406358781,
          "stop" : 1630406369439,
          "duration" : 10658
        }
      }, {
        "uid" : "720e4dd38bd0c1ee",
        "reportUrl" : "https://jdi-templates.github.io/jdi-light-bdd-template/3//#testresult/720e4dd38bd0c1ee",
        "status" : "failed",
        "statusDetails" : "[31:44.394] Failed to execute 'IsAssert.displayed' for element '#name(css='#name')' during '10' seconds. 31:43.803 Expected: is \"displayed\"\n     but: was \"hidden\"",
        "time" : {
          "start" : 1630405893761,
          "stop" : 1630405904396,
          "duration" : 10635
        }
      } ]
    },
    "tags" : [ "names" ]
  },
  "source" : "cdac28cb5a4c155f.json",
  "parameterValues" : [ ]
}