{
  "uid" : "e2839b7c221a5785",
  "name" : "input element",
  "fullName" : "TestsWithName: input element",
  "historyId" : "2367d37c412c178f68b2b5b4029ee71f",
  "time" : {
    "start" : 1630406293514,
    "stop" : 1630406304114,
    "duration" : 10600
  },
  "status" : "broken",
  "statusMessage" : "[38:24.112] Failed to execute 'UIElement.input' for element '#name' during '10' seconds.    \nSearch rules failed for element. Please check base().searchRules() for element or in global settings(JDISettings.ELEMENT.searchRule)",
  "statusTrace" : "java.lang.RuntimeException: [38:24.112] Failed to execute 'UIElement.input' for element '#name' during '10' seconds.    \nSearch rules failed for element. Please check base().searchRules() for element or in global settings(JDISettings.ELEMENT.searchRule)\n\tat com.epam.jdi.light.common.Exceptions.exception(Exceptions.java:31)\n\tat com.epam.jdi.light.actions.ActionHelper.actionFailed(ActionHelper.java:383)\n\tat com.epam.jdi.tools.func.JFunc2.execute(JFunc2.java:19)\n\tat com.epam.jdi.light.actions.ActionProcessor.jdiAround(ActionProcessor.java:55)\n\tat com.epam.jdi.light.elements.common.UIElement.input(UIElement.java:302)\n\tat com.epam.jdi.bdd.JDISteps.inputText(JDISteps.java:93)\n\tat ✽.When I input \"simple 1234\" in \"Name\"(features/TestsWithName.feature:21)\nCaused by: java.lang.RuntimeException: Failed to execute 'UIElement.input' for element '#name' during '10' seconds. java.lang.RuntimeException: \n\njava.lang.RuntimeException: java.lang.RuntimeException: \nSearch rules failed for element. Please check base().searchRules() for element or in global settings(JDISettings.ELEMENT.searchRule)\n\tat com.epam.jdi.light.common.Exceptions.exception(Exceptions.java:31)\n\tat com.epam.jdi.light.actions.ActionHelper.stableAction(ActionHelper.java:638)\n\tat com.epam.jdi.light.actions.ActionProcessor.jdiAround(ActionProcessor.java:48)\n\tat com.epam.jdi.light.elements.common.UIElement.input(UIElement.java:302)\n\tat com.epam.jdi.bdd.JDISteps.inputText(JDISteps.java:93)\n\tat java.base/jdk.internal.reflect.NativeMethodAccessorImpl.invoke0(Native Method)\n\tat java.base/jdk.internal.reflect.NativeMethodAccessorImpl.invoke(NativeMethodAccessorImpl.java:62)\n\tat java.base/jdk.internal.reflect.DelegatingMethodAccessorImpl.invoke(DelegatingMethodAccessorImpl.java:43)\n\tat java.base/java.lang.reflect.Method.invoke(Method.java:564)\n\tat cucumber.runtime.Utils$1.call(Utils.java:40)\n\tat cucumber.runtime.Timeout.timeout(Timeout.java:16)\n\tat cucumber.runtime.Utils.invoke(Utils.java:34)\n\tat cucumber.runtime.java.JavaStepDefinition.execute(JavaStepDefinition.java:38)\n\tat cucumber.runtime.StepDefinitionMatch.runStep(StepDefinitionMatch.java:37)\n\tat cucumber.runtime.Runtime.runStep(Runtime.java:300)\n\tat cucumber.runtime.model.StepContainer.runStep(StepContainer.java:44)\n\tat cucumber.runtime.model.StepContainer.runSteps(StepContainer.java:39)\n\tat cucumber.runtime.model.CucumberScenario.run(CucumberScenario.java:44)\n\tat cucumber.runtime.junit.ExecutionUnitRunner.run(ExecutionUnitRunner.java:102)\n\tat cucumber.runtime.junit.FeatureRunner.runChild(FeatureRunner.java:63)\n\tat cucumber.runtime.junit.FeatureRunner.runChild(FeatureRunner.java:18)\n\tat org.junit.runners.ParentRunner$3.run(ParentRunner.java:290)\n\tat org.junit.runners.ParentRunner$1.schedule(ParentRunner.java:71)\n\tat org.junit.runners.ParentRunner.runChildren(ParentRunner.java:288)\n\tat org.junit.runners.ParentRunner.access$000(ParentRunner.java:58)\n\tat org.junit.runners.ParentRunner$2.evaluate(ParentRunner.java:268)\n\tat org.junit.runners.ParentRunner.run(ParentRunner.java:363)\n\tat cucumber.runtime.junit.FeatureRunner.run(FeatureRunner.java:70)\n\tat cucumber.api.junit.Cucumber.runChild(Cucumber.java:95)\n\tat cucumber.api.junit.Cucumber.runChild(Cucumber.java:38)\n\tat org.junit.runners.ParentRunner$3.run(ParentRunner.java:290)\n\tat org.junit.runners.ParentRunner$1.schedule(ParentRunner.java:71)\n\tat org.junit.runners.ParentRunner.runChildren(ParentRunner.java:288)\n\tat org.junit.runners.ParentRunner.access$000(ParentRunner.java:58)\n\tat org.junit.runners.ParentRunner$2.evaluate(ParentRunner.java:268)\n\tat org.junit.internal.runners.statements.RunBefores.evaluate(RunBefores.java:26)\n\tat org.junit.internal.runners.statements.RunAfters.evaluate(RunAfters.java:27)\n\tat org.junit.runners.ParentRunner.run(ParentRunner.java:363)\n\tat cucumber.api.junit.Cucumber.run(Cucumber.java:100)\n\tat org.apache.maven.surefire.junit4.JUnit4Provider.execute(JUnit4Provider.java:365)\n\tat org.apache.maven.surefire.junit4.JUnit4Provider.executeWithRerun(JUnit4Provider.java:273)\n\tat org.apache.maven.surefire.junit4.JUnit4Provider.executeTestSet(JUnit4Provider.java:238)\n\tat org.apache.maven.surefire.junit4.JUnit4Provider.invoke(JUnit4Provider.java:159)\n\tat org.apache.maven.surefire.booter.ForkedBooter.invokeProviderInSameClassLoader(ForkedBooter.java:384)\n\tat org.apache.maven.surefire.booter.ForkedBooter.runSuitesInProcess(ForkedBooter.java:345)\n\tat org.apache.maven.surefire.booter.ForkedBooter.execute(ForkedBooter.java:126)\n\tat org.apache.maven.surefire.booter.ForkedBooter.main(ForkedBooter.java:418)\nCaused by: java.lang.RuntimeException: java.lang.RuntimeException: \n\njava.lang.RuntimeException: java.lang.RuntimeException: \nSearch rules failed for element. Please check base().searchRules() for element or in global settings(JDISettings.ELEMENT.searchRule)\n\tat com.epam.jdi.tools.func.JAction2.execute(JAction2.java:21)\n\tat com.epam.jdi.light.elements.common.UIElement.input_aroundBody52(UIElement.java:303)\n\tat com.epam.jdi.light.elements.common.UIElement$AjcClosure53.run(UIElement.java:1)\n\tat org.aspectj.runtime.reflect.JoinPointImpl.proceed(JoinPointImpl.java:167)\n\tat com.epam.jdi.light.actions.ActionObject.execute(ActionObject.java:60)\n\tat com.epam.jdi.light.actions.ActionHelper.stableAction(ActionHelper.java:626)\n\t... 45 more\nCaused by: java.lang.RuntimeException: \n\njava.lang.RuntimeException: java.lang.RuntimeException: \nSearch rules failed for element. Please check base().searchRules() for element or in global settings(JDISettings.ELEMENT.searchRule)\n\tat com.epam.jdi.light.common.Exceptions.exception(Exceptions.java:16)\n\tat com.epam.jdi.light.actions.ActionProcessor.debugAround(ActionProcessor.java:73)\n\tat com.epam.jdi.light.elements.base.JDIBase.get(JDIBase.java:243)\n\tat com.epam.jdi.light.elements.common.UIElement.clear(UIElement.java:152)\n\tat com.epam.jdi.light.common.SetTextTypes.lambda$2(SetTextTypes.java:14)\n\tat com.epam.jdi.tools.func.JAction2.execute(JAction2.java:19)\n\t... 50 more\n",
  "flaky" : false,
  "newFailed" : false,
  "beforeStages" : [ ],
  "testStage" : {
    "status" : "broken",
    "statusMessage" : "[38:24.112] Failed to execute 'UIElement.input' for element '#name' during '10' seconds.    \nSearch rules failed for element. Please check base().searchRules() for element or in global settings(JDISettings.ELEMENT.searchRule)",
    "statusTrace" : "java.lang.RuntimeException: [38:24.112] Failed to execute 'UIElement.input' for element '#name' during '10' seconds.    \nSearch rules failed for element. Please check base().searchRules() for element or in global settings(JDISettings.ELEMENT.searchRule)\n\tat com.epam.jdi.light.common.Exceptions.exception(Exceptions.java:31)\n\tat com.epam.jdi.light.actions.ActionHelper.actionFailed(ActionHelper.java:383)\n\tat com.epam.jdi.tools.func.JFunc2.execute(JFunc2.java:19)\n\tat com.epam.jdi.light.actions.ActionProcessor.jdiAround(ActionProcessor.java:55)\n\tat com.epam.jdi.light.elements.common.UIElement.input(UIElement.java:302)\n\tat com.epam.jdi.bdd.JDISteps.inputText(JDISteps.java:93)\n\tat ✽.When I input \"simple 1234\" in \"Name\"(features/TestsWithName.feature:21)\nCaused by: java.lang.RuntimeException: Failed to execute 'UIElement.input' for element '#name' during '10' seconds. java.lang.RuntimeException: \n\njava.lang.RuntimeException: java.lang.RuntimeException: \nSearch rules failed for element. Please check base().searchRules() for element or in global settings(JDISettings.ELEMENT.searchRule)\n\tat com.epam.jdi.light.common.Exceptions.exception(Exceptions.java:31)\n\tat com.epam.jdi.light.actions.ActionHelper.stableAction(ActionHelper.java:638)\n\tat com.epam.jdi.light.actions.ActionProcessor.jdiAround(ActionProcessor.java:48)\n\tat com.epam.jdi.light.elements.common.UIElement.input(UIElement.java:302)\n\tat com.epam.jdi.bdd.JDISteps.inputText(JDISteps.java:93)\n\tat java.base/jdk.internal.reflect.NativeMethodAccessorImpl.invoke0(Native Method)\n\tat java.base/jdk.internal.reflect.NativeMethodAccessorImpl.invoke(NativeMethodAccessorImpl.java:62)\n\tat java.base/jdk.internal.reflect.DelegatingMethodAccessorImpl.invoke(DelegatingMethodAccessorImpl.java:43)\n\tat java.base/java.lang.reflect.Method.invoke(Method.java:564)\n\tat cucumber.runtime.Utils$1.call(Utils.java:40)\n\tat cucumber.runtime.Timeout.timeout(Timeout.java:16)\n\tat cucumber.runtime.Utils.invoke(Utils.java:34)\n\tat cucumber.runtime.java.JavaStepDefinition.execute(JavaStepDefinition.java:38)\n\tat cucumber.runtime.StepDefinitionMatch.runStep(StepDefinitionMatch.java:37)\n\tat cucumber.runtime.Runtime.runStep(Runtime.java:300)\n\tat cucumber.runtime.model.StepContainer.runStep(StepContainer.java:44)\n\tat cucumber.runtime.model.StepContainer.runSteps(StepContainer.java:39)\n\tat cucumber.runtime.model.CucumberScenario.run(CucumberScenario.java:44)\n\tat cucumber.runtime.junit.ExecutionUnitRunner.run(ExecutionUnitRunner.java:102)\n\tat cucumber.runtime.junit.FeatureRunner.runChild(FeatureRunner.java:63)\n\tat cucumber.runtime.junit.FeatureRunner.runChild(FeatureRunner.java:18)\n\tat org.junit.runners.ParentRunner$3.run(ParentRunner.java:290)\n\tat org.junit.runners.ParentRunner$1.schedule(ParentRunner.java:71)\n\tat org.junit.runners.ParentRunner.runChildren(ParentRunner.java:288)\n\tat org.junit.runners.ParentRunner.access$000(ParentRunner.java:58)\n\tat org.junit.runners.ParentRunner$2.evaluate(ParentRunner.java:268)\n\tat org.junit.runners.ParentRunner.run(ParentRunner.java:363)\n\tat cucumber.runtime.junit.FeatureRunner.run(FeatureRunner.java:70)\n\tat cucumber.api.junit.Cucumber.runChild(Cucumber.java:95)\n\tat cucumber.api.junit.Cucumber.runChild(Cucumber.java:38)\n\tat org.junit.runners.ParentRunner$3.run(ParentRunner.java:290)\n\tat org.junit.runners.ParentRunner$1.schedule(ParentRunner.java:71)\n\tat org.junit.runners.ParentRunner.runChildren(ParentRunner.java:288)\n\tat org.junit.runners.ParentRunner.access$000(ParentRunner.java:58)\n\tat org.junit.runners.ParentRunner$2.evaluate(ParentRunner.java:268)\n\tat org.junit.internal.runners.statements.RunBefores.evaluate(RunBefores.java:26)\n\tat org.junit.internal.runners.statements.RunAfters.evaluate(RunAfters.java:27)\n\tat org.junit.runners.ParentRunner.run(ParentRunner.java:363)\n\tat cucumber.api.junit.Cucumber.run(Cucumber.java:100)\n\tat org.apache.maven.surefire.junit4.JUnit4Provider.execute(JUnit4Provider.java:365)\n\tat org.apache.maven.surefire.junit4.JUnit4Provider.executeWithRerun(JUnit4Provider.java:273)\n\tat org.apache.maven.surefire.junit4.JUnit4Provider.executeTestSet(JUnit4Provider.java:238)\n\tat org.apache.maven.surefire.junit4.JUnit4Provider.invoke(JUnit4Provider.java:159)\n\tat org.apache.maven.surefire.booter.ForkedBooter.invokeProviderInSameClassLoader(ForkedBooter.java:384)\n\tat org.apache.maven.surefire.booter.ForkedBooter.runSuitesInProcess(ForkedBooter.java:345)\n\tat org.apache.maven.surefire.booter.ForkedBooter.execute(ForkedBooter.java:126)\n\tat org.apache.maven.surefire.booter.ForkedBooter.main(ForkedBooter.java:418)\nCaused by: java.lang.RuntimeException: java.lang.RuntimeException: \n\njava.lang.RuntimeException: java.lang.RuntimeException: \nSearch rules failed for element. Please check base().searchRules() for element or in global settings(JDISettings.ELEMENT.searchRule)\n\tat com.epam.jdi.tools.func.JAction2.execute(JAction2.java:21)\n\tat com.epam.jdi.light.elements.common.UIElement.input_aroundBody52(UIElement.java:303)\n\tat com.epam.jdi.light.elements.common.UIElement$AjcClosure53.run(UIElement.java:1)\n\tat org.aspectj.runtime.reflect.JoinPointImpl.proceed(JoinPointImpl.java:167)\n\tat com.epam.jdi.light.actions.ActionObject.execute(ActionObject.java:60)\n\tat com.epam.jdi.light.actions.ActionHelper.stableAction(ActionHelper.java:626)\n\t... 45 more\nCaused by: java.lang.RuntimeException: \n\njava.lang.RuntimeException: java.lang.RuntimeException: \nSearch rules failed for element. Please check base().searchRules() for element or in global settings(JDISettings.ELEMENT.searchRule)\n\tat com.epam.jdi.light.common.Exceptions.exception(Exceptions.java:16)\n\tat com.epam.jdi.light.actions.ActionProcessor.debugAround(ActionProcessor.java:73)\n\tat com.epam.jdi.light.elements.base.JDIBase.get(JDIBase.java:243)\n\tat com.epam.jdi.light.elements.common.UIElement.clear(UIElement.java:152)\n\tat com.epam.jdi.light.common.SetTextTypes.lambda$2(SetTextTypes.java:14)\n\tat com.epam.jdi.tools.func.JAction2.execute(JAction2.java:19)\n\t... 50 more\n",
    "steps" : [ {
      "name" : "Given  I'm on \"Html5 Page\" page",
      "time" : {
        "start" : 1630406293514,
        "stop" : 1630406293529,
        "duration" : 15
      },
      "status" : "passed",
      "steps" : [ {
        "name" : "''(url=https://jdi-testing.github.io/jdi-light/html5.html) should be opened",
        "time" : {
          "start" : 1630406293514,
          "stop" : 1630406293528,
          "duration" : 14
        },
        "status" : "passed",
        "steps" : [ {
          "name" : "''(url=https://jdi-testing.github.io/jdi-light/html5.html) should be opened",
          "time" : {
            "start" : 1630406293523,
            "stop" : 1630406293528,
            "duration" : 5
          },
          "status" : "passed",
          "steps" : [ ],
          "attachments" : [ ],
          "parameters" : [ ],
          "stepsCount" : 0,
          "attachmentsCount" : 0,
          "shouldDisplayMessage" : false,
          "hasContent" : false
        } ],
        "attachments" : [ {
          "uid" : "427f28b2ce99b21d",
          "name" : "Details",
          "source" : "427f28b2ce99b21d.html",
          "type" : "text/plain",
          "size" : 126
        } ],
        "parameters" : [ ],
        "stepsCount" : 1,
        "attachmentsCount" : 1,
        "shouldDisplayMessage" : false,
        "hasContent" : true
      } ],
      "attachments" : [ ],
      "parameters" : [ ],
      "stepsCount" : 2,
      "attachmentsCount" : 1,
      "shouldDisplayMessage" : false,
      "hasContent" : true
    }, {
      "name" : "When  I input \"simple 1234\" in \"Name\"",
      "time" : {
        "start" : 1630406293529
      },
      "status" : "unknown",
      "steps" : [ {
        "name" : "Input 'simple 1234' in '#name'",
        "time" : {
          "start" : 1630406293530,
          "stop" : 1630406304114,
          "duration" : 10584
        },
        "status" : "failed",
        "steps" : [ {
          "name" : "Show",
          "time" : {
            "start" : 1630406303585,
            "stop" : 1630406303707,
            "duration" : 122
          },
          "status" : "passed",
          "steps" : [ ],
          "attachments" : [ ],
          "parameters" : [ ],
          "stepsCount" : 0,
          "attachmentsCount" : 0,
          "shouldDisplayMessage" : false,
          "hasContent" : false
        }, {
          "name" : "Failure details",
          "time" : {
            "start" : 1630406304106,
            "stop" : 1630406304107,
            "duration" : 1
          },
          "status" : "unknown",
          "steps" : [ ],
          "attachments" : [ {
            "uid" : "bdc875b41d3c70d8",
            "name" : "Screenshot",
            "source" : "bdc875b41d3c70d8.png",
            "type" : "image/png",
            "size" : 123367
          } ],
          "parameters" : [ ],
          "stepsCount" : 0,
          "attachmentsCount" : 1,
          "shouldDisplayMessage" : false,
          "hasContent" : true
        } ],
        "attachments" : [ {
          "uid" : "adbccea6830e55e2",
          "name" : "Details",
          "source" : "adbccea6830e55e2.html",
          "type" : "text/plain",
          "size" : 19
        } ],
        "parameters" : [ ],
        "stepsCount" : 2,
        "attachmentsCount" : 2,
        "shouldDisplayMessage" : false,
        "hasContent" : true
      } ],
      "attachments" : [ ],
      "parameters" : [ ],
      "stepsCount" : 3,
      "attachmentsCount" : 2,
      "shouldDisplayMessage" : false,
      "hasContent" : true
    }, {
      "name" : "Then  the \"Name\" text matches to \"\\w{6} \\d{4}\"",
      "time" : {
        "start" : 1630406304114,
        "stop" : 1630406304114,
        "duration" : 0
      },
      "status" : "skipped",
      "steps" : [ ],
      "attachments" : [ ],
      "parameters" : [ ],
      "stepsCount" : 0,
      "attachmentsCount" : 0,
      "shouldDisplayMessage" : false,
      "hasContent" : false
    } ],
    "attachments" : [ ],
    "parameters" : [ ],
    "stepsCount" : 8,
    "attachmentsCount" : 3,
    "shouldDisplayMessage" : true,
    "hasContent" : true
  },
  "afterStages" : [ ],
  "labels" : [ {
    "name" : "feature",
    "value" : "TestsWithName"
  }, {
    "name" : "story",
    "value" : "input element"
  }, {
    "name" : "tag",
    "value" : "names"
  }, {
    "name" : "host",
    "value" : "fv-az120-662"
  }, {
    "name" : "thread",
    "value" : "4335@fv-az120-662.main(1)"
  }, {
    "name" : "package",
    "value" : "TestsWithName"
  }, {
    "name" : "suite",
    "value" : "TestsWithName"
  }, {
    "name" : "testClass",
    "value" : "input element"
  }, {
    "name" : "framework",
    "value" : "cucumberjvm"
  }, {
    "name" : "language",
    "value" : "java"
  }, {
    "name" : "resultFormat",
    "value" : "allure2"
  } ],
  "parameters" : [ ],
  "links" : [ ],
  "hidden" : false,
  "retry" : false,
  "extra" : {
    "severity" : "normal",
    "retries" : [ ],
    "categories" : [ {
      "name" : "Test defects",
      "matchedStatuses" : [ ],
      "flaky" : false
    } ],
    "history" : {
      "statistic" : {
        "failed" : 0,
        "broken" : 2,
        "skipped" : 0,
        "passed" : 0,
        "unknown" : 0,
        "total" : 2
      },
      "items" : [ {
        "uid" : "a0fd5650da28d5c9",
        "reportUrl" : "https://jdi-templates.github.io/jdi-light-bdd-template/3//#testresult/a0fd5650da28d5c9",
        "status" : "broken",
        "statusDetails" : "[30:39.322] Failed to execute 'UIElement.input' for element '#name' during '10' seconds.    \nSearch rules failed for element. Please check base().searchRules() for element or in global settings(JDISettings.ELEMENT.searchRule)",
        "time" : {
          "start" : 1630405828567,
          "stop" : 1630405839339,
          "duration" : 10772
        }
      } ]
    },
    "tags" : [ "names" ]
  },
  "source" : "e2839b7c221a5785.json",
  "parameterValues" : [ ]
}