{
  "uid" : "f12202f21021d0c2",
  "name" : "setText element",
  "fullName" : "TestsWithName: setText element",
  "historyId" : "c5ec2ececdc682f299d6952f586a766",
  "time" : {
    "start" : 1630407779028,
    "stop" : 1630407789509,
    "duration" : 10481
  },
  "status" : "broken",
  "statusMessage" : "[03:09.506] Failed to execute 'UIElement.input' for element '#name[placeholder='Input name']' during '10' seconds.    \nCan't find Element '#name[placeholder='Input name'] (css='#name[placeholder='Input name']')' during 10 seconds",
  "statusTrace" : "java.lang.RuntimeException: [03:09.506] Failed to execute 'UIElement.input' for element '#name[placeholder='Input name']' during '10' seconds.    \nCan't find Element '#name[placeholder='Input name'] (css='#name[placeholder='Input name']')' during 10 seconds\n\tat com.epam.jdi.light.common.Exceptions.exception(Exceptions.java:31)\n\tat com.epam.jdi.light.actions.ActionHelper.actionFailed(ActionHelper.java:383)\n\tat com.epam.jdi.tools.func.JFunc2.execute(JFunc2.java:19)\n\tat com.epam.jdi.light.actions.ActionProcessor.jdiAround(ActionProcessor.java:55)\n\tat com.epam.jdi.light.elements.common.UIElement.input(UIElement.java:302)\n\tat com.epam.jdi.bdd.JDISteps.inputText(JDISteps.java:93)\n\tat ✽.When input \"simple text\" in \"#name[placeholder='Input name']\"(features/TestsWithName.feature:70)\nCaused by: java.lang.RuntimeException: Failed to execute 'UIElement.input' for element '#name[placeholder='Input name']' during '10' seconds. java.lang.RuntimeException: \n\njava.lang.RuntimeException: java.lang.RuntimeException: \nCan't find Element '#name[placeholder='Input name'] (css='#name[placeholder='Input name']')' during 10 seconds\n\tat com.epam.jdi.light.common.Exceptions.exception(Exceptions.java:31)\n\tat com.epam.jdi.light.actions.ActionHelper.stableAction(ActionHelper.java:638)\n\tat com.epam.jdi.light.actions.ActionProcessor.jdiAround(ActionProcessor.java:48)\n\tat com.epam.jdi.light.elements.common.UIElement.input(UIElement.java:302)\n\tat com.epam.jdi.bdd.JDISteps.inputText(JDISteps.java:93)\n\tat java.base/jdk.internal.reflect.NativeMethodAccessorImpl.invoke0(Native Method)\n\tat java.base/jdk.internal.reflect.NativeMethodAccessorImpl.invoke(NativeMethodAccessorImpl.java:62)\n\tat java.base/jdk.internal.reflect.DelegatingMethodAccessorImpl.invoke(DelegatingMethodAccessorImpl.java:43)\n\tat java.base/java.lang.reflect.Method.invoke(Method.java:567)\n\tat cucumber.runtime.Utils$1.call(Utils.java:40)\n\tat cucumber.runtime.Timeout.timeout(Timeout.java:16)\n\tat cucumber.runtime.Utils.invoke(Utils.java:34)\n\tat cucumber.runtime.java.JavaStepDefinition.execute(JavaStepDefinition.java:38)\n\tat cucumber.runtime.StepDefinitionMatch.runStep(StepDefinitionMatch.java:37)\n\tat cucumber.runtime.Runtime.runStep(Runtime.java:300)\n\tat cucumber.runtime.model.StepContainer.runStep(StepContainer.java:44)\n\tat cucumber.runtime.model.StepContainer.runSteps(StepContainer.java:39)\n\tat cucumber.runtime.model.CucumberScenario.run(CucumberScenario.java:44)\n\tat cucumber.runtime.junit.ExecutionUnitRunner.run(ExecutionUnitRunner.java:102)\n\tat cucumber.runtime.junit.FeatureRunner.runChild(FeatureRunner.java:63)\n\tat cucumber.runtime.junit.FeatureRunner.runChild(FeatureRunner.java:18)\n\tat org.junit.runners.ParentRunner$3.run(ParentRunner.java:290)\n\tat org.junit.runners.ParentRunner$1.schedule(ParentRunner.java:71)\n\tat org.junit.runners.ParentRunner.runChildren(ParentRunner.java:288)\n\tat org.junit.runners.ParentRunner.access$000(ParentRunner.java:58)\n\tat org.junit.runners.ParentRunner$2.evaluate(ParentRunner.java:268)\n\tat org.junit.runners.ParentRunner.run(ParentRunner.java:363)\n\tat cucumber.runtime.junit.FeatureRunner.run(FeatureRunner.java:70)\n\tat cucumber.api.junit.Cucumber.runChild(Cucumber.java:95)\n\tat cucumber.api.junit.Cucumber.runChild(Cucumber.java:38)\n\tat org.junit.runners.ParentRunner$3.run(ParentRunner.java:290)\n\tat org.junit.runners.ParentRunner$1.schedule(ParentRunner.java:71)\n\tat org.junit.runners.ParentRunner.runChildren(ParentRunner.java:288)\n\tat org.junit.runners.ParentRunner.access$000(ParentRunner.java:58)\n\tat org.junit.runners.ParentRunner$2.evaluate(ParentRunner.java:268)\n\tat org.junit.internal.runners.statements.RunBefores.evaluate(RunBefores.java:26)\n\tat org.junit.internal.runners.statements.RunAfters.evaluate(RunAfters.java:27)\n\tat org.junit.runners.ParentRunner.run(ParentRunner.java:363)\n\tat cucumber.api.junit.Cucumber.run(Cucumber.java:100)\n\tat org.apache.maven.surefire.junit4.JUnit4Provider.execute(JUnit4Provider.java:365)\n\tat org.apache.maven.surefire.junit4.JUnit4Provider.executeWithRerun(JUnit4Provider.java:273)\n\tat org.apache.maven.surefire.junit4.JUnit4Provider.executeTestSet(JUnit4Provider.java:238)\n\tat org.apache.maven.surefire.junit4.JUnit4Provider.invoke(JUnit4Provider.java:159)\n\tat org.apache.maven.surefire.booter.ForkedBooter.invokeProviderInSameClassLoader(ForkedBooter.java:384)\n\tat org.apache.maven.surefire.booter.ForkedBooter.runSuitesInProcess(ForkedBooter.java:345)\n\tat org.apache.maven.surefire.booter.ForkedBooter.execute(ForkedBooter.java:126)\n\tat org.apache.maven.surefire.booter.ForkedBooter.main(ForkedBooter.java:418)\nCaused by: java.lang.RuntimeException: java.lang.RuntimeException: \n\njava.lang.RuntimeException: java.lang.RuntimeException: \nCan't find Element '#name[placeholder='Input name'] (css='#name[placeholder='Input name']')' during 10 seconds\n\tat com.epam.jdi.tools.func.JAction2.execute(JAction2.java:21)\n\tat com.epam.jdi.light.elements.common.UIElement.input_aroundBody52(UIElement.java:303)\n\tat com.epam.jdi.light.elements.common.UIElement$AjcClosure53.run(UIElement.java:1)\n\tat org.aspectj.runtime.reflect.JoinPointImpl.proceed(JoinPointImpl.java:167)\n\tat com.epam.jdi.light.actions.ActionObject.execute(ActionObject.java:60)\n\tat com.epam.jdi.light.actions.ActionHelper.stableAction(ActionHelper.java:626)\n\t... 45 more\nCaused by: java.lang.RuntimeException: \n\njava.lang.RuntimeException: java.lang.RuntimeException: \nCan't find Element '#name[placeholder='Input name'] (css='#name[placeholder='Input name']')' during 10 seconds\n\tat com.epam.jdi.light.common.Exceptions.exception(Exceptions.java:16)\n\tat com.epam.jdi.light.actions.ActionProcessor.debugAround(ActionProcessor.java:73)\n\tat com.epam.jdi.light.elements.base.JDIBase.get(JDIBase.java:243)\n\tat com.epam.jdi.light.elements.common.UIElement.clear(UIElement.java:152)\n\tat com.epam.jdi.light.common.SetTextTypes.lambda$2(SetTextTypes.java:14)\n\tat com.epam.jdi.tools.func.JAction2.execute(JAction2.java:19)\n\t... 50 more\n",
  "flaky" : false,
  "newFailed" : false,
  "beforeStages" : [ ],
  "testStage" : {
    "status" : "broken",
    "statusMessage" : "[03:09.506] Failed to execute 'UIElement.input' for element '#name[placeholder='Input name']' during '10' seconds.    \nCan't find Element '#name[placeholder='Input name'] (css='#name[placeholder='Input name']')' during 10 seconds",
    "statusTrace" : "java.lang.RuntimeException: [03:09.506] Failed to execute 'UIElement.input' for element '#name[placeholder='Input name']' during '10' seconds.    \nCan't find Element '#name[placeholder='Input name'] (css='#name[placeholder='Input name']')' during 10 seconds\n\tat com.epam.jdi.light.common.Exceptions.exception(Exceptions.java:31)\n\tat com.epam.jdi.light.actions.ActionHelper.actionFailed(ActionHelper.java:383)\n\tat com.epam.jdi.tools.func.JFunc2.execute(JFunc2.java:19)\n\tat com.epam.jdi.light.actions.ActionProcessor.jdiAround(ActionProcessor.java:55)\n\tat com.epam.jdi.light.elements.common.UIElement.input(UIElement.java:302)\n\tat com.epam.jdi.bdd.JDISteps.inputText(JDISteps.java:93)\n\tat ✽.When input \"simple text\" in \"#name[placeholder='Input name']\"(features/TestsWithName.feature:70)\nCaused by: java.lang.RuntimeException: Failed to execute 'UIElement.input' for element '#name[placeholder='Input name']' during '10' seconds. java.lang.RuntimeException: \n\njava.lang.RuntimeException: java.lang.RuntimeException: \nCan't find Element '#name[placeholder='Input name'] (css='#name[placeholder='Input name']')' during 10 seconds\n\tat com.epam.jdi.light.common.Exceptions.exception(Exceptions.java:31)\n\tat com.epam.jdi.light.actions.ActionHelper.stableAction(ActionHelper.java:638)\n\tat com.epam.jdi.light.actions.ActionProcessor.jdiAround(ActionProcessor.java:48)\n\tat com.epam.jdi.light.elements.common.UIElement.input(UIElement.java:302)\n\tat com.epam.jdi.bdd.JDISteps.inputText(JDISteps.java:93)\n\tat java.base/jdk.internal.reflect.NativeMethodAccessorImpl.invoke0(Native Method)\n\tat java.base/jdk.internal.reflect.NativeMethodAccessorImpl.invoke(NativeMethodAccessorImpl.java:62)\n\tat java.base/jdk.internal.reflect.DelegatingMethodAccessorImpl.invoke(DelegatingMethodAccessorImpl.java:43)\n\tat java.base/java.lang.reflect.Method.invoke(Method.java:567)\n\tat cucumber.runtime.Utils$1.call(Utils.java:40)\n\tat cucumber.runtime.Timeout.timeout(Timeout.java:16)\n\tat cucumber.runtime.Utils.invoke(Utils.java:34)\n\tat cucumber.runtime.java.JavaStepDefinition.execute(JavaStepDefinition.java:38)\n\tat cucumber.runtime.StepDefinitionMatch.runStep(StepDefinitionMatch.java:37)\n\tat cucumber.runtime.Runtime.runStep(Runtime.java:300)\n\tat cucumber.runtime.model.StepContainer.runStep(StepContainer.java:44)\n\tat cucumber.runtime.model.StepContainer.runSteps(StepContainer.java:39)\n\tat cucumber.runtime.model.CucumberScenario.run(CucumberScenario.java:44)\n\tat cucumber.runtime.junit.ExecutionUnitRunner.run(ExecutionUnitRunner.java:102)\n\tat cucumber.runtime.junit.FeatureRunner.runChild(FeatureRunner.java:63)\n\tat cucumber.runtime.junit.FeatureRunner.runChild(FeatureRunner.java:18)\n\tat org.junit.runners.ParentRunner$3.run(ParentRunner.java:290)\n\tat org.junit.runners.ParentRunner$1.schedule(ParentRunner.java:71)\n\tat org.junit.runners.ParentRunner.runChildren(ParentRunner.java:288)\n\tat org.junit.runners.ParentRunner.access$000(ParentRunner.java:58)\n\tat org.junit.runners.ParentRunner$2.evaluate(ParentRunner.java:268)\n\tat org.junit.runners.ParentRunner.run(ParentRunner.java:363)\n\tat cucumber.runtime.junit.FeatureRunner.run(FeatureRunner.java:70)\n\tat cucumber.api.junit.Cucumber.runChild(Cucumber.java:95)\n\tat cucumber.api.junit.Cucumber.runChild(Cucumber.java:38)\n\tat org.junit.runners.ParentRunner$3.run(ParentRunner.java:290)\n\tat org.junit.runners.ParentRunner$1.schedule(ParentRunner.java:71)\n\tat org.junit.runners.ParentRunner.runChildren(ParentRunner.java:288)\n\tat org.junit.runners.ParentRunner.access$000(ParentRunner.java:58)\n\tat org.junit.runners.ParentRunner$2.evaluate(ParentRunner.java:268)\n\tat org.junit.internal.runners.statements.RunBefores.evaluate(RunBefores.java:26)\n\tat org.junit.internal.runners.statements.RunAfters.evaluate(RunAfters.java:27)\n\tat org.junit.runners.ParentRunner.run(ParentRunner.java:363)\n\tat cucumber.api.junit.Cucumber.run(Cucumber.java:100)\n\tat org.apache.maven.surefire.junit4.JUnit4Provider.execute(JUnit4Provider.java:365)\n\tat org.apache.maven.surefire.junit4.JUnit4Provider.executeWithRerun(JUnit4Provider.java:273)\n\tat org.apache.maven.surefire.junit4.JUnit4Provider.executeTestSet(JUnit4Provider.java:238)\n\tat org.apache.maven.surefire.junit4.JUnit4Provider.invoke(JUnit4Provider.java:159)\n\tat org.apache.maven.surefire.booter.ForkedBooter.invokeProviderInSameClassLoader(ForkedBooter.java:384)\n\tat org.apache.maven.surefire.booter.ForkedBooter.runSuitesInProcess(ForkedBooter.java:345)\n\tat org.apache.maven.surefire.booter.ForkedBooter.execute(ForkedBooter.java:126)\n\tat org.apache.maven.surefire.booter.ForkedBooter.main(ForkedBooter.java:418)\nCaused by: java.lang.RuntimeException: java.lang.RuntimeException: \n\njava.lang.RuntimeException: java.lang.RuntimeException: \nCan't find Element '#name[placeholder='Input name'] (css='#name[placeholder='Input name']')' during 10 seconds\n\tat com.epam.jdi.tools.func.JAction2.execute(JAction2.java:21)\n\tat com.epam.jdi.light.elements.common.UIElement.input_aroundBody52(UIElement.java:303)\n\tat com.epam.jdi.light.elements.common.UIElement$AjcClosure53.run(UIElement.java:1)\n\tat org.aspectj.runtime.reflect.JoinPointImpl.proceed(JoinPointImpl.java:167)\n\tat com.epam.jdi.light.actions.ActionObject.execute(ActionObject.java:60)\n\tat com.epam.jdi.light.actions.ActionHelper.stableAction(ActionHelper.java:626)\n\t... 45 more\nCaused by: java.lang.RuntimeException: \n\njava.lang.RuntimeException: java.lang.RuntimeException: \nCan't find Element '#name[placeholder='Input name'] (css='#name[placeholder='Input name']')' during 10 seconds\n\tat com.epam.jdi.light.common.Exceptions.exception(Exceptions.java:16)\n\tat com.epam.jdi.light.actions.ActionProcessor.debugAround(ActionProcessor.java:73)\n\tat com.epam.jdi.light.elements.base.JDIBase.get(JDIBase.java:243)\n\tat com.epam.jdi.light.elements.common.UIElement.clear(UIElement.java:152)\n\tat com.epam.jdi.light.common.SetTextTypes.lambda$2(SetTextTypes.java:14)\n\tat com.epam.jdi.tools.func.JAction2.execute(JAction2.java:19)\n\t... 50 more\n",
    "steps" : [ {
      "name" : "Given  I'm on \"Html5 Page\" page",
      "time" : {
        "start" : 1630407779028,
        "stop" : 1630407779036,
        "duration" : 8
      },
      "status" : "passed",
      "steps" : [ {
        "name" : "''(url=https://jdi-testing.github.io/jdi-light/html5.html) should be opened",
        "time" : {
          "start" : 1630407779028,
          "stop" : 1630407779036,
          "duration" : 8
        },
        "status" : "passed",
        "steps" : [ {
          "name" : "''(url=https://jdi-testing.github.io/jdi-light/html5.html) should be opened",
          "time" : {
            "start" : 1630407779032,
            "stop" : 1630407779036,
            "duration" : 4
          },
          "status" : "passed",
          "steps" : [ ],
          "attachments" : [ ],
          "parameters" : [ ],
          "shouldDisplayMessage" : false,
          "hasContent" : false,
          "stepsCount" : 0,
          "attachmentsCount" : 0
        } ],
        "attachments" : [ {
          "uid" : "8d6f41d5e8769b41",
          "name" : "Details",
          "source" : "8d6f41d5e8769b41.html",
          "type" : "text/plain",
          "size" : 126
        } ],
        "parameters" : [ ],
        "shouldDisplayMessage" : false,
        "hasContent" : true,
        "stepsCount" : 1,
        "attachmentsCount" : 1
      } ],
      "attachments" : [ ],
      "parameters" : [ ],
      "shouldDisplayMessage" : false,
      "hasContent" : true,
      "stepsCount" : 2,
      "attachmentsCount" : 1
    }, {
      "name" : "When  input \"simple text\" in \"#name[placeholder='Input name']\"",
      "time" : {
        "start" : 1630407779036
      },
      "status" : "unknown",
      "steps" : [ {
        "name" : "Input 'simple text' in '#name[placeholder='Input name']'",
        "time" : {
          "start" : 1630407779037,
          "stop" : 1630407789508,
          "duration" : 10471
        },
        "status" : "failed",
        "steps" : [ {
          "name" : "Show",
          "time" : {
            "start" : 1630407789079,
            "stop" : 1630407789095,
            "duration" : 16
          },
          "status" : "passed",
          "steps" : [ ],
          "attachments" : [ ],
          "parameters" : [ ],
          "shouldDisplayMessage" : false,
          "hasContent" : false,
          "stepsCount" : 0,
          "attachmentsCount" : 0
        }, {
          "name" : "Failure details",
          "time" : {
            "start" : 1630407789501,
            "stop" : 1630407789501,
            "duration" : 0
          },
          "status" : "unknown",
          "steps" : [ ],
          "attachments" : [ {
            "uid" : "25b787c6234ab9d1",
            "name" : "Screenshot",
            "source" : "25b787c6234ab9d1.png",
            "type" : "image/png",
            "size" : 136151
          } ],
          "parameters" : [ ],
          "shouldDisplayMessage" : false,
          "hasContent" : true,
          "stepsCount" : 0,
          "attachmentsCount" : 1
        } ],
        "attachments" : [ {
          "uid" : "af6773de4c57a97a",
          "name" : "Details",
          "source" : "af6773de4c57a97a.html",
          "type" : "text/plain",
          "size" : 71
        } ],
        "parameters" : [ ],
        "shouldDisplayMessage" : false,
        "hasContent" : true,
        "stepsCount" : 2,
        "attachmentsCount" : 2
      } ],
      "attachments" : [ ],
      "parameters" : [ ],
      "shouldDisplayMessage" : false,
      "hasContent" : true,
      "stepsCount" : 3,
      "attachmentsCount" : 2
    }, {
      "name" : "Then  the \"Name\" text equals to \"simple text\"",
      "time" : {
        "start" : 1630407789508,
        "stop" : 1630407789508,
        "duration" : 0
      },
      "status" : "skipped",
      "steps" : [ ],
      "attachments" : [ ],
      "parameters" : [ ],
      "shouldDisplayMessage" : false,
      "hasContent" : false,
      "stepsCount" : 0,
      "attachmentsCount" : 0
    }, {
      "name" : "When  set text \"Input text\" in \"Name\"",
      "time" : {
        "start" : 1630407789508,
        "stop" : 1630407789508,
        "duration" : 0
      },
      "status" : "skipped",
      "steps" : [ ],
      "attachments" : [ ],
      "parameters" : [ ],
      "shouldDisplayMessage" : false,
      "hasContent" : false,
      "stepsCount" : 0,
      "attachmentsCount" : 0
    }, {
      "name" : "Then  the \"Name\" text equals to \"Input text\"",
      "time" : {
        "start" : 1630407789509,
        "stop" : 1630407789509,
        "duration" : 0
      },
      "status" : "skipped",
      "steps" : [ ],
      "attachments" : [ ],
      "parameters" : [ ],
      "shouldDisplayMessage" : false,
      "hasContent" : false,
      "stepsCount" : 0,
      "attachmentsCount" : 0
    } ],
    "attachments" : [ ],
    "parameters" : [ ],
    "shouldDisplayMessage" : true,
    "hasContent" : true,
    "stepsCount" : 10,
    "attachmentsCount" : 3
  },
  "afterStages" : [ ],
  "labels" : [ {
    "name" : "feature",
    "value" : "TestsWithName"
  }, {
    "name" : "story",
    "value" : "setText element"
  }, {
    "name" : "tag",
    "value" : "names"
  }, {
    "name" : "host",
    "value" : "fv-az174-74"
  }, {
    "name" : "thread",
    "value" : "4366@fv-az174-74.main(1)"
  }, {
    "name" : "package",
    "value" : "TestsWithName"
  }, {
    "name" : "suite",
    "value" : "TestsWithName"
  }, {
    "name" : "testClass",
    "value" : "setText element"
  }, {
    "name" : "framework",
    "value" : "cucumberjvm"
  }, {
    "name" : "language",
    "value" : "java"
  }, {
    "name" : "resultFormat",
    "value" : "allure2"
  } ],
  "parameters" : [ ],
  "links" : [ ],
  "hidden" : false,
  "retry" : false,
  "extra" : {
    "severity" : "normal",
    "retries" : [ ],
    "categories" : [ {
      "name" : "Test defects",
      "matchedStatuses" : [ ],
      "flaky" : false
    } ],
    "history" : {
      "statistic" : {
        "failed" : 0,
        "broken" : 5,
        "skipped" : 0,
        "passed" : 0,
        "unknown" : 0,
        "total" : 5
      },
      "items" : [ {
        "uid" : "40a9e7e450db4079",
        "reportUrl" : "https://jdi-templates.github.io/jdi-light-bdd-template/3//#testresult/40a9e7e450db4079",
        "status" : "broken",
        "statusDetails" : "[55:11.752] Failed to execute 'UIElement.input' for element '#name[placeholder='Input name']' during '10' seconds.    \nCan't find Element '#name[placeholder='Input name'] (css='#name[placeholder='Input name']')' during 10 seconds",
        "time" : {
          "start" : 1630407301248,
          "stop" : 1630407311770,
          "duration" : 10522
        }
      }, {
        "uid" : "38ccdfdfde1bc177",
        "reportUrl" : "https://jdi-templates.github.io/jdi-light-bdd-template/3//#testresult/38ccdfdfde1bc177",
        "status" : "broken",
        "statusDetails" : "[47:17.463] Failed to execute 'UIElement.input' for element '#name[placeholder='Input name']' during '10' seconds.    \nCan't find Element '#name[placeholder='Input name'] (css='#name[placeholder='Input name']')' during 10 seconds",
        "time" : {
          "start" : 1630406827009,
          "stop" : 1630406837477,
          "duration" : 10468
        }
      }, {
        "uid" : "7b71c1e63085d3a7",
        "reportUrl" : "https://jdi-templates.github.io/jdi-light-bdd-template/3//#testresult/7b71c1e63085d3a7",
        "status" : "broken",
        "statusDetails" : "[39:39.892] Failed to execute 'UIElement.input' for element '#name[placeholder='Input name']' during '10' seconds.    \nCan't find Element '#name[placeholder='Input name'] (css='#name[placeholder='Input name']')' during 10 seconds",
        "time" : {
          "start" : 1630406369439,
          "stop" : 1630406379895,
          "duration" : 10456
        }
      }, {
        "uid" : "3849fd077f173b79",
        "reportUrl" : "https://jdi-templates.github.io/jdi-light-bdd-template/3//#testresult/3849fd077f173b79",
        "status" : "broken",
        "statusDetails" : "[31:55.23] Failed to execute 'UIElement.input' for element '#name[placeholder='Input name']' during '10' seconds.    \nCan't find Element '#name[placeholder='Input name'] (css='#name[placeholder='Input name']')' during 10 seconds",
        "time" : {
          "start" : 1630405904397,
          "stop" : 1630405915025,
          "duration" : 10628
        }
      } ]
    },
    "tags" : [ "names" ]
  },
  "source" : "f12202f21021d0c2.json",
  "parameterValues" : [ ]
}